Log file open, 07/26/18 13:50:58
LogWindows: Failed to load 'aqProf.dll' (GetLastError=126)
LogWindows: File 'aqProf.dll' does not exist
LogWindows: Failed to load 'VSPerf140.dll' (GetLastError=126)
LogWindows: File 'VSPerf140.dll' does not exist
LogWindows: Failed to load 'VtuneApi.dll' (GetLastError=126)
LogWindows: File 'VtuneApi.dll' does not exist
LogWindows: Failed to load 'VtuneApi32e.dll' (GetLastError=126)
LogWindows: File 'VtuneApi32e.dll' does not exist
LogInit: Display: Running engine for game: BattleRoyal
LogPlatformFile: Not using cached read wrapper
LogInit: Display: RandInit(-185861134) SRandInit(-185861134).
LogInit: Read version file with build ID '3709383'
LogInit: Overriding engine version to CL 3832480, compatible CL 3709383
LogInit: Registered custom module enumerator with build ID '3709383'
LogTaskGraph: Started task graph with 5 named threads and 14 total threads with 3 sets of task threads.
LogStats: Stats thread started at 0.158454
LogD3D11RHI: Aftermath initialized
LogPluginManager: Mounting plugin Paper2D
LogPluginManager: Mounting plugin LightPropagationVolume
LogPluginManager: Mounting plugin CodeLiteSourceCodeAccess
LogPluginManager: Mounting plugin GitSourceControl
LogPluginManager: Mounting plugin KDevelopSourceCodeAccess
LogPluginManager: Mounting plugin NullSourceCodeAccess
LogPluginManager: Mounting plugin PerforceSourceControl
LogPluginManager: Mounting plugin SubversionSourceControl
LogPluginManager: Mounting plugin UObjectPlugin
LogPluginManager: Mounting plugin VisualStudioCodeSourceCodeAccess
LogPluginManager: Mounting plugin VisualStudioSourceCodeAccess
LogPluginManager: Mounting plugin XCodeSourceCodeAccess
LogPluginManager: Mounting plugin AssetManagerEditor
LogPluginManager: Mounting plugin AudioCapture
LogPluginManager: Mounting plugin FacialAnimation
LogPluginManager: Mounting plugin GameplayTagsEditor
LogPluginManager: Mounting plugin MobileLauncherProfileWizard
LogPluginManager: Mounting plugin PluginBrowser
LogPluginManager: Mounting plugin SpeedTreeImporter
LogPluginManager: Mounting plugin AlembicImporter
LogPluginManager: Mounting plugin CharacterAI
LogPluginManager: Mounting plugin HTML5Networking
LogPluginManager: Mounting plugin AndroidMedia
LogPluginManager: Mounting plugin AvfMedia
LogPluginManager: Mounting plugin ImgMedia
LogPluginManager: Mounting plugin MediaCompositing
LogPluginManager: Mounting plugin MediaPlayerEditor
LogPluginManager: Mounting plugin WmfMedia
LogPluginManager: Mounting plugin TcpMessaging
LogPluginManager: Mounting plugin UdpMessaging
LogPluginManager: Mounting plugin ActorSequence
LogPluginManager: Mounting plugin LevelSequenceEditor
LogPluginManager: Mounting plugin MatineeToLevelSequence
LogPluginManager: Mounting plugin OnlineSubsystemGooglePlay
LogPluginManager: Mounting plugin OnlineSubsystemIOS
LogPluginManager: Mounting plugin OnlineSubsystem
LogPluginManager: Mounting plugin OnlineSubsystemNull
LogPluginManager: Mounting plugin OnlineSubsystemUtils
LogPluginManager: Mounting plugin AndroidDeviceProfileSelector
LogPluginManager: Mounting plugin AndroidMoviePlayer
LogPluginManager: Mounting plugin AndroidPermission
LogPluginManager: Mounting plugin AppleARKit
LogPluginManager: Mounting plugin AppleMoviePlayer
LogPluginManager: Mounting plugin ArchVisCharacter
LogPluginManager: Mounting plugin CableComponent
LogPluginManager: Mounting plugin CustomMeshComponent
LogPluginManager: Mounting plugin ExampleDeviceProfileSelector
LogPluginManager: Mounting plugin GoogleCloudMessaging
LogPluginManager: Mounting plugin ImmediatePhysics
LogPluginManager: Mounting plugin IOSDeviceProfileSelector
LogPluginManager: Mounting plugin LinuxDeviceProfileSelector
LogPluginManager: Mounting plugin LocationServicesBPLibrary
LogPluginManager: Mounting plugin MobilePatchingUtils
LogPluginManager: Mounting plugin OculusVR
LogPluginManager: Plugin shader directory ../../../Engine/Plugins/Runtime/Oculus/OculusVR/Shaders found
LogPluginManager: Mapping shader source directory ../../../Engine/Plugins/Runtime/Oculus/OculusVR/Shaders to virtual directory /Plugin/OculusVR
LogPluginManager: Mounting plugin PhysXVehicles
LogPluginManager: Mounting plugin ProceduralMeshComponent
LogPluginManager: Mounting plugin RuntimePhysXCooking
LogPluginManager: Mounting plugin SteamVR
LogPluginManager: Mounting plugin WindowsMoviePlayer
LogModuleManager: Display: Found up-to-date module file ../../../../../../GitHub/AloneDevBR/BattleRoyal/Binaries/Win64/UE4Editor-BattleRoyal.dll (API version 3709383).
LogModuleManager: Display: Found up-to-date module file ../../../Engine/Plugins/2D/Paper2D/Binaries/Win64/UE4Editor-Paper2D.dll (API version 3709383).
LogModuleManager: Display: Found up-to-date module file ../../../Engine/Plugins/2D/Paper2D/Binaries/Win64/UE4Editor-Paper2DEditor.dll (API version 3709383).
LogModuleManager: Display: Found up-to-date module file ../../../Engine/Plugins/2D/Paper2D/Binaries/Win64/UE4Editor-PaperSpriteSheetImporter.dll (API version 3709383).
LogModuleManager: Display: Found up-to-date module file ../../../Engine/Plugins/2D/Paper2D/Binaries/Win64/UE4Editor-PaperTiledImporter.dll (API version 3709383).
LogModuleManager: Display: Found up-to-date module file ../../../Engine/Plugins/2D/Paper2D/Binaries/Win64/UE4Editor-SmartSnapping.dll (API version 3709383).
LogModuleManager: Display: Found up-to-date module file ../../../Engine/Plugins/Blendables/LightPropagationVolume/Binaries/Win64/UE4Editor-LightPropagationVolumeRuntime.dll (API version 3709383).
LogModuleManager: Display: Found up-to-date module file ../../../Engine/Plugins/Blendables/LightPropagationVolume/Binaries/Win64/UE4Editor-LightPropagationVolumeEditor.dll (API version 3709383).
LogModuleManager: Display: Found up-to-date module file ../../../Engine/Plugins/Developer/GitSourceControl/Binaries/Win64/UE4Editor-GitSourceControl.dll (API version 3709383).
LogModuleManager: Display: Found up-to-date module file ../../../Engine/Plugins/Developer/PerforceSourceControl/Binaries/Win64/UE4Editor-PerforceSourceControl.dll (API version 3709383).
LogModuleManager: Display: Found up-to-date module file ../../../Engine/Plugins/Developer/SubversionSourceControl/Binaries/Win64/UE4Editor-SubversionSourceControl.dll (API version 3709383).
LogModuleManager: Display: Found up-to-date module file ../../../Engine/Plugins/Developer/UObjectPlugin/Binaries/Win64/UE4Editor-UObjectPlugin.dll (API version 3709383).
LogModuleManager: Display: Found up-to-date module file ../../../Engine/Plugins/Developer/VisualStudioCodeSourceCodeAccess/Binaries/Win64/UE4Editor-VisualStudioCodeSourceCodeAccess.dll (API version 3709383).
LogModuleManager: Display: Found up-to-date module file ../../../Engine/Plugins/Developer/VisualStudioSourceCodeAccess/Binaries/Win64/UE4Editor-VisualStudioSourceCodeAccess.dll (API version 3709383).
LogModuleManager: Display: Found up-to-date module file ../../../Engine/Plugins/Editor/AssetManagerEditor/Binaries/Win64/UE4Editor-AssetManagerEditor.dll (API version 3709383).
LogModuleManager: Display: Found up-to-date module file ../../../Engine/Plugins/Editor/AudioCapture/Binaries/Win64/UE4Editor-AudioCapture.dll (API version 3709383).
LogModuleManager: Display: Found up-to-date module file ../../../Engine/Plugins/Editor/FacialAnimation/Binaries/Win64/UE4Editor-FacialAnimation.dll (API version 3709383).
LogModuleManager: Display: Found up-to-date module file ../../../Engine/Plugins/Editor/FacialAnimation/Binaries/Win64/UE4Editor-FacialAnimationEditor.dll (API version 3709383).
LogModuleManager: Display: Found up-to-date module file ../../../Engine/Plugins/Editor/GameplayTagsEditor/Binaries/Win64/UE4Editor-GameplayTagsEditor.dll (API version 3709383).
LogModuleManager: Display: Found up-to-date module file ../../../Engine/Plugins/Editor/MobileLauncherProfileWizard/Binaries/Win64/UE4Editor-MobileLauncherProfileWizard.dll (API version 3709383).
LogModuleManager: Display: Found up-to-date module file ../../../Engine/Plugins/Editor/PluginBrowser/Binaries/Win64/UE4Editor-PluginBrowser.dll (API version 3709383).
LogModuleManager: Display: Found up-to-date module file ../../../Engine/Plugins/Editor/SpeedTreeImporter/Binaries/Win64/UE4Editor-SpeedTreeImporter.dll (API version 3709383).
LogModuleManager: Display: Found up-to-date module file ../../../Engine/Plugins/Experimental/AlembicImporter/Binaries/Win64/UE4Editor-AlembicImporter.dll (API version 3709383).
LogModuleManager: Display: Found up-to-date module file ../../../Engine/Plugins/Experimental/AlembicImporter/Binaries/Win64/UE4Editor-AlembicLibrary.dll (API version 3709383).
LogModuleManager: Display: Found up-to-date module file ../../../Engine/Plugins/Experimental/CharacterAI/Binaries/Win64/UE4Editor-CharacterAI.dll (API version 3709383).
LogModuleManager: Display: Found up-to-date module file ../../../Engine/Plugins/Experimental/HTML5Networking/Binaries/Win64/UE4Editor-HTML5Networking.dll (API version 3709383).
LogModuleManager: Display: Found up-to-date module file ../../../Engine/Plugins/Media/AndroidMedia/Binaries/Win64/UE4Editor-AndroidMediaEditor.dll (API version 3709383).
LogModuleManager: Display: Found up-to-date module file ../../../Engine/Plugins/Media/AndroidMedia/Binaries/Win64/UE4Editor-AndroidMediaFactory.dll (API version 3709383).
LogModuleManager: Display: Found up-to-date module file ../../../Engine/Plugins/Media/AvfMedia/Binaries/Win64/UE4Editor-AvfMediaEditor.dll (API version 3709383).
LogModuleManager: Display: Found up-to-date module file ../../../Engine/Plugins/Media/AvfMedia/Binaries/Win64/UE4Editor-AvfMediaFactory.dll (API version 3709383).
LogModuleManager: Display: Found up-to-date module file ../../../Engine/Plugins/Media/AvfMedia/Binaries/Win64/UE4Editor-AvfMediaFactory.dll (API version 3709383).
LogModuleManager: Display: Found up-to-date module file ../../../Engine/Plugins/Media/ImgMedia/Binaries/Win64/UE4Editor-ImgMedia.dll (API version 3709383).
LogModuleManager: Display: Found up-to-date module file ../../../Engine/Plugins/Media/ImgMedia/Binaries/Win64/UE4Editor-ImgMediaEditor.dll (API version 3709383).
LogModuleManager: Display: Found up-to-date module file ../../../Engine/Plugins/Media/ImgMedia/Binaries/Win64/UE4Editor-ImgMediaFactory.dll (API version 3709383).
LogModuleManager: Display: Found up-to-date module file ../../../Engine/Plugins/Media/ImgMedia/Binaries/Win64/UE4Editor-ImgMediaFactory.dll (API version 3709383).
LogModuleManager: Display: Found up-to-date module file ../../../Engine/Plugins/Media/ImgMedia/Binaries/Win64/UE4Editor-OpenExrWrapper.dll (API version 3709383).
LogModuleManager: Display: Found up-to-date module file ../../../Engine/Plugins/Media/MediaCompositing/Binaries/Win64/UE4Editor-MediaCompositing.dll (API version 3709383).
LogModuleManager: Display: Found up-to-date module file ../../../Engine/Plugins/Media/MediaCompositing/Binaries/Win64/UE4Editor-MediaCompositingEditor.dll (API version 3709383).
LogModuleManager: Display: Found up-to-date module file ../../../Engine/Plugins/Media/MediaPlayerEditor/Binaries/Win64/UE4Editor-MediaPlayerEditor.dll (API version 3709383).
LogModuleManager: Display: Found up-to-date module file ../../../Engine/Plugins/Media/WmfMedia/Binaries/Win64/UE4Editor-WmfMedia.dll (API version 3709383).
LogModuleManager: Display: Found up-to-date module file ../../../Engine/Plugins/Media/WmfMedia/Binaries/Win64/UE4Editor-WmfMediaEditor.dll (API version 3709383).
LogModuleManager: Display: Found up-to-date module file ../../../Engine/Plugins/Media/WmfMedia/Binaries/Win64/UE4Editor-WmfMediaFactory.dll (API version 3709383).
LogModuleManager: Display: Found up-to-date module file ../../../Engine/Plugins/Media/WmfMedia/Binaries/Win64/UE4Editor-WmfMediaFactory.dll (API version 3709383).
LogModuleManager: Display: Found up-to-date module file ../../../Engine/Plugins/Messaging/TcpMessaging/Binaries/Win64/UE4Editor-TcpMessaging.dll (API version 3709383).
LogModuleManager: Display: Found up-to-date module file ../../../Engine/Plugins/Messaging/UdpMessaging/Binaries/Win64/UE4Editor-UdpMessaging.dll (API version 3709383).
LogModuleManager: Display: Found up-to-date module file ../../../Engine/Plugins/MovieScene/ActorSequence/Binaries/Win64/UE4Editor-ActorSequence.dll (API version 3709383).
LogModuleManager: Display: Found up-to-date module file ../../../Engine/Plugins/MovieScene/LevelSequenceEditor/Binaries/Win64/UE4Editor-LevelSequenceEditor.dll (API version 3709383).
LogModuleManager: Display: Found up-to-date module file ../../../Engine/Plugins/MovieScene/MatineeToLevelSequence/Binaries/Win64/UE4Editor-MatineeToLevelSequence.dll (API version 3709383).
LogModuleManager: Display: Found up-to-date module file ../../../Engine/Plugins/Online/OnlineSubsystem/Binaries/Win64/UE4Editor-OnlineSubsystem.dll (API version 3709383).
LogModuleManager: Display: Found up-to-date module file ../../../Engine/Plugins/Online/OnlineSubsystemNull/Binaries/Win64/UE4Editor-OnlineSubsystemNull.dll (API version 3709383).
LogModuleManager: Display: Found up-to-date module file ../../../Engine/Plugins/Online/OnlineSubsystemUtils/Binaries/Win64/UE4Editor-OnlineSubsystemUtils.dll (API version 3709383).
LogModuleManager: Display: Found up-to-date module file ../../../Engine/Plugins/Online/OnlineSubsystemUtils/Binaries/Win64/UE4Editor-OnlineBlueprintSupport.dll (API version 3709383).
LogModuleManager: Display: Found up-to-date module file ../../../Engine/Plugins/Runtime/AndroidDeviceProfileSelector/Binaries/Win64/UE4Editor-AndroidDeviceProfileSelector.dll (API version 3709383).
LogModuleManager: Display: Found up-to-date module file ../../../Engine/Plugins/Runtime/AndroidPermission/Binaries/Win64/UE4Editor-AndroidPermission.dll (API version 3709383).
LogModuleManager: Display: Found up-to-date module file ../../../Engine/Plugins/Runtime/AppleARKit/Binaries/Win64/UE4Editor-AppleARKit.dll (API version 3709383).
LogModuleManager: Display: Found up-to-date module file ../../../Engine/Plugins/Runtime/ArchVisCharacter/Binaries/Win64/UE4Editor-ArchVisCharacter.dll (API version 3709383).
LogModuleManager: Display: Found up-to-date module file ../../../Engine/Plugins/Runtime/CableComponent/Binaries/Win64/UE4Editor-CableComponent.dll (API version 3709383).
LogModuleManager: Display: Found up-to-date module file ../../../Engine/Plugins/Runtime/CustomMeshComponent/Binaries/Win64/UE4Editor-CustomMeshComponent.dll (API version 3709383).
LogModuleManager: Display: Found up-to-date module file ../../../Engine/Plugins/Runtime/ExampleDeviceProfileSelector/Binaries/Win64/UE4Editor-ExampleDeviceProfileSelector.dll (API version 3709383).
LogModuleManager: Display: Found up-to-date module file ../../../Engine/Plugins/Runtime/ImmediatePhysics/Binaries/Win64/UE4Editor-ImmediatePhysics.dll (API version 3709383).
LogModuleManager: Display: Found up-to-date module file ../../../Engine/Plugins/Runtime/ImmediatePhysics/Binaries/Win64/UE4Editor-ImmediatePhysicsEditor.dll (API version 3709383).
LogModuleManager: Display: Found up-to-date module file ../../../Engine/Plugins/Runtime/LocationServicesBPLibrary/Binaries/Win64/UE4Editor-LocationServicesBPLibrary.dll (API version 3709383).
LogModuleManager: Display: Found up-to-date module file ../../../Engine/Plugins/Runtime/MobilePatchingUtils/Binaries/Win64/UE4Editor-MobilePatchingUtils.dll (API version 3709383).
LogModuleManager: Display: Found up-to-date module file ../../../Engine/Plugins/Runtime/Oculus/OculusVR/Binaries/Win64/UE4Editor-OculusHMD.dll (API version 3709383).
LogModuleManager: Display: Found up-to-date module file ../../../Engine/Plugins/Runtime/Oculus/OculusVR/Binaries/Win64/UE4Editor-OculusInput.dll (API version 3709383).
LogModuleManager: Display: Found up-to-date module file ../../../Engine/Plugins/Runtime/Oculus/OculusVR/Binaries/Win64/UE4Editor-OculusEditor.dll (API version 3709383).
LogModuleManager: Display: Found up-to-date module file ../../../Engine/Plugins/Runtime/PhysXVehicles/Binaries/Win64/UE4Editor-PhysXVehicles.dll (API version 3709383).
LogModuleManager: Display: Found up-to-date module file ../../../Engine/Plugins/Runtime/PhysXVehicles/Binaries/Win64/UE4Editor-PhysXVehiclesEditor.dll (API version 3709383).
LogModuleManager: Display: Found up-to-date module file ../../../Engine/Plugins/Runtime/ProceduralMeshComponent/Binaries/Win64/UE4Editor-ProceduralMeshComponent.dll (API version 3709383).
LogModuleManager: Display: Found up-to-date module file ../../../Engine/Plugins/Runtime/ProceduralMeshComponent/Binaries/Win64/UE4Editor-ProceduralMeshComponentEditor.dll (API version 3709383).
LogModuleManager: Display: Found up-to-date module file ../../../Engine/Plugins/Runtime/RuntimePhysXCooking/Binaries/Win64/UE4Editor-RuntimePhysXCooking.dll (API version 3709383).
LogModuleManager: Display: Found up-to-date module file ../../../Engine/Plugins/Runtime/Steam/SteamVR/Binaries/Win64/UE4Editor-SteamVR.dll (API version 3709383).
LogModuleManager: Display: Found up-to-date module file ../../../Engine/Plugins/Runtime/Steam/SteamVR/Binaries/Win64/UE4Editor-SteamVRController.dll (API version 3709383).
LogModuleManager: Display: Found up-to-date module file ../../../Engine/Plugins/Runtime/WindowsMoviePlayer/Binaries/Win64/UE4Editor-WindowsMoviePlayer.dll (API version 3709383).
LogInit: Using libcurl 7.47.1
LogInit:  - built for x86_64-pc-win32
LogInit:  - supports SSL with OpenSSL/1.0.2g
LogInit:  - supports HTTP deflate (compression) using libz 1.2.8
LogInit:  - other features:
LogInit:      CURL_VERSION_SSL
LogInit:      CURL_VERSION_LIBZ
LogInit:      CURL_VERSION_IPV6
LogInit:      CURL_VERSION_ASYNCHDNS
LogInit:      CURL_VERSION_LARGEFILE
LogInit:      CURL_VERSION_IDN
LogInit:  CurlRequestOptions (configurable via config and command line):
LogInit:  - bVerifyPeer = false  - Libcurl will NOT verify peer certificate
LogInit:  - bUseHttpProxy = false  - Libcurl will NOT use HTTP proxy
LogInit:  - bDontReuseConnections = false  - Libcurl will reuse connections
LogInit:  - CertBundlePath = nullptr  - Libcurl will use whatever was configured at build time.
LogInit: Build: ++UE4+Release-4.18-CL-3832480
LogInit: Engine Version: 4.18.3-3832480+++UE4+Release-4.18
LogInit: Compatible Engine Version: 4.18.0-3709383+++UE4+Release-4.18
LogInit: Net CL: 3709383
LogDevObjectVersion: Number of dev versions registered: 16
LogDevObjectVersion:   Dev-Blueprints (B0D832E4-1F89-4F0D-ACCF-7EB736FD4AA2): 10
LogDevObjectVersion:   Dev-Build (E1C64328-A22C-4D53-A36C-8E866417BD8C): 0
LogDevObjectVersion:   Dev-Core (375EC13C-06E4-48FB-B500-84F0262A717E): 2
LogDevObjectVersion:   Dev-Editor (E4B068ED-F494-42E9-A231-DA0B2E46BB41): 20
LogDevObjectVersion:   Dev-Framework (CFFC743F-43B0-4480-9391-14DF171D2073): 30
LogDevObjectVersion:   Dev-Mobile (B02B49B5-BB20-44E9-A304-32B752E40360): 0
LogDevObjectVersion:   Dev-Networking (A4E4105C-59A1-49B5-A7C5-40C4547EDFEE): 0
LogDevObjectVersion:   Dev-Online (39C831C9-5AE6-47DC-9A44-9C173E1C8E7C): 0
LogDevObjectVersion:   Dev-Physics (78F01B33-EBEA-4F98-B9B4-84EACCB95AA2): 0
LogDevObjectVersion:   Dev-Platform (6631380F-2D4D-43E0-8009-CF276956A95A): 0
LogDevObjectVersion:   Dev-Rendering (12F88B9F-8875-4AFC-A67C-D90C383ABD29): 20
LogDevObjectVersion:   Dev-Sequencer (7B5AE74C-D270-4C10-A958-57980B212A5A): 4
LogDevObjectVersion:   Dev-VR (D7296918-1DD6-4BDD-9DE2-64A83CC13884): 0
LogDevObjectVersion:   Dev-LoadTimes (C2A15278-BFE7-4AFE-6C17-90FF531DF755): 1
LogDevObjectVersion:   Private-Geometry (6EACA3D4-40EC-4CC1-B786-8BED09428FC5): 1
LogDevObjectVersion:   Dev-AnimPhys (29E575DD-E0A3-4627-9D10-D276232CDCEA): 12
LogInit: Compiled (64-bit): Jan 12 2018 02:04:55
LogInit: Compiled with Visual C++: 19.00.24215.01
LogInit: Build Configuration: Development
LogInit: Branch Name: ++UE4+Release-4.18
LogInit: Command line:  
LogInit: Base directory: F:/Program Files/Epic Games/UE_4.18/Engine/Binaries/Win64/
LogInit: Installed Engine Build: 1
LogInit: Presizing for max 8388607 objects, including 0 objects not considered by GC, pre-allocating 0 bytes for permanent pool.
LogInit: Object subsystem initialized
[2018.07.26-04.51.00:033][  0]LogInit: Selected Device Profile: [Windows]
[2018.07.26-04.51.00:033][  0]LogInit: Applying CVar settings loaded from the selected device profile: [Windows]
[2018.07.26-04.51.00:044][  0]LogInit: Computer: KDH-PC
[2018.07.26-04.51.00:044][  0]LogInit: User: elfix89
[2018.07.26-04.51.00:044][  0]LogInit: CPU Page size=4096, Cores=4
[2018.07.26-04.51.00:044][  0]LogInit: High frequency timer resolution =3.507578 MHz
[2018.07.26-04.51.00:044][  0]LogMemory: Memory total: Physical=16.0GB (16GB approx)
[2018.07.26-04.51.00:044][  0]LogMemory: Platform Memory Stats for Windows
[2018.07.26-04.51.00:044][  0]LogMemory: Process Physical Memory: 276.13 MB used, 276.13 MB peak
[2018.07.26-04.51.00:044][  0]LogMemory: Process Virtual Memory: 273.15 MB used, 273.15 MB peak
[2018.07.26-04.51.00:044][  0]LogMemory: Physical Memory: 8554.44 MB used,  7780.78 MB free, 16335.22 MB total
[2018.07.26-04.51.00:044][  0]LogMemory: Virtual Memory: 629.30 MB used,  7780.78 MB free, 8388608.00 MB total
[2018.07.26-04.51.00:188][  0]LogInit: Using OS detected language (ko-KR).
[2018.07.26-04.51.00:188][  0]LogInit: Using OS detected locale (ko-KR).
[2018.07.26-04.51.00:192][  0]LogTextLocalizationManager: No specific localization for 'ko-KR' exists, so the 'ko' localization will be used.
[2018.07.26-04.51.00:350][  0]LogWindows: Failed to load 'shcore.dll' (GetLastError=126)
[2018.07.26-04.51.00:350][  0]LogWindows: File 'shcore.dll' does not exist
[2018.07.26-04.51.00:350][  0]LogInit: Setting process to DPI aware
[2018.07.26-04.51.00:353][  0]LogWindows: Failed to load 'shcore.dll' (GetLastError=126)
[2018.07.26-04.51.00:353][  0]LogWindows: File 'shcore.dll' does not exist
[2018.07.26-04.51.00:353][  0]LogInit: Setting process to DPI aware
[2018.07.26-04.51.00:641][  0]LogD3D11RHI: D3D11 adapters:
[2018.07.26-04.51.00:679][  0]LogD3D11RHI:    0. 'NVIDIA GeForce GTX 750 Ti' (Feature Level 11_0)
[2018.07.26-04.51.00:679][  0]LogD3D11RHI:       1984/0/7911 MB DedicatedVideo/DedicatedSystem/SharedSystem, Outputs:2, VendorId:0x10de
[2018.07.26-04.51.00:679][  0]LogD3D11RHI: Chosen D3D11 Adapter: 0
[2018.07.26-04.51.00:686][  0]LogD3D11RHI: Creating new Direct3DDevice
[2018.07.26-04.51.00:686][  0]LogD3D11RHI:     GPU DeviceId: 0x1380 (for the marketing name, search the web for "GPU Device Id")
[2018.07.26-04.51.00:686][  0]LogWindows: EnumDisplayDevices:
[2018.07.26-04.51.00:686][  0]LogWindows:    0. 'NVIDIA GeForce GTX 750 Ti' (P:1 D:1)
[2018.07.26-04.51.00:687][  0]LogWindows:    1. 'NVIDIA GeForce GTX 750 Ti' (P:0 D:1)
[2018.07.26-04.51.00:688][  0]LogWindows:    2. 'NVIDIA GeForce GTX 750 Ti' (P:0 D:0)
[2018.07.26-04.51.00:688][  0]LogWindows:    3. 'RDPDD Chained DD' (P:0 D:0)
[2018.07.26-04.51.00:689][  0]LogWindows:    4. 'RDP Encoder Mirror Driver' (P:0 D:0)
[2018.07.26-04.51.00:689][  0]LogWindows:    5. 'RDP Reflector Display Driver' (P:0 D:0)
[2018.07.26-04.51.00:690][  0]LogWindows: DebugString: GetVideoDriverDetailsInvalid PrimaryIsNotTheChoosenAdapter GetVideoDriverDetailsInvalid PrimaryIsNotTheChoosenAdapter GetVideoDriverDetailsInvalid PrimaryIsNotTheChoosenAdapter FoundDriverCount:3 
[2018.07.26-04.51.00:690][  0]LogD3D11RHI:     Adapter Name: NVIDIA GeForce GTX 750 Ti
[2018.07.26-04.51.00:690][  0]LogD3D11RHI:   Driver Version: 391.35 (internal:23.21.13.9135, unified:391.35)
[2018.07.26-04.51.00:690][  0]LogD3D11RHI:      Driver Date: 3-23-2018
[2018.07.26-04.51.00:690][  0]LogRHI: Texture pool is 1388 MB (70% of 1984 MB)
[2018.07.26-04.51.00:704][  0]LogD3D11RHI: Async texture creation enabled
[2018.07.26-04.51.00:719][  0]LogD3D11RHI: GPU Timing Frequency: 1000.000000 (Debug: 2 2)
[2018.07.26-04.51.00:725][  0]LogShaderCompilers: Guid format shader working directory is 1 characters bigger than the processId version (../../../../../../GitHub/AloneDevBR/BattleRoyal/Intermediate/Shaders/WorkingDirectory/7084/).
[2018.07.26-04.51.00:725][  0]LogShaderCompilers: Cleaned the shader compiler working directory 'C:/Users/elfix89/AppData/Local/Temp/UnrealShaderWorkingDir/E7A8D9484AB848AA0ED9E4AA02003A60/'.
[2018.07.26-04.51.00:725][  0]LogShaderCompilers: Display: Using Local Shader Compiler.
[2018.07.26-04.51.01:589][  0]LogTemp: Display: Loaded TP AllDesktopTargetPlatform
[2018.07.26-04.51.01:640][  0]LogTemp: Display: Loaded TP MacClientTargetPlatform
[2018.07.26-04.51.01:690][  0]LogTemp: Display: Loaded TP MacNoEditorTargetPlatform
[2018.07.26-04.51.01:741][  0]LogTemp: Display: Loaded TP MacServerTargetPlatform
[2018.07.26-04.51.01:796][  0]LogTemp: Display: Loaded TP MacTargetPlatform
[2018.07.26-04.51.01:846][  0]LogTemp: Display: Loaded TP WindowsClientTargetPlatform
[2018.07.26-04.51.01:896][  0]LogTemp: Display: Loaded TP WindowsNoEditorTargetPlatform
[2018.07.26-04.51.01:945][  0]LogTemp: Display: Loaded TP WindowsServerTargetPlatform
[2018.07.26-04.51.01:989][  0]LogTemp: Display: Loaded TP WindowsTargetPlatform
[2018.07.26-04.51.02:039][  0]LogTemp: Display: Loaded TP Android_ASTCTargetPlatform
[2018.07.26-04.51.02:087][  0]LogTemp: Display: Loaded TP Android_ATCTargetPlatform
[2018.07.26-04.51.02:136][  0]LogTemp: Display: Loaded TP Android_DXTTargetPlatform
[2018.07.26-04.51.02:185][  0]LogTemp: Display: Loaded TP Android_ETC1TargetPlatform
[2018.07.26-04.51.02:234][  0]LogTemp: Display: Loaded TP Android_ETC2TargetPlatform
[2018.07.26-04.51.02:332][  0]LogTemp: Display: Loaded TP Android_MultiTargetPlatform
[2018.07.26-04.51.02:332][  0]LogTemp: Display: Loaded TP Android_PVRTCTargetPlatform
[2018.07.26-04.51.02:382][  0]LogTemp: Display: Loaded TP AndroidTargetPlatform
[2018.07.26-04.51.02:421][  0]LogTemp: Display: Loaded TP HTML5TargetPlatform
[2018.07.26-04.51.02:503][  0]LogTemp: Display: Loaded TP IOSTargetPlatform
[2018.07.26-04.51.02:529][  0]LogTemp: Display: Loaded TP TVOSTargetPlatform
[2018.07.26-04.51.02:578][  0]LogTemp: Display: Loaded TP LinuxClientTargetPlatform
[2018.07.26-04.51.02:626][  0]LogTemp: Display: Loaded TP LinuxNoEditorTargetPlatform
[2018.07.26-04.51.02:675][  0]LogTemp: Display: Loaded TP LinuxServerTargetPlatform
[2018.07.26-04.51.02:724][  0]LogTemp: Display: Loaded TP LinuxTargetPlatform
[2018.07.26-04.51.02:724][  0]LogTargetPlatformManager: Display: Building Assets For Windows
[2018.07.26-04.51.03:207][  0]LogDerivedDataCache: Display: Max Cache Size: 512 MB
[2018.07.26-04.51.03:285][  0]LogDerivedDataCache: Loaded boot cache 0.08s 75MB C:/Users/elfix89/AppData/Local/UnrealEngine/4.18/DerivedDataCache/Boot.ddc.
[2018.07.26-04.51.03:285][  0]LogDerivedDataCache: Display: Loaded Boot cache: C:/Users/elfix89/AppData/Local/UnrealEngine/4.18/DerivedDataCache/Boot.ddc
[2018.07.26-04.51.03:285][  0]LogDerivedDataCache: FDerivedDataBackendGraph:  Pak pak cache file ../../../../../../GitHub/AloneDevBR/BattleRoyal/DerivedDataCache/DDC.ddp not found, will not use a pak cache.
[2018.07.26-04.51.03:285][  0]LogDerivedDataCache: Unable to find inner node Pak for hierarchical cache Hierarchy.
[2018.07.26-04.51.03:285][  0]LogDerivedDataCache: FDerivedDataBackendGraph:  CompressedPak pak cache file ../../../../../../GitHub/AloneDevBR/BattleRoyal/DerivedDataCache/Compressed.ddp not found, will not use a pak cache.
[2018.07.26-04.51.03:285][  0]LogDerivedDataCache: Unable to find inner node CompressedPak for hierarchical cache Hierarchy.
[2018.07.26-04.51.03:302][  0]LogDerivedDataCache: Display: Pak cache opened for reading ../../../Engine/DerivedDataCache/Compressed.ddp.
[2018.07.26-04.51.03:314][  0]LogDerivedDataCache: Using Local data cache path C:/Users/elfix89/AppData/Local/UnrealEngine/Common/DerivedDataCache: Writable
[2018.07.26-04.51.03:324][  0]LogMaterial: Verifying Global Shaders for PCD3D_SM5
[2018.07.26-04.51.03:325][  0]LogSlate: Using Freetype 2.6.0
[2018.07.26-04.51.03:325][  0]LogSlate: SlateFontCache - WITH_FREETYPE: 1, WITH_HARFBUZZ: 1
[2018.07.26-04.51.03:325][  0]LogSlate: SlateFontCache - WITH_FREETYPE: 1, WITH_HARFBUZZ: 1
[2018.07.26-04.51.03:668][  0]LogInit: Selected Device Profile: [Windows]
[2018.07.26-04.51.04:018][  0]LogSimplygon: Simplygon DLL not present - disabling.
[2018.07.26-04.51.04:059][  0]LogMeshReduction: Using SimplygonSwarm for distributed automatic mesh merging
[2018.07.26-04.51.04:059][  0]LogMeshReduction: Using QuadricMeshReduction for automatic static mesh reduction
[2018.07.26-04.51.04:059][  0]LogMeshReduction: No automatic skeletal mesh reduction module available
[2018.07.26-04.51.04:059][  0]LogMeshReduction: No automatic mesh merging module available
[2018.07.26-04.51.04:059][  0]LogMeshMerging: No automatic mesh merging module available
[2018.07.26-04.51.04:097][  0]LogNetVersion: BattleRoyal , NetCL: 3709383, EngineNetVer: 2, GameNetVer: 0 (Checksum: 2100071023)
[2018.07.26-04.51.04:245][  0]LogAssetRegistry: FAssetRegistry took 0.0243 seconds to start up
[2018.07.26-04.51.04:689][  0]LogPackageLocalizationCache: Processed 7 localized package path(s) for 2 prioritized culture(s) in 0.044491 seconds
[2018.07.26-04.51.04:695][  0]LogUObjectArray: 35870 objects as part of root set at end of initial load.
[2018.07.26-04.51.04:695][  0]LogUObjectAllocator: 7363696 out of 0 bytes used by permanent object pool.
[2018.07.26-04.51.04:695][  0]LogUObjectArray: CloseDisregardForGC: 0/0 objects in disregard for GC pool
[2018.07.26-04.51.04:732][  0]LogInit: WinSock: version 1.1 (2.2), MaxSocks=32767, MaxUdp=65467
[2018.07.26-04.51.07:488][  0]LogTcpMessaging: Initializing TcpMessaging bridge
[2018.07.26-04.51.07:534][  0]LogUdpMessaging: Initializing bridge on interface 0.0.0.0:0 to multicast group 230.0.0.1:6666.
[2018.07.26-04.51.08:436][  0]LogMaterial: Uniform references updated for custom material expression Custom.
[2018.07.26-04.51.08:870][  0]SourceControl: 소스 콘트롤이 꺼졌습니다.
[2018.07.26-04.51.08:870][  0]SourceControl: 소스 콘트롤이 꺼졌습니다.
[2018.07.26-04.51.08:945][  0]SourceControl: 소스 콘트롤이 꺼졌습니다.
[2018.07.26-04.51.09:005][  0]SourceControl: 소스 콘트롤이 꺼졌습니다.
[2018.07.26-04.51.09:903][  0]LogAndroidPermission: UAndroidPermissionCallbackProxy::GetInstance
[2018.07.26-04.51.10:192][  0]LogOcInput: OculusInput pre-init called
[2018.07.26-04.51.10:492][  0]LogEngine: Initializing Engine...
[2018.07.26-04.51.10:495][  0]LogHMD: Failed to initialize OpenVR with code 110
[2018.07.26-04.51.10:692][  0]LogStats: UGameplayTagsManager::ConstructGameplayTagTree: Construct from data asset -  0.000 s
[2018.07.26-04.51.10:692][  0]LogStats: UGameplayTagsManager::ConstructGameplayTagTree: GameplayTagTreeChangedEvent.Broadcast -  0.000 s
[2018.07.26-04.51.10:811][  0]LogAIModule: Creating AISystem for world Untitled
[2018.07.26-04.51.10:839][  0]LogInit: XAudio2 using '스피커(High Definition Audio 장치)' : 2 channels at 44.1 kHz using 16 bits per sample (channel mask 0x3)
[2018.07.26-04.51.10:857][  0]LogInit: FAudioDevice initialized.
[2018.07.26-04.51.10:943][  0]LogDerivedDataCache: Saved boot cache 0.09s 75MB C:/Users/elfix89/AppData/Local/UnrealEngine/4.18/DerivedDataCache/Boot.ddc.
[2018.07.26-04.51.10:952][  0]LogInit: Texture streaming: Enabled
[2018.07.26-04.51.11:047][  0]LogEngineSessionManager: EngineSessionManager initialized
[2018.07.26-04.51.11:166][  0]LogInit: Transaction tracking system initialized
[2018.07.26-04.51.11:473][  0]BlueprintLog: New page: 에디터 로드
[2018.07.26-04.51.12:418][  0]LocalizationService: 현지화 서비스가 비활성화되었습니다.
[2018.07.26-04.51.13:169][  0]LogConsoleResponse: Display: 
[2018.07.26-04.51.13:343][  0]LogCook: Display: Max memory allowance for cook 16384mb min free memory 0mb
[2018.07.26-04.51.13:343][  0]LogCook: Display: Mobile HDR setting 1
[2018.07.26-04.51.13:343][  0]LogGameplayTags: Display: UGameplayTagsManager::DoneAddingNativeTags. DelegateIsBound: 0
[2018.07.26-04.51.13:593][  0]LogFileCache: Scanning file cache for directory 'F:/GitHub/AloneDevBR/BattleRoyal/Content/' took 0.01s
[2018.07.26-04.51.14:546][  0]SourceControl: 소스 콘트롤이 꺼졌습니다.
[2018.07.26-04.51.14:546][  0]Cmd: MAP LOAD FILE="../../../../../../GitHub/AloneDevBR/BattleRoyal/Content/Maps/Jungle.umap" TEMPLATE=0 SHOWPROGRESS=1 FEATURELEVEL=3
[2018.07.26-04.51.14:547][  0]LightingResults: New page: 라이팅 빌드
[2018.07.26-04.51.14:584][  0]MapCheck: New page: 맵 체크
[2018.07.26-04.51.14:584][  0]LightingResults: New page: 라이팅 빌드
[2018.07.26-04.51.14:759][  0]LogAIModule: Creating AISystem for world Jungle
[2018.07.26-04.51.14:791][  0]LogEditorServer: Finished looking for orphan Actors (0.000 secs)
[2018.07.26-04.51.14:801][  0]Cmd: MAP CHECKDEP NOCLEARLOG
[2018.07.26-04.51.14:854][  0]MapCheck: 맵 체크 완료: 오류 0 회, 경고 0 회, 소요 시간 53.007ms.
[2018.07.26-04.51.14:854][  0]LogFileHelpers: Loading map 'Jungle' took 0.308
[2018.07.26-04.51.14:988][  0]LogCollectionManager: Loaded 0 collections in 0.001303 seconds
[2018.07.26-04.51.15:059][  0]LogFileCache: Scanning file cache for directory 'F:/GitHub/AloneDevBR/BattleRoyal/Saved/Collections/' took 0.01s
[2018.07.26-04.51.15:059][  0]LogFileCache: Scanning file cache for directory 'F:/GitHub/AloneDevBR/BattleRoyal/Content/Developers/elfix89/Collections/' took 0.01s
[2018.07.26-04.51.15:059][  0]LogFileCache: Scanning file cache for directory 'F:/GitHub/AloneDevBR/BattleRoyal/Content/Collections/' took 0.01s
[2018.07.26-04.51.15:059][  0]LogCollectionManager: Rebuilt the GUID cache for 0 collections in 0.000000 seconds
[2018.07.26-04.51.15:068][  0]LogContentBrowser: Native class hierarchy populated in 0.0087 seconds. Added 2365 classes and 521 folders.
[2018.07.26-04.51.15:119][  0]LogContentBrowser: Native class hierarchy updated for 'WidgetCarousel' in 0.0006 seconds. Added 0 classes and 0 folders.
[2018.07.26-04.51.15:163][  0]LogContentBrowser: Native class hierarchy updated for 'AddContentDialog' in 0.0006 seconds. Added 0 classes and 0 folders.
[2018.07.26-04.51.15:211][  0]LogContentBrowser: Native class hierarchy updated for 'SceneOutliner' in 0.0008 seconds. Added 1 classes and 2 folders.
[2018.07.26-04.51.15:463][  0]LogSlate: Only BGRA pngs, bmps or icos are supported in by External Image Picker
[2018.07.26-04.51.16:200][  0]LogSlate: Took 0.000225 seconds to synchronously load lazily loaded font '../../../Engine/Content/Slate/Fonts/Roboto-Regular.ttf' (155K)
[2018.07.26-04.51.16:204][  0]LogSlate: Took 0.003514 seconds to synchronously load lazily loaded font '../../../Engine/Content/Slate/Fonts/NanumGothic.ttf' (4243K)
[2018.07.26-04.51.16:205][  0]LogSlate: Took 0.000184 seconds to synchronously load lazily loaded font '../../../Engine/Content/Slate/Fonts/Roboto-Bold.ttf' (160K)
[2018.07.26-04.51.16:210][  0]LogSlate: Took 0.000186 seconds to synchronously load lazily loaded font '../../../Engine/Content/Editor/Slate/Fonts/FontAwesome.ttf' (139K)
[2018.07.26-04.51.16:416][  0]LogTemp: Executing iPhonePackager certificates Engine -bundlename com.YourCompany.BattleRoyal
[2018.07.26-04.51.16:416][  0]LogTemp: CWD: F:\Program Files\Epic Games\UE_4.18\Engine\Binaries\DotNET\IOS
[2018.07.26-04.51.16:416][  0]LogTemp: Initial Dir: F:\Program Files\Epic Games\UE_4.18
[2018.07.26-04.51.16:416][  0]LogTemp: Env CWD: F:\Program Files\Epic Games\UE_4.18\Engine\Binaries\DotNET\IOS
[2018.07.26-04.51.16:416][  0]LogTemp: BranchPath = KDH-PC/F/Program Files/Epic Games/UE_4.18/Engine/Binaries --- GameBranchPath = KDH-PC/F/Program Files/Epic Games/UE_4.18/Engine/Binaries
[2018.07.26-04.51.16:416][  0]LogTemp: IPP ERROR: Could not find provision directory 'C:\Users\elfix89\AppData\Local/Apple Computer/MobileDevice/Provisioning Profiles/'.
[2018.07.26-04.51.16:416][  0]LogRenderer: Reallocating scene render targets to support 1016x652 Format 10 NumSamples 1 (Frame:1).
[2018.07.26-04.51.16:616][  0]LogContentBrowser: Native class hierarchy updated for 'HierarchicalLODOutliner' in 0.0007 seconds. Added 1 classes and 2 folders.
[2018.07.26-04.51.16:616][  0]LogLoad: (Engine Initialization) Total time: 19.24 seconds
[2018.07.26-04.51.16:616][  0]LogLoad: (Engine Initialization) Total Blueprint compile time: 0.00 seconds
[2018.07.26-04.51.16:616][  0]LogExternalProfiler: No external profilers were discovered.  External profiling features will not be available.
[2018.07.26-04.51.16:980][  0]LogAssetRegistry: Asset discovery search completed in 12.7550 seconds
[2018.07.26-04.51.16:981][  0]LogCollectionManager: Rebuilt the object cache for 0 collections in 0.000000 seconds (found 0 objects)
[2018.07.26-04.51.16:981][  0]LogCollectionManager: Fixed up redirectors for 0 collections in 0.000075 seconds (updated 0 objects)
[2018.07.26-04.51.16:984][  0]LogContentStreaming: Texture pool size now 1000 MB
[2018.07.26-04.51.17:031][  0]LogSlate: Took 0.000253 seconds to synchronously load lazily loaded font '../../../Engine/Content/Slate/Fonts/Roboto-Light.ttf' (159K)
[2018.07.26-04.51.34:122][457]LogTexture: Display: 텍스처 빌드: Texture2D_2 (G8, 128X128)
[2018.07.26-04.56.55:157][704]LogTexture: Display: 텍스처 빌드: Texture2D_1 (BGRA8, 64X64)
[2018.07.26-04.56.56:279][835]LogTexture: Display: 텍스처 빌드: Texture2D_2 (BGRA8, 64X64)
[2018.07.26-04.57.43:951][ 19]LogTexture: Display: 텍스처 빌드: Texture2D_3 (BGRA8, 64X64)
[2018.07.26-04.57.43:956][ 19]LogTexture: Display: 텍스처 빌드: Texture2D_3 (BGRA8, 64X64)
[2018.07.26-04.57.43:957][ 19]LogTexture: Display: 텍스처 빌드: Texture2D_4 (BGRA8, 64X64)
[2018.07.26-04.57.43:961][ 19]LogTexture: Display: 텍스처 빌드: Texture2D_4 (BGRA8, 64X64)
[2018.07.26-04.57.43:962][ 19]LogTexture: Display: 텍스처 빌드: Texture2D_5 (BGRA8, 64X64)
[2018.07.26-04.57.43:968][ 19]LogTexture: Display: 텍스처 빌드: Texture2D_5 (BGRA8, 64X64)
[2018.07.26-04.57.43:969][ 19]LogTexture: Display: 텍스처 빌드: Texture2D_6 (BGRA8, 64X64)
[2018.07.26-04.57.43:974][ 19]LogTexture: Display: 텍스처 빌드: Texture2D_6 (BGRA8, 64X64)
[2018.07.26-04.57.43:975][ 19]LogTexture: Display: 텍스처 빌드: Texture2D_7 (BGRA8, 64X64)
[2018.07.26-04.57.43:979][ 19]LogTexture: Display: 텍스처 빌드: Texture2D_7 (BGRA8, 64X64)
[2018.07.26-04.57.43:980][ 19]LogTexture: Display: 텍스처 빌드: Texture2D_8 (BGRA8, 64X64)
[2018.07.26-04.57.43:985][ 19]LogTexture: Display: 텍스처 빌드: Texture2D_8 (BGRA8, 64X64)
[2018.07.26-04.57.43:986][ 19]LogTexture: Display: 텍스처 빌드: Texture2D_9 (BGRA8, 64X64)
[2018.07.26-04.57.43:990][ 19]LogTexture: Display: 텍스처 빌드: Texture2D_9 (BGRA8, 64X64)
[2018.07.26-04.57.43:991][ 19]LogTexture: Display: 텍스처 빌드: Texture2D_10 (BGRA8, 64X64)
[2018.07.26-04.57.43:996][ 19]LogTexture: Display: 텍스처 빌드: Texture2D_10 (BGRA8, 64X64)
[2018.07.26-04.57.43:996][ 19]LogTexture: Display: 텍스처 빌드: Texture2D_11 (BGRA8, 64X64)
[2018.07.26-04.57.44:001][ 19]LogTexture: Display: 텍스처 빌드: Texture2D_11 (BGRA8, 64X64)
[2018.07.26-04.57.44:002][ 19]LogTexture: Display: 텍스처 빌드: Texture2D_12 (BGRA8, 64X64)
[2018.07.26-04.57.44:006][ 19]LogTexture: Display: 텍스처 빌드: Texture2D_12 (BGRA8, 64X64)
[2018.07.26-04.57.44:007][ 19]LogTexture: Display: 텍스처 빌드: Texture2D_13 (BGRA8, 64X64)
[2018.07.26-04.57.44:012][ 19]LogTexture: Display: 텍스처 빌드: Texture2D_13 (BGRA8, 64X64)
[2018.07.26-04.57.44:013][ 19]LogTexture: Display: 텍스처 빌드: Texture2D_14 (BGRA8, 64X64)
[2018.07.26-04.57.44:018][ 19]LogTexture: Display: 텍스처 빌드: Texture2D_14 (BGRA8, 64X64)
[2018.07.26-04.57.44:019][ 19]LogTexture: Display: 텍스처 빌드: Texture2D_15 (BGRA8, 64X64)
[2018.07.26-04.57.44:023][ 19]LogTexture: Display: 텍스처 빌드: Texture2D_15 (BGRA8, 64X64)
[2018.07.26-04.57.44:024][ 19]LogTexture: Display: 텍스처 빌드: Texture2D_16 (BGRA8, 64X64)
[2018.07.26-04.57.44:028][ 19]LogTexture: Display: 텍스처 빌드: Texture2D_16 (BGRA8, 64X64)
[2018.07.26-04.57.44:029][ 19]LogTexture: Display: 텍스처 빌드: Texture2D_17 (BGRA8, 64X64)
[2018.07.26-04.57.44:034][ 19]LogTexture: Display: 텍스처 빌드: Texture2D_17 (BGRA8, 64X64)
[2018.07.26-04.57.44:035][ 19]LogTexture: Display: 텍스처 빌드: Texture2D_18 (BGRA8, 64X64)
[2018.07.26-04.57.44:039][ 19]LogTexture: Display: 텍스처 빌드: Texture2D_18 (BGRA8, 64X64)
[2018.07.26-04.57.44:040][ 19]LogTexture: Display: 텍스처 빌드: Texture2D_19 (BGRA8, 64X64)
[2018.07.26-04.57.44:045][ 19]LogTexture: Display: 텍스처 빌드: Texture2D_19 (BGRA8, 64X64)
[2018.07.26-04.57.44:046][ 19]LogTexture: Display: 텍스처 빌드: Texture2D_20 (BGRA8, 64X64)
[2018.07.26-04.57.44:051][ 19]LogTexture: Display: 텍스처 빌드: Texture2D_20 (BGRA8, 64X64)
[2018.07.26-04.57.44:052][ 19]LogTexture: Display: 텍스처 빌드: Texture2D_21 (BGRA8, 64X64)
[2018.07.26-04.57.44:056][ 19]LogTexture: Display: 텍스처 빌드: Texture2D_21 (BGRA8, 64X64)
[2018.07.26-04.57.44:057][ 19]LogTexture: Display: 텍스처 빌드: Texture2D_22 (BGRA8, 64X64)
[2018.07.26-04.57.44:062][ 19]LogTexture: Display: 텍스처 빌드: Texture2D_22 (BGRA8, 64X64)
[2018.07.26-04.57.44:062][ 19]LogTexture: Display: 텍스처 빌드: Texture2D_23 (BGRA8, 64X64)
[2018.07.26-04.57.44:067][ 19]LogTexture: Display: 텍스처 빌드: Texture2D_23 (BGRA8, 64X64)
[2018.07.26-04.57.44:068][ 19]LogTexture: Display: 텍스처 빌드: Texture2D_24 (BGRA8, 64X64)
[2018.07.26-04.57.44:072][ 19]LogTexture: Display: 텍스처 빌드: Texture2D_24 (BGRA8, 64X64)
[2018.07.26-04.57.44:073][ 19]LogTexture: Display: 텍스처 빌드: Texture2D_25 (BGRA8, 64X64)
[2018.07.26-04.57.44:077][ 19]LogTexture: Display: 텍스처 빌드: Texture2D_25 (BGRA8, 64X64)
[2018.07.26-04.57.44:078][ 19]LogTexture: Display: 텍스처 빌드: Texture2D_26 (BGRA8, 64X64)
[2018.07.26-04.57.44:083][ 19]LogTexture: Display: 텍스처 빌드: Texture2D_26 (BGRA8, 64X64)
[2018.07.26-04.57.44:084][ 19]LogTexture: Display: 텍스처 빌드: Texture2D_27 (BGRA8, 64X64)
[2018.07.26-04.57.44:089][ 19]LogTexture: Display: 텍스처 빌드: Texture2D_27 (BGRA8, 64X64)
[2018.07.26-04.57.44:090][ 19]LogTexture: Display: 텍스처 빌드: Texture2D_28 (BGRA8, 64X64)
[2018.07.26-04.57.44:094][ 19]LogTexture: Display: 텍스처 빌드: Texture2D_28 (BGRA8, 64X64)
[2018.07.26-04.57.44:095][ 19]LogTexture: Display: 텍스처 빌드: Texture2D_29 (BGRA8, 64X64)
[2018.07.26-04.57.44:099][ 19]LogTexture: Display: 텍스처 빌드: Texture2D_29 (BGRA8, 64X64)
[2018.07.26-04.57.44:100][ 19]LogTexture: Display: 텍스처 빌드: Texture2D_30 (BGRA8, 64X64)
[2018.07.26-04.57.44:104][ 19]LogTexture: Display: 텍스처 빌드: Texture2D_30 (BGRA8, 64X64)
[2018.07.26-04.57.44:105][ 19]LogTexture: Display: 텍스처 빌드: Texture2D_31 (BGRA8, 64X64)
[2018.07.26-04.57.44:110][ 19]LogTexture: Display: 텍스처 빌드: Texture2D_31 (BGRA8, 64X64)
[2018.07.26-04.57.44:110][ 19]LogTexture: Display: 텍스처 빌드: Texture2D_32 (BGRA8, 64X64)
[2018.07.26-04.57.44:115][ 19]LogTexture: Display: 텍스처 빌드: Texture2D_32 (BGRA8, 64X64)
[2018.07.26-04.57.44:115][ 19]LogTexture: Display: 텍스처 빌드: Texture2D_33 (BGRA8, 64X64)
[2018.07.26-04.57.44:119][ 19]LogTexture: Display: 텍스처 빌드: Texture2D_33 (BGRA8, 64X64)
[2018.07.26-04.57.44:120][ 19]LogTexture: Display: 텍스처 빌드: Texture2D_34 (BGRA8, 64X64)
[2018.07.26-04.57.44:125][ 19]LogTexture: Display: 텍스처 빌드: Texture2D_34 (BGRA8, 64X64)
[2018.07.26-04.57.44:126][ 19]LogTexture: Display: 텍스처 빌드: Texture2D_35 (BGRA8, 64X64)
[2018.07.26-04.57.44:131][ 19]LogTexture: Display: 텍스처 빌드: Texture2D_35 (BGRA8, 64X64)
[2018.07.26-04.57.44:132][ 19]LogTexture: Display: 텍스처 빌드: Texture2D_36 (BGRA8, 64X64)
[2018.07.26-04.57.44:136][ 19]LogTexture: Display: 텍스처 빌드: Texture2D_36 (BGRA8, 64X64)
[2018.07.26-04.57.44:137][ 19]LogTexture: Display: 텍스처 빌드: Texture2D_37 (BGRA8, 64X64)
[2018.07.26-04.57.44:141][ 19]LogTexture: Display: 텍스처 빌드: Texture2D_37 (BGRA8, 64X64)
[2018.07.26-04.57.44:142][ 19]LogTexture: Display: 텍스처 빌드: Texture2D_38 (BGRA8, 64X64)
[2018.07.26-04.57.44:146][ 19]LogTexture: Display: 텍스처 빌드: Texture2D_38 (BGRA8, 64X64)
[2018.07.26-04.57.44:147][ 19]LogTexture: Display: 텍스처 빌드: Texture2D_39 (BGRA8, 64X64)
[2018.07.26-04.57.44:151][ 19]LogTexture: Display: 텍스처 빌드: Texture2D_39 (BGRA8, 64X64)
[2018.07.26-04.57.44:152][ 19]LogTexture: Display: 텍스처 빌드: Texture2D_40 (BGRA8, 64X64)
[2018.07.26-04.57.44:156][ 19]LogTexture: Display: 텍스처 빌드: Texture2D_40 (BGRA8, 64X64)
[2018.07.26-04.57.44:157][ 19]LogTexture: Display: 텍스처 빌드: Texture2D_41 (BGRA8, 64X64)
[2018.07.26-04.57.44:161][ 19]LogTexture: Display: 텍스처 빌드: Texture2D_41 (BGRA8, 64X64)
[2018.07.26-04.57.44:162][ 19]LogTexture: Display: 텍스처 빌드: Texture2D_42 (BGRA8, 64X64)
[2018.07.26-04.57.44:167][ 19]LogTexture: Display: 텍스처 빌드: Texture2D_42 (BGRA8, 64X64)
[2018.07.26-04.57.44:167][ 19]LogTexture: Display: 텍스처 빌드: Texture2D_43 (BGRA8, 64X64)
[2018.07.26-04.57.44:172][ 19]LogTexture: Display: 텍스처 빌드: Texture2D_43 (BGRA8, 64X64)
[2018.07.26-04.57.44:173][ 19]LogTexture: Display: 텍스처 빌드: Texture2D_44 (BGRA8, 64X64)
[2018.07.26-04.57.44:177][ 19]LogTexture: Display: 텍스처 빌드: Texture2D_44 (BGRA8, 64X64)
[2018.07.26-04.57.44:178][ 19]LogTexture: Display: 텍스처 빌드: Texture2D_45 (BGRA8, 64X64)
[2018.07.26-04.57.44:183][ 19]LogTexture: Display: 텍스처 빌드: Texture2D_45 (BGRA8, 64X64)
[2018.07.26-04.57.44:183][ 19]LogTexture: Display: 텍스처 빌드: Texture2D_46 (BGRA8, 64X64)
[2018.07.26-04.57.44:188][ 19]LogTexture: Display: 텍스처 빌드: Texture2D_46 (BGRA8, 64X64)
[2018.07.26-04.57.44:189][ 19]LogTexture: Display: 텍스처 빌드: Texture2D_47 (BGRA8, 64X64)
[2018.07.26-04.57.44:193][ 19]LogTexture: Display: 텍스처 빌드: Texture2D_47 (BGRA8, 64X64)
[2018.07.26-04.57.44:194][ 19]LogTexture: Display: 텍스처 빌드: Texture2D_48 (BGRA8, 64X64)
[2018.07.26-04.57.44:199][ 19]LogTexture: Display: 텍스처 빌드: Texture2D_48 (BGRA8, 64X64)
[2018.07.26-04.57.44:200][ 19]LogTexture: Display: 텍스처 빌드: Texture2D_49 (BGRA8, 64X64)
[2018.07.26-04.57.44:204][ 19]LogTexture: Display: 텍스처 빌드: Texture2D_49 (BGRA8, 64X64)
[2018.07.26-04.57.44:205][ 19]LogTexture: Display: 텍스처 빌드: Texture2D_50 (BGRA8, 64X64)
[2018.07.26-04.57.44:209][ 19]LogTexture: Display: 텍스처 빌드: Texture2D_50 (BGRA8, 64X64)
[2018.07.26-04.57.44:210][ 19]LogTexture: Display: 텍스처 빌드: Texture2D_51 (BGRA8, 64X64)
[2018.07.26-04.57.44:215][ 19]LogTexture: Display: 텍스처 빌드: Texture2D_51 (BGRA8, 64X64)
[2018.07.26-04.57.44:216][ 19]LogTexture: Display: 텍스처 빌드: Texture2D_52 (BGRA8, 64X64)
[2018.07.26-04.57.44:220][ 19]LogTexture: Display: 텍스처 빌드: Texture2D_52 (BGRA8, 64X64)
[2018.07.26-04.57.44:221][ 19]LogTexture: Display: 텍스처 빌드: Texture2D_53 (BGRA8, 64X64)
[2018.07.26-04.57.44:226][ 19]LogTexture: Display: 텍스처 빌드: Texture2D_53 (BGRA8, 64X64)
[2018.07.26-04.57.44:227][ 19]LogTexture: Display: 텍스처 빌드: Texture2D_54 (BGRA8, 64X64)
[2018.07.26-04.57.44:231][ 19]LogTexture: Display: 텍스처 빌드: Texture2D_54 (BGRA8, 64X64)
[2018.07.26-04.57.44:232][ 19]LogTexture: Display: 텍스처 빌드: Texture2D_55 (BGRA8, 64X64)
[2018.07.26-04.57.44:236][ 19]LogTexture: Display: 텍스처 빌드: Texture2D_55 (BGRA8, 64X64)
[2018.07.26-04.57.44:237][ 19]LogTexture: Display: 텍스처 빌드: Texture2D_56 (BGRA8, 64X64)
[2018.07.26-04.57.44:241][ 19]LogTexture: Display: 텍스처 빌드: Texture2D_56 (BGRA8, 64X64)
[2018.07.26-04.57.44:241][ 19]LogTexture: Display: 텍스처 빌드: Texture2D_57 (BGRA8, 64X64)
[2018.07.26-04.57.44:246][ 19]LogTexture: Display: 텍스처 빌드: Texture2D_57 (BGRA8, 64X64)
[2018.07.26-04.57.44:247][ 19]LogTexture: Display: 텍스처 빌드: Texture2D_58 (BGRA8, 64X64)
[2018.07.26-04.57.44:251][ 19]LogTexture: Display: 텍스처 빌드: Texture2D_58 (BGRA8, 64X64)
[2018.07.26-04.57.44:252][ 19]LogTexture: Display: 텍스처 빌드: Texture2D_59 (BGRA8, 64X64)
[2018.07.26-04.57.44:256][ 19]LogTexture: Display: 텍스처 빌드: Texture2D_59 (BGRA8, 64X64)
[2018.07.26-04.57.44:257][ 19]LogTexture: Display: 텍스처 빌드: Texture2D_60 (BGRA8, 64X64)
[2018.07.26-04.57.44:261][ 19]LogTexture: Display: 텍스처 빌드: Texture2D_60 (BGRA8, 64X64)
[2018.07.26-04.57.44:261][ 19]LogTexture: Display: 텍스처 빌드: Texture2D_61 (BGRA8, 64X64)
[2018.07.26-04.57.44:265][ 19]LogTexture: Display: 텍스처 빌드: Texture2D_61 (BGRA8, 64X64)
[2018.07.26-04.57.44:266][ 19]LogTexture: Display: 텍스처 빌드: Texture2D_62 (BGRA8, 64X64)
[2018.07.26-04.57.44:270][ 19]LogTexture: Display: 텍스처 빌드: Texture2D_62 (BGRA8, 64X64)
[2018.07.26-04.57.44:271][ 19]LogTexture: Display: 텍스처 빌드: Texture2D_63 (BGRA8, 64X64)
[2018.07.26-04.57.44:276][ 19]LogTexture: Display: 텍스처 빌드: Texture2D_63 (BGRA8, 64X64)
[2018.07.26-04.57.44:277][ 19]LogTexture: Display: 텍스처 빌드: Texture2D_64 (BGRA8, 64X64)
[2018.07.26-04.57.44:281][ 19]LogTexture: Display: 텍스처 빌드: Texture2D_64 (BGRA8, 64X64)
[2018.07.26-04.57.44:282][ 19]LogTexture: Display: 텍스처 빌드: Texture2D_65 (BGRA8, 64X64)
[2018.07.26-04.57.44:286][ 19]LogTexture: Display: 텍스처 빌드: Texture2D_65 (BGRA8, 64X64)
[2018.07.26-04.57.44:286][ 19]LogTexture: Display: 텍스처 빌드: Texture2D_66 (BGRA8, 64X64)
[2018.07.26-04.57.44:290][ 19]LogTexture: Display: 텍스처 빌드: Texture2D_66 (BGRA8, 64X64)
[2018.07.26-04.57.48:832][561]LogTexture: Display: 텍스처 빌드: Texture2D_67 (BGRA8, 64X64)
[2018.07.26-04.57.49:231][608]LogTexture: Display: 텍스처 빌드: Texture2D_68 (BGRA8, 64X64)
[2018.07.26-04.57.49:655][658]LogTexture: Display: 텍스처 빌드: Texture2D_69 (BGRA8, 64X64)
[2018.07.26-04.57.52:704][ 21]LogTexture: Display: 텍스처 빌드: Texture2D_70 (BGRA8, 64X64)
[2018.07.26-04.57.52:709][ 21]LogTexture: Display: 텍스처 빌드: Texture2D_70 (BGRA8, 64X64)
[2018.07.26-04.57.53:939][168]LogTexture: Display: 텍스처 빌드: Texture2D_71 (BGRA8, 64X64)
[2018.07.26-04.57.53:944][168]LogTexture: Display: 텍스처 빌드: Texture2D_71 (BGRA8, 64X64)
[2018.07.26-04.57.54:522][237]LogTexture: Display: 텍스처 빌드: Texture2D_72 (BGRA8, 64X64)
[2018.07.26-04.57.54:527][237]LogTexture: Display: 텍스처 빌드: Texture2D_72 (BGRA8, 64X64)
[2018.07.26-04.57.55:281][327]LogTexture: Display: 텍스처 빌드: Texture2D_73 (BGRA8, 64X64)
[2018.07.26-04.57.55:286][327]LogTexture: Display: 텍스처 빌드: Texture2D_73 (BGRA8, 64X64)
[2018.07.26-04.57.56:223][439]LogTexture: Display: 텍스처 빌드: Texture2D_74 (BGRA8, 64X64)
[2018.07.26-04.57.56:227][439]LogTexture: Display: 텍스처 빌드: Texture2D_74 (BGRA8, 64X64)
[2018.07.26-04.57.57:031][535]LogTexture: Display: 텍스처 빌드: Texture2D_75 (BGRA8, 64X64)
[2018.07.26-04.57.57:035][535]LogTexture: Display: 텍스처 빌드: Texture2D_75 (BGRA8, 64X64)
[2018.07.26-05.00.00:341][201]LogEditorViewport: Clicking on Actor (double click): Landscape (Landscape)
[2018.07.26-05.00.11:981][527]LogEditorViewport: Clicking on Actor (context menu): Landscape (Landscape)
[2018.07.26-05.00.14:364][798]LogEditorViewport: Clicking on Actor (double click): Landscape (Landscape)
[2018.07.26-05.00.15:315][911]LogEditorViewport: Clicking on Actor (double click): Landscape (Landscape)
[2018.07.26-05.00.57:688][434]Cmd: TRANSACTION UNDO
[2018.07.26-05.00.57:688][434]LogEditorTransaction: Undo 액터 이동
[2018.07.26-05.00.57:773][434]LogSlate: Took 0.000243 seconds to synchronously load lazily loaded font '../../../Engine/Content/Slate/Fonts/Roboto-Light.ttf' (159K)
[2018.07.26-05.01.25:001][628]LogSlate: Took 0.000222 seconds to synchronously load lazily loaded font '../../../Engine/Content/Slate/Fonts/Roboto-Light.ttf' (159K)
[2018.07.26-05.01.25:054][628]LogTexture: Display: 텍스처 빌드: Texture2D_76 (BGRA8, 512X512)
[2018.07.26-05.01.39:203][290]LogTexture: Display: 텍스처 빌드: Texture2D_77 (BGRA8, 512X512)
[2018.07.26-05.02.21:947][663]Cmd: OBJ SAVEPACKAGE PACKAGE="/Game/Maps/Jungle" FILE="../../../../../../GitHub/AloneDevBR/BattleRoyal/Saved/Autosaves/Game/Maps/Jungle_Auto1.umap" SILENT=true AUTOSAVING=true KEEPDIRTY=false
[2018.07.26-05.02.22:018][663]LogTexture: Display: 텍스처 빌드: Texture2D_5 (BGRA8, 64X64)
[2018.07.26-05.02.22:020][663]LogTexture: Display: 텍스처 빌드: Texture2D_6 (BGRA8, 64X64)
[2018.07.26-05.02.22:020][663]LogTexture: Display: 텍스처 빌드: Texture2D_7 (BGRA8, 64X64)
[2018.07.26-05.02.22:021][663]LogTexture: Display: 텍스처 빌드: Texture2D_8 (BGRA8, 64X64)
[2018.07.26-05.02.22:022][663]LogTexture: Display: 텍스처 빌드: Texture2D_9 (BGRA8, 64X64)
[2018.07.26-05.02.22:023][663]LogTexture: Display: 텍스처 빌드: Texture2D_10 (BGRA8, 64X64)
[2018.07.26-05.02.22:023][663]LogTexture: Display: 텍스처 빌드: Texture2D_11 (BGRA8, 64X64)
[2018.07.26-05.02.22:025][663]LogTexture: Display: 텍스처 빌드: Texture2D_13 (BGRA8, 64X64)
[2018.07.26-05.02.22:029][663]LogTexture: Display: 텍스처 빌드: Texture2D_15 (BGRA8, 64X64)
[2018.07.26-05.02.22:029][663]LogTexture: Display: 텍스처 빌드: Texture2D_16 (BGRA8, 64X64)
[2018.07.26-05.02.22:030][663]LogTexture: Display: 텍스처 빌드: Texture2D_17 (BGRA8, 64X64)
[2018.07.26-05.02.22:030][663]LogTexture: Display: 텍스처 빌드: Texture2D_18 (BGRA8, 64X64)
[2018.07.26-05.02.22:031][663]LogTexture: Display: 텍스처 빌드: Texture2D_20 (BGRA8, 64X64)
[2018.07.26-05.02.22:032][663]LogTexture: Display: 텍스처 빌드: Texture2D_22 (BGRA8, 64X64)
[2018.07.26-05.02.22:033][663]LogTexture: Display: 텍스처 빌드: Texture2D_23 (BGRA8, 64X64)
[2018.07.26-05.02.22:033][663]LogTexture: Display: 텍스처 빌드: Texture2D_24 (BGRA8, 64X64)
[2018.07.26-05.02.22:034][663]LogTexture: Display: 텍스처 빌드: Texture2D_25 (BGRA8, 64X64)
[2018.07.26-05.02.22:035][663]LogTexture: Display: 텍스처 빌드: Texture2D_26 (BGRA8, 64X64)
[2018.07.26-05.02.22:035][663]LogTexture: Display: 텍스처 빌드: Texture2D_27 (BGRA8, 64X64)
[2018.07.26-05.02.22:036][663]LogTexture: Display: 텍스처 빌드: Texture2D_29 (BGRA8, 64X64)
[2018.07.26-05.02.22:037][663]LogTexture: Display: 텍스처 빌드: Texture2D_31 (BGRA8, 64X64)
[2018.07.26-05.02.22:037][663]LogTexture: Display: 텍스처 빌드: Texture2D_32 (BGRA8, 64X64)
[2018.07.26-05.02.22:037][663]LogTexture: Display: 텍스처 빌드: Texture2D_33 (BGRA8, 64X64)
[2018.07.26-05.02.22:038][663]LogTexture: Display: 텍스처 빌드: Texture2D_34 (BGRA8, 64X64)
[2018.07.26-05.02.22:038][663]LogTexture: Display: 텍스처 빌드: Texture2D_35 (BGRA8, 64X64)
[2018.07.26-05.02.22:039][663]LogTexture: Display: 텍스처 빌드: Texture2D_36 (BGRA8, 64X64)
[2018.07.26-05.02.22:039][663]LogTexture: Display: 텍스처 빌드: Texture2D_37 (BGRA8, 64X64)
[2018.07.26-05.02.22:040][663]LogTexture: Display: 텍스처 빌드: Texture2D_38 (BGRA8, 64X64)
[2018.07.26-05.02.22:041][663]LogTexture: Display: 텍스처 빌드: Texture2D_39 (BGRA8, 64X64)
[2018.07.26-05.02.22:041][663]LogTexture: Display: 텍스처 빌드: Texture2D_40 (BGRA8, 64X64)
[2018.07.26-05.02.22:042][663]LogTexture: Display: 텍스처 빌드: Texture2D_41 (BGRA8, 64X64)
[2018.07.26-05.02.22:043][663]LogTexture: Display: 텍스처 빌드: Texture2D_42 (BGRA8, 64X64)
[2018.07.26-05.02.22:044][663]LogTexture: Display: 텍스처 빌드: Texture2D_43 (BGRA8, 64X64)
[2018.07.26-05.02.22:044][663]LogTexture: Display: 텍스처 빌드: Texture2D_44 (BGRA8, 64X64)
[2018.07.26-05.02.22:045][663]LogTexture: Display: 텍스처 빌드: Texture2D_45 (BGRA8, 64X64)
[2018.07.26-05.02.22:045][663]LogTexture: Display: 텍스처 빌드: Texture2D_46 (BGRA8, 64X64)
[2018.07.26-05.02.22:046][663]LogTexture: Display: 텍스처 빌드: Texture2D_47 (BGRA8, 64X64)
[2018.07.26-05.02.22:046][663]LogTexture: Display: 텍스처 빌드: Texture2D_48 (BGRA8, 64X64)
[2018.07.26-05.02.22:047][663]LogTexture: Display: 텍스처 빌드: Texture2D_49 (BGRA8, 64X64)
[2018.07.26-05.02.22:048][663]LogTexture: Display: 텍스처 빌드: Texture2D_50 (BGRA8, 64X64)
[2018.07.26-05.02.22:048][663]LogTexture: Display: 텍스처 빌드: Texture2D_51 (BGRA8, 64X64)
[2018.07.26-05.02.22:049][663]LogTexture: Display: 텍스처 빌드: Texture2D_52 (BGRA8, 64X64)
[2018.07.26-05.02.22:049][663]LogTexture: Display: 텍스처 빌드: Texture2D_53 (BGRA8, 64X64)
[2018.07.26-05.02.22:050][663]LogTexture: Display: 텍스처 빌드: Texture2D_54 (BGRA8, 64X64)
[2018.07.26-05.02.22:051][663]LogTexture: Display: 텍스처 빌드: Texture2D_55 (BGRA8, 64X64)
[2018.07.26-05.02.22:053][663]LogTexture: Display: 텍스처 빌드: Texture2D_56 (BGRA8, 64X64)
[2018.07.26-05.02.22:054][663]LogTexture: Display: 텍스처 빌드: Texture2D_57 (BGRA8, 64X64)
[2018.07.26-05.02.22:055][663]LogTexture: Display: 텍스처 빌드: Texture2D_58 (BGRA8, 64X64)
[2018.07.26-05.02.22:056][663]LogTexture: Display: 텍스처 빌드: Texture2D_59 (BGRA8, 64X64)
[2018.07.26-05.02.22:057][663]LogTexture: Display: 텍스처 빌드: Texture2D_60 (BGRA8, 64X64)
[2018.07.26-05.02.22:058][663]LogTexture: Display: 텍스처 빌드: Texture2D_61 (BGRA8, 64X64)
[2018.07.26-05.02.22:059][663]LogTexture: Display: 텍스처 빌드: Texture2D_62 (BGRA8, 64X64)
[2018.07.26-05.02.22:059][663]LogTexture: Display: 텍스처 빌드: Texture2D_63 (BGRA8, 64X64)
[2018.07.26-05.02.22:059][663]LogTexture: Display: 텍스처 빌드: Texture2D_64 (BGRA8, 64X64)
[2018.07.26-05.02.22:060][663]LogTexture: Display: 텍스처 빌드: Texture2D_65 (BGRA8, 64X64)
[2018.07.26-05.02.22:061][663]LogTexture: Display: 텍스처 빌드: Texture2D_1 (BGRA8, 64X64)
[2018.07.26-05.02.22:061][663]LogTexture: Display: 텍스처 빌드: Texture2D_2 (BGRA8, 64X64)
[2018.07.26-05.02.22:062][663]LogTexture: Display: 텍스처 빌드: Texture2D_67 (BGRA8, 64X64)
[2018.07.26-05.02.22:063][663]LogTexture: Display: 텍스처 빌드: Texture2D_69 (BGRA8, 64X64)
[2018.07.26-05.02.22:064][663]LogTexture: Display: 텍스처 빌드: Texture2D_77 (BGRA8, 512X512)
[2018.07.26-05.02.22:539][663]LogSavePackage: Save=588.67ms
[2018.07.26-05.02.22:539][663]LogSavePackage: Moving '../../../../../../GitHub/AloneDevBR/BattleRoyal/Saved/Jungle_Auto1329E83164968810F6D2584B441BB3500.tmp' to '../../../../../../GitHub/AloneDevBR/BattleRoyal/Saved/Autosaves/Game/Maps/Jungle_Auto1.umap'
[2018.07.26-05.02.22:540][663]LogSavePackage: Display: Finished SavePackage ../../../../../../GitHub/AloneDevBR/BattleRoyal/Saved/Autosaves/Game/Maps/Jungle_Auto1.umap
[2018.07.26-05.02.22:541][663]LogFileHelpers: Editor autosave (incl. sublevels) for '/Game/Maps/Jungle' took 0.607
[2018.07.26-05.02.22:542][663]LogFileHelpers: Editor autosave (incl. sublevels) for all levels took 0.607
[2018.07.26-05.04.35:454][870]LogEditorViewport: Clicking on Actor (LMB): Landscape (Landscape2)
[2018.07.26-05.04.48:210][318]LogEditorViewport: Clicking on Actor (context menu): Landscape (Landscape1)
[2018.07.26-05.04.55:975][243]Cmd: TRANSACTION UNDO
[2018.07.26-05.04.55:975][243]LogEditorTransaction: Undo 뷰에 오브젝트 스냅
[2018.07.26-05.04.59:794][650]LogEditorViewport: Clicking on Actor (LMB): Landscape (Landscape2)
[2018.07.26-05.05.01:228][811]LogEditorViewport: Clicking on Actor (context menu): Landscape (Landscape1)
[2018.07.26-05.05.11:112][957]Cmd: TRANSACTION UNDO
[2018.07.26-05.05.11:112][957]LogEditorTransaction: Undo 뷰에 오브젝트 스냅
[2018.07.26-05.05.11:714][  7]LogEditorViewport: Clicking on Actor (context menu): Landscape (Landscape1)
[2018.07.26-05.05.12:491][ 97]Cmd: CAMERA SNAP
[2018.07.26-05.05.12:491][ 97]Snapped camera to the first selected object.
[2018.07.26-05.05.13:236][185]Cmd: TRANSACTION UNDO
[2018.07.26-05.05.13:236][185]LogEditorTransaction: Undo 액터 클릭 (맥락 메뉴)
[2018.07.26-05.05.18:586][796]LogEditorViewport: Clicking on Actor (LMB): BP_Sky_Sphere_C (Sky)
[2018.07.26-05.05.21:683][141]Cmd: OBJ SAVEPACKAGE PACKAGE="/Game/Maps/Jungle" FILE="../../../../../../GitHub/AloneDevBR/BattleRoyal/Content/Maps/Jungle.umap" SILENT=true AUTOSAVING=false KEEPDIRTY=false
[2018.07.26-05.05.21:696][141]LogTexture: Display: 텍스처 빌드: Texture2D_0 (BGRA8, 512X512)
[2018.07.26-05.05.22:183][141]LogSavePackage: Save=487.96ms
[2018.07.26-05.05.22:183][141]LogSavePackage: Moving '../../../../../../GitHub/AloneDevBR/BattleRoyal/Saved/Jungle2C281F9B4A399E31308A6185B363B832.tmp' to '../../../../../../GitHub/AloneDevBR/BattleRoyal/Content/Maps/Jungle.umap'
[2018.07.26-05.05.22:185][141]LogSavePackage: Display: Finished SavePackage ../../../../../../GitHub/AloneDevBR/BattleRoyal/Content/Maps/Jungle.umap
[2018.07.26-05.05.22:201][141]Cmd: OBJ SAVEPACKAGE PACKAGE="/Game/Maps/Jungle_BuiltData" FILE="../../../../../../GitHub/AloneDevBR/BattleRoyal/Content/Maps/Jungle_BuiltData.uasset" SILENT=true
[2018.07.26-05.05.22:204][141]LogSavePackage: Save=1.14ms
[2018.07.26-05.05.22:204][141]LogSavePackage: Moving '../../../../../../GitHub/AloneDevBR/BattleRoyal/Saved/Jungle_BuiltDataE68926A04537E839A7FB1E819B6AC117.tmp' to '../../../../../../GitHub/AloneDevBR/BattleRoyal/Content/Maps/Jungle_BuiltData.uasset'
[2018.07.26-05.05.22:205][141]LogSavePackage: Display: Finished SavePackage ../../../../../../GitHub/AloneDevBR/BattleRoyal/Content/Maps/Jungle_BuiltData.uasset
[2018.07.26-05.06.54:773][ 77]Cmd: QUIT_EDITOR
[2018.07.26-05.06.54:803][ 77]LogExit: Preparing to exit.
[2018.07.26-05.06.55:666][ 77]LogDirectoryWatcher: A directory notification for 'F:/GitHub/AloneDevBR/BattleRoyal/Content/' was aborted.
[2018.07.26-05.06.55:677][ 77]LogExit: Editor shut down
[2018.07.26-05.06.55:679][ 77]LogExit: Transaction tracking system shut down
[2018.07.26-05.06.55:795][ 77]LogDirectoryWatcher: A directory notification for '../../../Engine/Content/' was aborted.
[2018.07.26-05.06.55:795][ 77]LogDirectoryWatcher: A directory notification for '../../../../../../GitHub/AloneDevBR/BattleRoyal/Content/' was aborted.
[2018.07.26-05.06.55:795][ 77]LogDirectoryWatcher: A directory notification for '../../../Engine/Plugins/2D/Paper2D/Content/' was aborted.
[2018.07.26-05.06.55:795][ 77]LogDirectoryWatcher: A directory notification for '../../../Engine/Plugins/Media/MediaCompositing/Content/' was aborted.
[2018.07.26-05.06.55:795][ 77]LogDirectoryWatcher: A directory notification for '../../../Engine/Plugins/Runtime/AppleARKit/Content/' was aborted.
[2018.07.26-05.06.55:795][ 77]LogDirectoryWatcher: A directory notification for '../../../Engine/Plugins/Runtime/Oculus/OculusVR/Content/' was aborted.
[2018.07.26-05.06.55:795][ 77]LogDirectoryWatcher: A directory notification for '../../../Engine/Plugins/Runtime/Steam/SteamVR/Content/' was aborted.
[2018.07.26-05.06.55:843][ 77]LogExit: Object subsystem successfully closed.
[2018.07.26-05.06.55:862][ 77]LogD3D11RHI: Shutdown
[2018.07.26-05.06.55:862][ 77]LogD3D11RHI: CleanupD3DDevice
[2018.07.26-05.06.55:863][ 77]LogD3D11RHI: ~FD3D11DynamicRHI
[2018.07.26-05.06.55:869][ 77]LogModuleManager: Shutting down and abandoning module HierarchicalLODOutliner (552)
[2018.07.26-05.06.55:869][ 77]LogModuleManager: Shutting down and abandoning module ExternalImagePicker (550)
[2018.07.26-05.06.55:869][ 77]LogModuleManager: Shutting down and abandoning module DesktopPlatform (548)
[2018.07.26-05.06.55:869][ 77]LogModuleManager: Shutting down and abandoning module SceneOutliner (546)
[2018.07.26-05.06.55:869][ 77]LogModuleManager: Shutting down and abandoning module AddContentDialog (544)
[2018.07.26-05.06.55:869][ 77]LogDirectoryWatcher: A directory notification for 'F:/Program Files/Epic Games/UE_4.18/FeaturePacks/' was aborted.
[2018.07.26-05.06.55:870][ 77]LogModuleManager: Shutting down and abandoning module WidgetCarousel (543)
[2018.07.26-05.06.55:870][ 77]LogModuleManager: Shutting down and abandoning module EditorWidgets (540)
[2018.07.26-05.06.55:870][ 77]LogModuleManager: Shutting down and abandoning module CollectionManager (538)
[2018.07.26-05.06.55:870][ 77]LogDirectoryWatcher: A directory notification for 'F:/GitHub/AloneDevBR/BattleRoyal/Content/Collections/' was aborted.
[2018.07.26-05.06.55:870][ 77]LogDirectoryWatcher: A directory notification for 'F:/GitHub/AloneDevBR/BattleRoyal/Content/Developers/elfix89/Collections/' was aborted.
[2018.07.26-05.06.55:870][ 77]LogDirectoryWatcher: A directory notification for 'F:/GitHub/AloneDevBR/BattleRoyal/Saved/Collections/' was aborted.
[2018.07.26-05.06.55:870][ 77]LogModuleManager: Shutting down and abandoning module StatsViewer (536)
[2018.07.26-05.06.55:870][ 77]LogModuleManager: Shutting down and abandoning module FoliageEdit (534)
[2018.07.26-05.06.55:870][ 77]LogModuleManager: Shutting down and abandoning module LandscapeEditor (532)
[2018.07.26-05.06.55:870][ 77]LogModuleManager: Shutting down and abandoning module MeshPaintMode (530)
[2018.07.26-05.06.55:870][ 77]LogModuleManager: Shutting down and abandoning module SceneDepthPickerMode (528)
[2018.07.26-05.06.55:870][ 77]LogModuleManager: Shutting down and abandoning module ActorPickerMode (526)
[2018.07.26-05.06.55:870][ 77]LogModuleManager: Shutting down and abandoning module GeometryMode (524)
[2018.07.26-05.06.55:870][ 77]LogModuleManager: Shutting down and abandoning module TextureAlignMode (522)
[2018.07.26-05.06.55:870][ 77]LogModuleManager: Shutting down and abandoning module BspMode (520)
[2018.07.26-05.06.55:870][ 77]LogModuleManager: Shutting down and abandoning module PIEPreviewDeviceProfileSelector (518)
[2018.07.26-05.06.55:870][ 77]LogModuleManager: Shutting down and abandoning module HardwareSurvey (516)
[2018.07.26-05.06.55:870][ 77]LogModuleManager: Shutting down and abandoning module SequenceRecorderSections (514)
[2018.07.26-05.06.55:870][ 77]LogModuleManager: Shutting down and abandoning module AutomationWorker (512)
[2018.07.26-05.06.55:870][ 77]LogModuleManager: Shutting down and abandoning module MatineeToLevelSequence (510)
[2018.07.26-05.06.55:870][ 77]LogModuleManager: Shutting down and abandoning module LevelSequenceEditor (508)
[2018.07.26-05.06.55:870][ 77]LogModuleManager: Shutting down and abandoning module PlacementMode (507)
[2018.07.26-05.06.55:870][ 77]LogModuleManager: Shutting down and abandoning module WmfMediaFactory (504)
[2018.07.26-05.06.55:870][ 77]LogModuleManager: Shutting down and abandoning module WmfMediaEditor (502)
[2018.07.26-05.06.55:870][ 77]LogModuleManager: Shutting down and abandoning module OpenExrWrapper (500)
[2018.07.26-05.06.55:870][ 77]LogModuleManager: Shutting down and abandoning module ImgMediaFactory (498)
[2018.07.26-05.06.55:870][ 77]LogModuleManager: Shutting down and abandoning module ImgMediaEditor (496)
[2018.07.26-05.06.55:870][ 77]LogModuleManager: Shutting down and abandoning module AvfMediaFactory (494)
[2018.07.26-05.06.55:870][ 77]LogModuleManager: Shutting down and abandoning module AvfMediaEditor (492)
[2018.07.26-05.06.55:871][ 77]LogModuleManager: Shutting down and abandoning module AndroidMediaFactory (490)
[2018.07.26-05.06.55:871][ 77]LogModuleManager: Shutting down and abandoning module AndroidMediaEditor (488)
[2018.07.26-05.06.55:871][ 77]LogModuleManager: Shutting down and abandoning module CharacterAI (486)
[2018.07.26-05.06.55:871][ 77]LogModuleManager: Shutting down and abandoning module AudioCapture (484)
[2018.07.26-05.06.55:871][ 77]LogModuleManager: Shutting down and abandoning module SequenceRecorder (483)
[2018.07.26-05.06.55:871][ 77]LogModuleManager: Shutting down and abandoning module SmartSnapping (480)
[2018.07.26-05.06.55:871][ 77]LogModuleManager: Shutting down and abandoning module SessionServices (478)
[2018.07.26-05.06.55:871][ 77]LogModuleManager: Shutting down and abandoning module ViewportSnapping (476)
[2018.07.26-05.06.55:871][ 77]LogModuleManager: Shutting down and abandoning module ViewportInteraction (474)
[2018.07.26-05.06.55:871][ 77]LogModuleManager: Shutting down and abandoning module ClothPainter (472)
[2018.07.26-05.06.55:871][ 77]LogModuleManager: Shutting down and abandoning module SkeletalMeshEditor (471)
[2018.07.26-05.06.55:871][ 77]LogModuleManager: Shutting down and abandoning module LogVisualizer (468)
[2018.07.26-05.06.55:871][ 77]LogModuleManager: Shutting down and abandoning module IntroTutorials (466)
[2018.07.26-05.06.55:871][ 77]LogModuleManager: Shutting down and abandoning module GameProjectGeneration (465)
[2018.07.26-05.06.55:871][ 77]LogModuleManager: Shutting down and abandoning module IOSPlatformEditor (462)
[2018.07.26-05.06.55:871][ 77]LogModuleManager: Shutting down and abandoning module HTML5PlatformEditor (460)
[2018.07.26-05.06.55:871][ 77]LogModuleManager: Shutting down and abandoning module AndroidPlatformEditor (458)
[2018.07.26-05.06.55:871][ 77]LogModuleManager: Shutting down and abandoning module AndroidDeviceDetection (457)
[2018.07.26-05.06.55:904][ 77]LogModuleManager: Shutting down and abandoning module WindowsPlatformEditor (454)
[2018.07.26-05.06.55:904][ 77]LogModuleManager: Shutting down and abandoning module IOSRuntimeSettings (452)
[2018.07.26-05.06.55:904][ 77]LogModuleManager: Shutting down and abandoning module AndroidRuntimeSettings (450)
[2018.07.26-05.06.55:904][ 77]LogModuleManager: Shutting down and abandoning module InputBindingEditor (448)
[2018.07.26-05.06.55:904][ 77]LogModuleManager: Shutting down and abandoning module MergeActors (446)
[2018.07.26-05.06.55:904][ 77]LogModuleManager: Shutting down and abandoning module SizeMap (444)
[2018.07.26-05.06.55:904][ 77]LogModuleManager: Shutting down and abandoning module TreeMap (442)
[2018.07.26-05.06.55:904][ 77]LogModuleManager: Shutting down and abandoning module ReferenceViewer (440)
[2018.07.26-05.06.55:904][ 77]LogModuleManager: Shutting down and abandoning module LocalizationDashboard (438)
[2018.07.26-05.06.55:904][ 77]LogModuleManager: Shutting down and abandoning module LocalizationService (437)
[2018.07.26-05.06.55:904][ 77]LogModuleManager: Shutting down and abandoning module HardwareTargeting (434)
[2018.07.26-05.06.55:904][ 77]LogModuleManager: Shutting down and abandoning module DeviceProfileEditor (432)
[2018.07.26-05.06.55:904][ 77]LogModuleManager: Shutting down and abandoning module UndoHistory (430)
[2018.07.26-05.06.55:904][ 77]LogModuleManager: Shutting down and abandoning module XmlParser (428)
[2018.07.26-05.06.55:904][ 77]LogModuleManager: Shutting down and abandoning module Blutility (426)
[2018.07.26-05.06.55:904][ 77]LogModuleManager: Shutting down and abandoning module ProjectSettingsViewer (424)
[2018.07.26-05.06.55:904][ 77]LogModuleManager: Shutting down and abandoning module ProjectTargetPlatformEditor (423)
[2018.07.26-05.06.55:905][ 77]LogModuleManager: Shutting down and abandoning module EditorSettingsViewer (420)
[2018.07.26-05.06.55:905][ 77]LogModuleManager: Shutting down and abandoning module SettingsEditor (418)
[2018.07.26-05.06.55:905][ 77]LogModuleManager: Shutting down and abandoning module ProjectLauncher (416)
[2018.07.26-05.06.55:905][ 77]LogModuleManager: Shutting down and abandoning module SessionFrontend (414)
[2018.07.26-05.06.55:905][ 77]LogModuleManager: Shutting down and abandoning module ProfilerClient (412)
[2018.07.26-05.06.55:905][ 77]LogModuleManager: Shutting down and abandoning module DeviceManager (410)
[2018.07.26-05.06.55:905][ 77]LogModuleManager: Shutting down and abandoning module TargetDeviceServices (409)
[2018.07.26-05.06.55:945][ 77]LogModuleManager: Shutting down and abandoning module AutomationController (406)
[2018.07.26-05.06.55:945][ 77]LogModuleManager: Shutting down and abandoning module AutomationWindow (404)
[2018.07.26-05.06.55:945][ 77]LogModuleManager: Shutting down and abandoning module Layers (402)
[2018.07.26-05.06.55:945][ 77]LogModuleManager: Shutting down and abandoning module ComponentVisualizers (400)
[2018.07.26-05.06.55:945][ 77]LogModuleManager: Shutting down and abandoning module DetailCustomizations (398)
[2018.07.26-05.06.55:945][ 77]LogModuleManager: Shutting down and abandoning module PackagesDialog (396)
[2018.07.26-05.06.55:945][ 77]LogModuleManager: Shutting down and abandoning module Persona (394)
[2018.07.26-05.06.55:945][ 77]LogModuleManager: Shutting down and abandoning module AdvancedPreviewScene (393)
[2018.07.26-05.06.55:945][ 77]LogModuleManager: Shutting down and abandoning module AnimGraph (391)
[2018.07.26-05.06.55:945][ 77]LogModuleManager: Shutting down and abandoning module Kismet (388)
[2018.07.26-05.06.55:945][ 77]LogModuleManager: Shutting down and abandoning module ClassViewer (386)
[2018.07.26-05.06.55:945][ 77]LogModuleManager: Shutting down and abandoning module Toolbox (384)
[2018.07.26-05.06.55:945][ 77]LogModuleManager: Shutting down and abandoning module ModuleUI (382)
[2018.07.26-05.06.55:945][ 77]LogModuleManager: Shutting down and abandoning module MovieSceneTools (380)
[2018.07.26-05.06.55:945][ 77]LogModuleManager: Shutting down and abandoning module OutputLog (378)
[2018.07.26-05.06.55:945][ 77]LogModuleManager: Shutting down and abandoning module GammaUI (376)
[2018.07.26-05.06.55:945][ 77]LogModuleManager: Shutting down and abandoning module Documentation (374)
[2018.07.26-05.06.55:946][ 77]LogModuleManager: Shutting down and abandoning module MovieSceneTracks (372)
[2018.07.26-05.06.55:946][ 77]LogModuleManager: Shutting down and abandoning module MovieScene (370)
[2018.07.26-05.06.55:946][ 77]LogModuleManager: Shutting down and abandoning module StreamingPauseRendering (368)
[2018.07.26-05.06.55:946][ 77]LogModuleManager: Shutting down and abandoning module LauncherPlatform (366)
[2018.07.26-05.06.55:946][ 77]LogModuleManager: Shutting down and abandoning module AnalyticsET (364)
[2018.07.26-05.06.55:946][ 77]LogModuleManager: Shutting down and abandoning module PortalServices (362)
[2018.07.26-05.06.55:946][ 77]LogModuleManager: Shutting down and abandoning module PortalRpc (360)
[2018.07.26-05.06.55:946][ 77]LogModuleManager: Shutting down and abandoning module MessagingRpc (358)
[2018.07.26-05.06.55:946][ 77]LogModuleManager: Shutting down and abandoning module AIModule (356)
[2018.07.26-05.06.55:946][ 77]LogModuleManager: Shutting down and abandoning module GameplayDebugger (355)
[2018.07.26-05.06.55:946][ 77]LogModuleManager: Shutting down and abandoning module AITestSuite (353)
[2018.07.26-05.06.55:946][ 77]LogModuleManager: Shutting down and abandoning module ProfilerService (350)
[2018.07.26-05.06.56:059][ 77]LogModuleManager: Shutting down and abandoning module TaskGraph (348)
[2018.07.26-05.06.56:059][ 77]LogModuleManager: Shutting down and abandoning module SteamVRController (346)
[2018.07.26-05.06.56:059][ 77]LogModuleManager: Shutting down and abandoning module ProceduralMeshComponentEditor (344)
[2018.07.26-05.06.56:059][ 77]LogModuleManager: Shutting down and abandoning module ProceduralMeshComponent (342)
[2018.07.26-05.06.56:059][ 77]LogModuleManager: Shutting down and abandoning module OculusInput (340)
[2018.07.26-05.06.56:059][ 77]LogModuleManager: Shutting down and abandoning module MobilePatchingUtils (338)
[2018.07.26-05.06.56:059][ 77]LogModuleManager: Shutting down and abandoning module CustomMeshComponent (336)
[2018.07.26-05.06.56:059][ 77]LogModuleManager: Shutting down and abandoning module CableComponent (334)
[2018.07.26-05.06.56:059][ 77]LogModuleManager: Shutting down and abandoning module ArchVisCharacter (332)
[2018.07.26-05.06.56:059][ 77]LogModuleManager: Shutting down and abandoning module AndroidPermission (330)
[2018.07.26-05.06.56:059][ 77]LogModuleManager: Shutting down and abandoning module ActorSequence (326)
[2018.07.26-05.06.56:059][ 77]LogModuleManager: Shutting down and abandoning module MediaPlayerEditor (324)
[2018.07.26-05.06.56:059][ 77]LogModuleManager: Shutting down and abandoning module MediaCompositingEditor (322)
[2018.07.26-05.06.56:059][ 77]LogModuleManager: Shutting down and abandoning module MediaCompositing (320)
[2018.07.26-05.06.56:059][ 77]LogModuleManager: Shutting down and abandoning module HTML5Networking (318)
[2018.07.26-05.06.56:059][ 77]LogModuleManager: Shutting down and abandoning module AlembicImporter (316)
[2018.07.26-05.06.56:059][ 77]LogModuleManager: Shutting down and abandoning module AlembicLibrary (315)
[2018.07.26-05.06.56:059][ 77]LogModuleManager: Shutting down and abandoning module GeometryCache (314)
[2018.07.26-05.06.56:059][ 77]LogModuleManager: Shutting down and abandoning module GeometryCacheEd (313)
[2018.07.26-05.06.56:059][ 77]LogModuleManager: Shutting down and abandoning module SpeedTreeImporter (308)
[2018.07.26-05.06.56:060][ 77]LogModuleManager: Shutting down and abandoning module PluginBrowser (306)
[2018.07.26-05.06.56:060][ 77]LogModuleManager: Shutting down and abandoning module MobileLauncherProfileWizard (304)
[2018.07.26-05.06.56:060][ 77]LogModuleManager: Shutting down and abandoning module VisualStudioSourceCodeAccess (302)
[2018.07.26-05.06.56:060][ 77]LogModuleManager: Shutting down and abandoning module VisualStudioCodeSourceCodeAccess (300)
[2018.07.26-05.06.56:060][ 77]LogModuleManager: Shutting down and abandoning module UObjectPlugin (298)
[2018.07.26-05.06.56:060][ 77]LogModuleManager: Shutting down and abandoning module SubversionSourceControl (296)
[2018.07.26-05.06.56:060][ 77]LogModuleManager: Shutting down and abandoning module PerforceSourceControl (294)
[2018.07.26-05.06.56:060][ 77]LogModuleManager: Shutting down and abandoning module GitSourceControl (292)
[2018.07.26-05.06.56:060][ 77]LogModuleManager: Shutting down and abandoning module SourceControl (291)
[2018.07.26-05.06.56:060][ 77]LogModuleManager: Shutting down and abandoning module LightPropagationVolumeEditor (288)
[2018.07.26-05.06.56:060][ 77]LogModuleManager: Shutting down and abandoning module PaperTiledImporter (286)
[2018.07.26-05.06.56:060][ 77]LogModuleManager: Shutting down and abandoning module PaperSpriteSheetImporter (284)
[2018.07.26-05.06.56:060][ 77]LogModuleManager: Shutting down and abandoning module Paper2DEditor (282)
[2018.07.26-05.06.56:060][ 77]LogModuleManager: Shutting down and abandoning module MeshPaint (281)
[2018.07.26-05.06.56:060][ 77]LogModuleManager: Shutting down and abandoning module LevelEditor (279)
[2018.07.26-05.06.56:061][ 77]LogModuleManager: Shutting down and abandoning module PixelInspectorModule (278)
[2018.07.26-05.06.56:061][ 77]LogModuleManager: Shutting down and abandoning module MainFrame (276)
[2018.07.26-05.06.56:061][ 77]LogModuleManager: Shutting down and abandoning module HotReload (275)
[2018.07.26-05.06.56:061][ 77]LogDirectoryWatcher: A directory notification for 'F:/GitHub/AloneDevBR/BattleRoyal/Binaries/Win64' was aborted.
[2018.07.26-05.06.56:062][ 77]LogModuleManager: Shutting down and abandoning module BattleRoyal (270)
[2018.07.26-05.06.56:062][ 77]LogModuleManager: Shutting down and abandoning module RuntimePhysXCooking (268)
[2018.07.26-05.06.56:062][ 77]LogModuleManager: Shutting down and abandoning module PhysXVehiclesEditor (266)
[2018.07.26-05.06.56:062][ 77]LogModuleManager: Shutting down and abandoning module PhysXVehicles (264)
[2018.07.26-05.06.56:062][ 77]LogModuleManager: Shutting down and abandoning module OculusEditor (262)
[2018.07.26-05.06.56:062][ 77]LogModuleManager: Shutting down and abandoning module LocationServicesBPLibrary (260)
[2018.07.26-05.06.56:062][ 77]LogModuleManager: Shutting down and abandoning module ImmediatePhysicsEditor (258)
[2018.07.26-05.06.56:062][ 77]LogModuleManager: Shutting down and abandoning module ImmediatePhysics (256)
[2018.07.26-05.06.56:062][ 77]LogModuleManager: Shutting down and abandoning module UdpMessaging (254)
[2018.07.26-05.06.56:162][ 77]LogModuleManager: Shutting down and abandoning module TcpMessaging (252)
[2018.07.26-05.06.56:585][ 77]LogModuleManager: Shutting down and abandoning module GameplayTagsEditor (250)
[2018.07.26-05.06.56:585][ 77]LogModuleManager: Shutting down and abandoning module FacialAnimationEditor (248)
[2018.07.26-05.06.56:585][ 77]LogModuleManager: Shutting down and abandoning module FacialAnimation (246)
[2018.07.26-05.06.56:585][ 77]LogModuleManager: Shutting down and abandoning module AssetManagerEditor (244)
[2018.07.26-05.06.56:585][ 77]LogModuleManager: Shutting down and abandoning module GraphEditor (243)
[2018.07.26-05.06.56:585][ 77]LogModuleManager: Shutting down and abandoning module ContentBrowser (241)
[2018.07.26-05.06.56:586][ 77]LogModuleManager: Shutting down and abandoning module LightPropagationVolumeRuntime (238)
[2018.07.26-05.06.56:586][ 77]LogModuleManager: Shutting down and abandoning module Paper2D (236)
[2018.07.26-05.06.56:586][ 77]LogModuleManager: Shutting down and abandoning module WindowsMoviePlayer (234)
[2018.07.26-05.06.56:586][ 77]LogModuleManager: Shutting down and abandoning module WmfMedia (232)
[2018.07.26-05.06.56:587][ 77]LogModuleManager: Shutting down and abandoning module ImgMedia (230)
[2018.07.26-05.06.56:587][ 77]LogModuleManager: Shutting down and abandoning module PacketHandler (228)
[2018.07.26-05.06.56:587][ 77]LogModuleManager: Shutting down and abandoning module ClothingSystemEditor (226)
[2018.07.26-05.06.56:587][ 77]LogModuleManager: Shutting down and abandoning module ClothingSystemRuntime (224)
[2018.07.26-05.06.56:587][ 77]LogModuleManager: Shutting down and abandoning module MediaAssets (222)
[2018.07.26-05.06.56:587][ 77]LogModuleManager: Shutting down and abandoning module Media (221)
[2018.07.26-05.06.56:592][ 77]LogModuleManager: Shutting down and abandoning module Overlay (218)
[2018.07.26-05.06.56:592][ 77]LogModuleManager: Shutting down and abandoning module OverlayEditor (217)
[2018.07.26-05.06.56:592][ 77]LogModuleManager: Shutting down and abandoning module VREditor (214)
[2018.07.26-05.06.56:592][ 77]LogModuleManager: Shutting down and abandoning module StringTableEditor (212)
[2018.07.26-05.06.56:592][ 77]LogModuleManager: Shutting down and abandoning module GameplayTasksEditor (210)
[2018.07.26-05.06.56:592][ 77]LogModuleManager: Shutting down and abandoning module BehaviorTreeEditor (208)
[2018.07.26-05.06.56:592][ 77]LogModuleManager: Shutting down and abandoning module FunctionalTesting (206)
[2018.07.26-05.06.56:592][ 77]LogModuleManager: Shutting down and abandoning module CollisionAnalyzer (204)
[2018.07.26-05.06.56:592][ 77]LogModuleManager: Shutting down and abandoning module WorkspaceMenuStructure (203)
[2018.07.26-05.06.56:592][ 77]LogModuleManager: Shutting down and abandoning module UMG (200)
[2018.07.26-05.06.56:592][ 77]LogModuleManager: Shutting down and abandoning module UMGEditor (199)
[2018.07.26-05.06.56:592][ 77]LogModuleManager: Shutting down and abandoning module Sequencer (198)
[2018.07.26-05.06.56:592][ 77]LogModuleManager: Shutting down and abandoning module MessageLog (195)
[2018.07.26-05.06.56:592][ 77]LogModuleManager: Shutting down and abandoning module SlateReflector (190)
[2018.07.26-05.06.56:592][ 77]LogModuleManager: Shutting down and abandoning module Slate (188)
[2018.07.26-05.06.56:592][ 77]LogModuleManager: Shutting down and abandoning module EditorStyle (186)
[2018.07.26-05.06.56:594][ 77]LogModuleManager: Shutting down and abandoning module MRMesh (184)
[2018.07.26-05.06.56:594][ 77]LogModuleManager: Shutting down and abandoning module SourceCodeAccess (182)
[2018.07.26-05.06.56:594][ 77]LogModuleManager: Shutting down and abandoning module HeadMountedDisplay (180)
[2018.07.26-05.06.56:594][ 77]LogModuleManager: Shutting down and abandoning module XAudio2 (178)
[2018.07.26-05.06.56:594][ 77]LogModuleManager: Shutting down and abandoning module Networking (176)
[2018.07.26-05.06.56:594][ 77]LogModuleManager: Shutting down and abandoning module Core (172)
[2018.07.26-05.06.56:594][ 77]LogModuleManager: Shutting down and abandoning module LevelSequence (168)
[2018.07.26-05.06.56:594][ 77]LogModuleManager: Shutting down and abandoning module DirectoryWatcher (166)
[2018.07.26-05.06.56:594][ 77]LogModuleManager: Shutting down and abandoning module KismetCompiler (164)
[2018.07.26-05.06.56:594][ 77]LogModuleManager: Shutting down and abandoning module MeshUtilities (162)
[2018.07.26-05.06.56:594][ 77]LogModuleManager: Shutting down and abandoning module MeshMergeUtilities (161)
[2018.07.26-05.06.56:594][ 77]LogModuleManager: Shutting down and abandoning module MeshReductionInterface (160)
[2018.07.26-05.06.56:594][ 77]LogModuleManager: Shutting down and abandoning module SimplygonSwarm (159)
[2018.07.26-05.06.56:594][ 77]LogModuleManager: Shutting down and abandoning module SimplygonMeshReduction (157)
[2018.07.26-05.06.56:594][ 77]LogModuleManager: Shutting down and abandoning module QuadricMeshReduction (155)
[2018.07.26-05.06.56:594][ 77]LogModuleManager: Shutting down and abandoning module MaterialBaking (151)
[2018.07.26-05.06.56:594][ 77]LogModuleManager: Shutting down and abandoning module DerivedDataCache (148)
[2018.07.26-05.06.56:670][ 77]LogDerivedDataCache: Shutdown
[2018.07.26-05.06.56:670][ 77]LogModuleManager: Shutting down and abandoning module TargetPlatform (146)
[2018.07.26-05.06.56:670][ 77]LogModuleManager: Shutting down and abandoning module VulkanShaderFormat (145)
[2018.07.26-05.06.56:670][ 77]LogModuleManager: Shutting down and abandoning module ShaderFormatVectorVM (143)
[2018.07.26-05.06.56:670][ 77]LogModuleManager: Shutting down and abandoning module ShaderFormatOpenGL (141)
[2018.07.26-05.06.56:670][ 77]LogModuleManager: Shutting down and abandoning module ShaderFormatD3D (139)
[2018.07.26-05.06.56:670][ 77]LogModuleManager: Shutting down and abandoning module MetalShaderFormat (137)
[2018.07.26-05.06.56:670][ 77]LogModuleManager: Shutting down and abandoning module TextureFormatUncompressed (135)
[2018.07.26-05.06.56:670][ 77]LogModuleManager: Shutting down and abandoning module TextureFormatPVR (133)
[2018.07.26-05.06.56:670][ 77]LogModuleManager: Shutting down and abandoning module TextureFormatDXT (131)
[2018.07.26-05.06.56:670][ 77]LogModuleManager: Shutting down and abandoning module TextureFormatIntelISPCTexComp (129)
[2018.07.26-05.06.56:670][ 77]LogModuleManager: Shutting down and abandoning module TextureFormatASTC (127)
[2018.07.26-05.06.56:670][ 77]LogModuleManager: Shutting down and abandoning module ImageWrapper (126)
[2018.07.26-05.06.56:670][ 77]LogModuleManager: Shutting down and abandoning module TextureFormatAndroid (123)
[2018.07.26-05.06.56:670][ 77]LogModuleManager: Shutting down and abandoning module AudioFormatOpus (121)
[2018.07.26-05.06.56:670][ 77]LogModuleManager: Shutting down and abandoning module AudioFormatOgg (119)
[2018.07.26-05.06.56:670][ 77]LogModuleManager: Shutting down and abandoning module AudioFormatADPCM (117)
[2018.07.26-05.06.56:671][ 77]LogModuleManager: Shutting down and abandoning module LinuxTargetPlatform (115)
[2018.07.26-05.06.56:671][ 77]LogModuleManager: Shutting down and abandoning module LinuxServerTargetPlatform (113)
[2018.07.26-05.06.56:671][ 77]LogModuleManager: Shutting down and abandoning module LinuxNoEditorTargetPlatform (111)
[2018.07.26-05.06.56:671][ 77]LogModuleManager: Shutting down and abandoning module LinuxClientTargetPlatform (109)
[2018.07.26-05.06.56:671][ 77]LogModuleManager: Shutting down and abandoning module TVOSTargetPlatform (107)
[2018.07.26-05.06.56:671][ 77]LogModuleManager: Shutting down and abandoning module Messaging (105)
[2018.07.26-05.06.56:671][ 77]LogModuleManager: Shutting down and abandoning module IOSTargetPlatform (103)
[2018.07.26-05.06.56:671][ 77]LogModuleManager: Shutting down and abandoning module HTML5TargetPlatform (101)
[2018.07.26-05.06.56:671][ 77]LogModuleManager: Shutting down and abandoning module AndroidTargetPlatform (99)
[2018.07.26-05.06.56:671][ 77]LogModuleManager: Shutting down and abandoning module Android_PVRTCTargetPlatform (97)
[2018.07.26-05.06.56:671][ 77]LogModuleManager: Shutting down and abandoning module Android_MultiTargetPlatform (95)
[2018.07.26-05.06.56:671][ 77]LogModuleManager: Shutting down and abandoning module Android_ETC2TargetPlatform (93)
[2018.07.26-05.06.56:671][ 77]LogModuleManager: Shutting down and abandoning module Android_ETC1TargetPlatform (91)
[2018.07.26-05.06.56:671][ 77]LogModuleManager: Shutting down and abandoning module Android_DXTTargetPlatform (89)
[2018.07.26-05.06.56:671][ 77]LogModuleManager: Shutting down and abandoning module Android_ATCTargetPlatform (87)
[2018.07.26-05.06.56:671][ 77]LogModuleManager: Shutting down and abandoning module Android_ASTCTargetPlatform (85)
[2018.07.26-05.06.56:671][ 77]LogModuleManager: Shutting down and abandoning module WindowsTargetPlatform (83)
[2018.07.26-05.06.56:671][ 77]LogModuleManager: Shutting down and abandoning module WindowsServerTargetPlatform (81)
[2018.07.26-05.06.56:671][ 77]LogModuleManager: Shutting down and abandoning module WindowsNoEditorTargetPlatform (79)
[2018.07.26-05.06.56:671][ 77]LogModuleManager: Shutting down and abandoning module WindowsClientTargetPlatform (77)
[2018.07.26-05.06.56:671][ 77]LogModuleManager: Shutting down and abandoning module MacTargetPlatform (75)
[2018.07.26-05.06.56:671][ 77]LogModuleManager: Shutting down and abandoning module MacServerTargetPlatform (73)
[2018.07.26-05.06.56:671][ 77]LogModuleManager: Shutting down and abandoning module MacNoEditorTargetPlatform (71)
[2018.07.26-05.06.56:671][ 77]LogModuleManager: Shutting down and abandoning module MacClientTargetPlatform (69)
[2018.07.26-05.06.56:671][ 77]LogModuleManager: Shutting down and abandoning module AllDesktopTargetPlatform (67)
[2018.07.26-05.06.56:671][ 77]LogModuleManager: Shutting down and abandoning module InputCore (64)
[2018.07.26-05.06.56:671][ 77]LogModuleManager: Shutting down and abandoning module Settings (62)
[2018.07.26-05.06.56:671][ 77]LogModuleManager: Shutting down and abandoning module PhysXCooking (60)
[2018.07.26-05.06.56:671][ 77]LogModuleManager: Shutting down and abandoning module SteamVR (58)
[2018.07.26-05.06.56:671][ 77]LogModuleManager: Shutting down and abandoning module OculusHMD (56)
[2018.07.26-05.06.56:671][ 77]LogModuleManager: Shutting down and abandoning module ExampleDeviceProfileSelector (54)
[2018.07.26-05.06.56:671][ 77]LogModuleManager: Shutting down and abandoning module AppleARKit (52)
[2018.07.26-05.06.56:671][ 77]LogModuleManager: Shutting down and abandoning module AugmentedReality (51)
[2018.07.26-05.06.56:671][ 77]LogModuleManager: Shutting down and abandoning module OnlineBlueprintSupport (48)
[2018.07.26-05.06.56:671][ 77]LogModuleManager: Shutting down and abandoning module OnlineSubsystem (44)
[2018.07.26-05.06.56:671][ 77]LogModuleManager: Shutting down and abandoning module XMPP (43)
[2018.07.26-05.06.56:671][ 77]LogModuleManager: Shutting down and abandoning module HTTP (41)
[2018.07.26-05.06.56:671][ 77]LogHttp: Display: Http module shutting down, but needs to wait on 1 outstanding Http requests:
[2018.07.26-05.06.56:671][ 77]LogHttp: Display: 	verb=[POST] url=[https://datarouter.ol.epicgames.com/datarouter/api/v1/public/data?SessionID=%7B21BB9F3D-4A52-8557-181C-4CA76A853863%7D&AppID=UEEditor.Rocket.Release&AppVersion=4.18.3-3832480%2B%2B%2BUE4%2BRelease-4.18&UserID=94c731dd42a21430a0813f9b8e80546f%7C64f3892a240c439e87cf79da3f9375cc%7C0abbe26c-c40c-4421-8e98-5ab0856112db&AppEnvironment=datacollector-binary&UploadType=eteventstream] status=Processing
[2018.07.26-05.06.56:686][ 77]LogModuleManager: Shutting down and abandoning module SSL (40)
[2018.07.26-05.06.56:686][ 77]LogModuleManager: Shutting down and abandoning module AnimationModifiers (36)
[2018.07.26-05.06.56:686][ 77]LogModuleManager: Shutting down and abandoning module PropertyEditor (35)
[2018.07.26-05.06.56:686][ 77]LogModuleManager: Shutting down and abandoning module AudioEditor (32)
[2018.07.26-05.06.56:687][ 77]LogModuleManager: Shutting down and abandoning module TextureCompressor (30)
[2018.07.26-05.06.56:687][ 77]LogModuleManager: Shutting down and abandoning module ShaderCore (28)
[2018.07.26-05.06.56:687][ 77]LogModuleManager: Shutting down and abandoning module Landscape (26)
[2018.07.26-05.06.56:687][ 77]LogModuleManager: Shutting down and abandoning module SlateRHIRenderer (24)
[2018.07.26-05.06.56:688][ 77]LogModuleManager: Shutting down and abandoning module OpenGLDrv (22)
[2018.07.26-05.06.56:688][ 77]LogModuleManager: Shutting down and abandoning module D3D11RHI (20)
[2018.07.26-05.06.56:688][ 77]LogModuleManager: Shutting down and abandoning module AnimGraphRuntime (18)
[2018.07.26-05.06.56:688][ 77]LogModuleManager: Shutting down and abandoning module Renderer (16)
[2018.07.26-05.06.56:688][ 77]LogModuleManager: Shutting down and abandoning module Engine (14)
[2018.07.26-05.06.56:688][ 77]LogModuleManager: Shutting down and abandoning module CoreUObject (12)
[2018.07.26-05.06.56:688][ 77]LogModuleManager: Shutting down and abandoning module NetworkFile (10)
[2018.07.26-05.06.56:688][ 77]LogModuleManager: Shutting down and abandoning module CookedIterativeFile (8)
[2018.07.26-05.06.56:688][ 77]LogModuleManager: Shutting down and abandoning module StreamingFile (6)
[2018.07.26-05.06.56:688][ 77]LogModuleManager: Shutting down and abandoning module SandboxFile (4)
[2018.07.26-05.06.56:688][ 77]LogModuleManager: Shutting down and abandoning module PakFile (2)
[2018.07.26-05.06.56:691][ 77]LogExit: Exiting.
[2018.07.26-05.06.56:698][ 77]Log file closed, 07/26/18 14:06:56
