Log file open, 07/25/18 21:22:58
LogWindows: Failed to load 'aqProf.dll' (GetLastError=126)
LogWindows: File 'aqProf.dll' does not exist
LogWindows: Failed to load 'VSPerf140.dll' (GetLastError=126)
LogWindows: File 'VSPerf140.dll' does not exist
LogWindows: Failed to load 'VtuneApi.dll' (GetLastError=126)
LogWindows: File 'VtuneApi.dll' does not exist
LogWindows: Failed to load 'VtuneApi32e.dll' (GetLastError=126)
LogWindows: File 'VtuneApi32e.dll' does not exist
LogInit: Display: Running engine for game: BattleRoyal
LogPlatformFile: Not using cached read wrapper
LogInit: Display: RandInit(869608506) SRandInit(869608507).
LogInit: Read version file with build ID '3709383'
LogInit: Overriding engine version to CL 3832480, compatible CL 3709383
LogInit: Registered custom module enumerator with build ID '3709383'
LogTaskGraph: Started task graph with 5 named threads and 14 total threads with 3 sets of task threads.
LogStats: Stats thread started at 0.170505
LogD3D11RHI: Aftermath initialized
LogPluginManager: Mounting plugin Paper2D
LogPluginManager: Mounting plugin LightPropagationVolume
LogPluginManager: Mounting plugin CodeLiteSourceCodeAccess
LogPluginManager: Mounting plugin GitSourceControl
LogPluginManager: Mounting plugin KDevelopSourceCodeAccess
LogPluginManager: Mounting plugin NullSourceCodeAccess
LogPluginManager: Mounting plugin PerforceSourceControl
LogPluginManager: Mounting plugin SubversionSourceControl
LogPluginManager: Mounting plugin UObjectPlugin
LogPluginManager: Mounting plugin VisualStudioCodeSourceCodeAccess
LogPluginManager: Mounting plugin VisualStudioSourceCodeAccess
LogPluginManager: Mounting plugin XCodeSourceCodeAccess
LogPluginManager: Mounting plugin AssetManagerEditor
LogPluginManager: Mounting plugin AudioCapture
LogPluginManager: Mounting plugin FacialAnimation
LogPluginManager: Mounting plugin GameplayTagsEditor
LogPluginManager: Mounting plugin MobileLauncherProfileWizard
LogPluginManager: Mounting plugin PluginBrowser
LogPluginManager: Mounting plugin SpeedTreeImporter
LogPluginManager: Mounting plugin AlembicImporter
LogPluginManager: Mounting plugin CharacterAI
LogPluginManager: Mounting plugin HTML5Networking
LogPluginManager: Mounting plugin AndroidMedia
LogPluginManager: Mounting plugin AvfMedia
LogPluginManager: Mounting plugin ImgMedia
LogPluginManager: Mounting plugin MediaCompositing
LogPluginManager: Mounting plugin MediaPlayerEditor
LogPluginManager: Mounting plugin WmfMedia
LogPluginManager: Mounting plugin TcpMessaging
LogPluginManager: Mounting plugin UdpMessaging
LogPluginManager: Mounting plugin ActorSequence
LogPluginManager: Mounting plugin LevelSequenceEditor
LogPluginManager: Mounting plugin MatineeToLevelSequence
LogPluginManager: Mounting plugin OnlineSubsystemGooglePlay
LogPluginManager: Mounting plugin OnlineSubsystemIOS
LogPluginManager: Mounting plugin OnlineSubsystem
LogPluginManager: Mounting plugin OnlineSubsystemNull
LogPluginManager: Mounting plugin OnlineSubsystemUtils
LogPluginManager: Mounting plugin AndroidDeviceProfileSelector
LogPluginManager: Mounting plugin AndroidMoviePlayer
LogPluginManager: Mounting plugin AndroidPermission
LogPluginManager: Mounting plugin AppleARKit
LogPluginManager: Mounting plugin AppleMoviePlayer
LogPluginManager: Mounting plugin ArchVisCharacter
LogPluginManager: Mounting plugin CableComponent
LogPluginManager: Mounting plugin CustomMeshComponent
LogPluginManager: Mounting plugin ExampleDeviceProfileSelector
LogPluginManager: Mounting plugin GoogleCloudMessaging
LogPluginManager: Mounting plugin ImmediatePhysics
LogPluginManager: Mounting plugin IOSDeviceProfileSelector
LogPluginManager: Mounting plugin LinuxDeviceProfileSelector
LogPluginManager: Mounting plugin LocationServicesBPLibrary
LogPluginManager: Mounting plugin MobilePatchingUtils
LogPluginManager: Mounting plugin OculusVR
LogPluginManager: Plugin shader directory ../../../Engine/Plugins/Runtime/Oculus/OculusVR/Shaders found
LogPluginManager: Mapping shader source directory ../../../Engine/Plugins/Runtime/Oculus/OculusVR/Shaders to virtual directory /Plugin/OculusVR
LogPluginManager: Mounting plugin PhysXVehicles
LogPluginManager: Mounting plugin ProceduralMeshComponent
LogPluginManager: Mounting plugin RuntimePhysXCooking
LogPluginManager: Mounting plugin SteamVR
LogPluginManager: Mounting plugin WindowsMoviePlayer
LogModuleManager: Display: Found up-to-date module file ../../../../../../GitHub/AloneDevBR/BattleRoyal/Binaries/Win64/UE4Editor-BattleRoyal.dll (API version 3709383).
LogModuleManager: Display: Found up-to-date module file ../../../Engine/Plugins/2D/Paper2D/Binaries/Win64/UE4Editor-Paper2D.dll (API version 3709383).
LogModuleManager: Display: Found up-to-date module file ../../../Engine/Plugins/2D/Paper2D/Binaries/Win64/UE4Editor-Paper2DEditor.dll (API version 3709383).
LogModuleManager: Display: Found up-to-date module file ../../../Engine/Plugins/2D/Paper2D/Binaries/Win64/UE4Editor-PaperSpriteSheetImporter.dll (API version 3709383).
LogModuleManager: Display: Found up-to-date module file ../../../Engine/Plugins/2D/Paper2D/Binaries/Win64/UE4Editor-PaperTiledImporter.dll (API version 3709383).
LogModuleManager: Display: Found up-to-date module file ../../../Engine/Plugins/2D/Paper2D/Binaries/Win64/UE4Editor-SmartSnapping.dll (API version 3709383).
LogModuleManager: Display: Found up-to-date module file ../../../Engine/Plugins/Blendables/LightPropagationVolume/Binaries/Win64/UE4Editor-LightPropagationVolumeRuntime.dll (API version 3709383).
LogModuleManager: Display: Found up-to-date module file ../../../Engine/Plugins/Blendables/LightPropagationVolume/Binaries/Win64/UE4Editor-LightPropagationVolumeEditor.dll (API version 3709383).
LogModuleManager: Display: Found up-to-date module file ../../../Engine/Plugins/Developer/GitSourceControl/Binaries/Win64/UE4Editor-GitSourceControl.dll (API version 3709383).
LogModuleManager: Display: Found up-to-date module file ../../../Engine/Plugins/Developer/PerforceSourceControl/Binaries/Win64/UE4Editor-PerforceSourceControl.dll (API version 3709383).
LogModuleManager: Display: Found up-to-date module file ../../../Engine/Plugins/Developer/SubversionSourceControl/Binaries/Win64/UE4Editor-SubversionSourceControl.dll (API version 3709383).
LogModuleManager: Display: Found up-to-date module file ../../../Engine/Plugins/Developer/UObjectPlugin/Binaries/Win64/UE4Editor-UObjectPlugin.dll (API version 3709383).
LogModuleManager: Display: Found up-to-date module file ../../../Engine/Plugins/Developer/VisualStudioCodeSourceCodeAccess/Binaries/Win64/UE4Editor-VisualStudioCodeSourceCodeAccess.dll (API version 3709383).
LogModuleManager: Display: Found up-to-date module file ../../../Engine/Plugins/Developer/VisualStudioSourceCodeAccess/Binaries/Win64/UE4Editor-VisualStudioSourceCodeAccess.dll (API version 3709383).
LogModuleManager: Display: Found up-to-date module file ../../../Engine/Plugins/Editor/AssetManagerEditor/Binaries/Win64/UE4Editor-AssetManagerEditor.dll (API version 3709383).
LogModuleManager: Display: Found up-to-date module file ../../../Engine/Plugins/Editor/AudioCapture/Binaries/Win64/UE4Editor-AudioCapture.dll (API version 3709383).
LogModuleManager: Display: Found up-to-date module file ../../../Engine/Plugins/Editor/FacialAnimation/Binaries/Win64/UE4Editor-FacialAnimation.dll (API version 3709383).
LogModuleManager: Display: Found up-to-date module file ../../../Engine/Plugins/Editor/FacialAnimation/Binaries/Win64/UE4Editor-FacialAnimationEditor.dll (API version 3709383).
LogModuleManager: Display: Found up-to-date module file ../../../Engine/Plugins/Editor/GameplayTagsEditor/Binaries/Win64/UE4Editor-GameplayTagsEditor.dll (API version 3709383).
LogModuleManager: Display: Found up-to-date module file ../../../Engine/Plugins/Editor/MobileLauncherProfileWizard/Binaries/Win64/UE4Editor-MobileLauncherProfileWizard.dll (API version 3709383).
LogModuleManager: Display: Found up-to-date module file ../../../Engine/Plugins/Editor/PluginBrowser/Binaries/Win64/UE4Editor-PluginBrowser.dll (API version 3709383).
LogModuleManager: Display: Found up-to-date module file ../../../Engine/Plugins/Editor/SpeedTreeImporter/Binaries/Win64/UE4Editor-SpeedTreeImporter.dll (API version 3709383).
LogModuleManager: Display: Found up-to-date module file ../../../Engine/Plugins/Experimental/AlembicImporter/Binaries/Win64/UE4Editor-AlembicImporter.dll (API version 3709383).
LogModuleManager: Display: Found up-to-date module file ../../../Engine/Plugins/Experimental/AlembicImporter/Binaries/Win64/UE4Editor-AlembicLibrary.dll (API version 3709383).
LogModuleManager: Display: Found up-to-date module file ../../../Engine/Plugins/Experimental/CharacterAI/Binaries/Win64/UE4Editor-CharacterAI.dll (API version 3709383).
LogModuleManager: Display: Found up-to-date module file ../../../Engine/Plugins/Experimental/HTML5Networking/Binaries/Win64/UE4Editor-HTML5Networking.dll (API version 3709383).
LogModuleManager: Display: Found up-to-date module file ../../../Engine/Plugins/Media/AndroidMedia/Binaries/Win64/UE4Editor-AndroidMediaEditor.dll (API version 3709383).
LogModuleManager: Display: Found up-to-date module file ../../../Engine/Plugins/Media/AndroidMedia/Binaries/Win64/UE4Editor-AndroidMediaFactory.dll (API version 3709383).
LogModuleManager: Display: Found up-to-date module file ../../../Engine/Plugins/Media/AvfMedia/Binaries/Win64/UE4Editor-AvfMediaEditor.dll (API version 3709383).
LogModuleManager: Display: Found up-to-date module file ../../../Engine/Plugins/Media/AvfMedia/Binaries/Win64/UE4Editor-AvfMediaFactory.dll (API version 3709383).
LogModuleManager: Display: Found up-to-date module file ../../../Engine/Plugins/Media/AvfMedia/Binaries/Win64/UE4Editor-AvfMediaFactory.dll (API version 3709383).
LogModuleManager: Display: Found up-to-date module file ../../../Engine/Plugins/Media/ImgMedia/Binaries/Win64/UE4Editor-ImgMedia.dll (API version 3709383).
LogModuleManager: Display: Found up-to-date module file ../../../Engine/Plugins/Media/ImgMedia/Binaries/Win64/UE4Editor-ImgMediaEditor.dll (API version 3709383).
LogModuleManager: Display: Found up-to-date module file ../../../Engine/Plugins/Media/ImgMedia/Binaries/Win64/UE4Editor-ImgMediaFactory.dll (API version 3709383).
LogModuleManager: Display: Found up-to-date module file ../../../Engine/Plugins/Media/ImgMedia/Binaries/Win64/UE4Editor-ImgMediaFactory.dll (API version 3709383).
LogModuleManager: Display: Found up-to-date module file ../../../Engine/Plugins/Media/ImgMedia/Binaries/Win64/UE4Editor-OpenExrWrapper.dll (API version 3709383).
LogModuleManager: Display: Found up-to-date module file ../../../Engine/Plugins/Media/MediaCompositing/Binaries/Win64/UE4Editor-MediaCompositing.dll (API version 3709383).
LogModuleManager: Display: Found up-to-date module file ../../../Engine/Plugins/Media/MediaCompositing/Binaries/Win64/UE4Editor-MediaCompositingEditor.dll (API version 3709383).
LogModuleManager: Display: Found up-to-date module file ../../../Engine/Plugins/Media/MediaPlayerEditor/Binaries/Win64/UE4Editor-MediaPlayerEditor.dll (API version 3709383).
LogModuleManager: Display: Found up-to-date module file ../../../Engine/Plugins/Media/WmfMedia/Binaries/Win64/UE4Editor-WmfMedia.dll (API version 3709383).
LogModuleManager: Display: Found up-to-date module file ../../../Engine/Plugins/Media/WmfMedia/Binaries/Win64/UE4Editor-WmfMediaEditor.dll (API version 3709383).
LogModuleManager: Display: Found up-to-date module file ../../../Engine/Plugins/Media/WmfMedia/Binaries/Win64/UE4Editor-WmfMediaFactory.dll (API version 3709383).
LogModuleManager: Display: Found up-to-date module file ../../../Engine/Plugins/Media/WmfMedia/Binaries/Win64/UE4Editor-WmfMediaFactory.dll (API version 3709383).
LogModuleManager: Display: Found up-to-date module file ../../../Engine/Plugins/Messaging/TcpMessaging/Binaries/Win64/UE4Editor-TcpMessaging.dll (API version 3709383).
LogModuleManager: Display: Found up-to-date module file ../../../Engine/Plugins/Messaging/UdpMessaging/Binaries/Win64/UE4Editor-UdpMessaging.dll (API version 3709383).
LogModuleManager: Display: Found up-to-date module file ../../../Engine/Plugins/MovieScene/ActorSequence/Binaries/Win64/UE4Editor-ActorSequence.dll (API version 3709383).
LogModuleManager: Display: Found up-to-date module file ../../../Engine/Plugins/MovieScene/LevelSequenceEditor/Binaries/Win64/UE4Editor-LevelSequenceEditor.dll (API version 3709383).
LogModuleManager: Display: Found up-to-date module file ../../../Engine/Plugins/MovieScene/MatineeToLevelSequence/Binaries/Win64/UE4Editor-MatineeToLevelSequence.dll (API version 3709383).
LogModuleManager: Display: Found up-to-date module file ../../../Engine/Plugins/Online/OnlineSubsystem/Binaries/Win64/UE4Editor-OnlineSubsystem.dll (API version 3709383).
LogModuleManager: Display: Found up-to-date module file ../../../Engine/Plugins/Online/OnlineSubsystemNull/Binaries/Win64/UE4Editor-OnlineSubsystemNull.dll (API version 3709383).
LogModuleManager: Display: Found up-to-date module file ../../../Engine/Plugins/Online/OnlineSubsystemUtils/Binaries/Win64/UE4Editor-OnlineSubsystemUtils.dll (API version 3709383).
LogModuleManager: Display: Found up-to-date module file ../../../Engine/Plugins/Online/OnlineSubsystemUtils/Binaries/Win64/UE4Editor-OnlineBlueprintSupport.dll (API version 3709383).
LogModuleManager: Display: Found up-to-date module file ../../../Engine/Plugins/Runtime/AndroidDeviceProfileSelector/Binaries/Win64/UE4Editor-AndroidDeviceProfileSelector.dll (API version 3709383).
LogModuleManager: Display: Found up-to-date module file ../../../Engine/Plugins/Runtime/AndroidPermission/Binaries/Win64/UE4Editor-AndroidPermission.dll (API version 3709383).
LogModuleManager: Display: Found up-to-date module file ../../../Engine/Plugins/Runtime/AppleARKit/Binaries/Win64/UE4Editor-AppleARKit.dll (API version 3709383).
LogModuleManager: Display: Found up-to-date module file ../../../Engine/Plugins/Runtime/ArchVisCharacter/Binaries/Win64/UE4Editor-ArchVisCharacter.dll (API version 3709383).
LogModuleManager: Display: Found up-to-date module file ../../../Engine/Plugins/Runtime/CableComponent/Binaries/Win64/UE4Editor-CableComponent.dll (API version 3709383).
LogModuleManager: Display: Found up-to-date module file ../../../Engine/Plugins/Runtime/CustomMeshComponent/Binaries/Win64/UE4Editor-CustomMeshComponent.dll (API version 3709383).
LogModuleManager: Display: Found up-to-date module file ../../../Engine/Plugins/Runtime/ExampleDeviceProfileSelector/Binaries/Win64/UE4Editor-ExampleDeviceProfileSelector.dll (API version 3709383).
LogModuleManager: Display: Found up-to-date module file ../../../Engine/Plugins/Runtime/ImmediatePhysics/Binaries/Win64/UE4Editor-ImmediatePhysics.dll (API version 3709383).
LogModuleManager: Display: Found up-to-date module file ../../../Engine/Plugins/Runtime/ImmediatePhysics/Binaries/Win64/UE4Editor-ImmediatePhysicsEditor.dll (API version 3709383).
LogModuleManager: Display: Found up-to-date module file ../../../Engine/Plugins/Runtime/LocationServicesBPLibrary/Binaries/Win64/UE4Editor-LocationServicesBPLibrary.dll (API version 3709383).
LogModuleManager: Display: Found up-to-date module file ../../../Engine/Plugins/Runtime/MobilePatchingUtils/Binaries/Win64/UE4Editor-MobilePatchingUtils.dll (API version 3709383).
LogModuleManager: Display: Found up-to-date module file ../../../Engine/Plugins/Runtime/Oculus/OculusVR/Binaries/Win64/UE4Editor-OculusHMD.dll (API version 3709383).
LogModuleManager: Display: Found up-to-date module file ../../../Engine/Plugins/Runtime/Oculus/OculusVR/Binaries/Win64/UE4Editor-OculusInput.dll (API version 3709383).
LogModuleManager: Display: Found up-to-date module file ../../../Engine/Plugins/Runtime/Oculus/OculusVR/Binaries/Win64/UE4Editor-OculusEditor.dll (API version 3709383).
LogModuleManager: Display: Found up-to-date module file ../../../Engine/Plugins/Runtime/PhysXVehicles/Binaries/Win64/UE4Editor-PhysXVehicles.dll (API version 3709383).
LogModuleManager: Display: Found up-to-date module file ../../../Engine/Plugins/Runtime/PhysXVehicles/Binaries/Win64/UE4Editor-PhysXVehiclesEditor.dll (API version 3709383).
LogModuleManager: Display: Found up-to-date module file ../../../Engine/Plugins/Runtime/ProceduralMeshComponent/Binaries/Win64/UE4Editor-ProceduralMeshComponent.dll (API version 3709383).
LogModuleManager: Display: Found up-to-date module file ../../../Engine/Plugins/Runtime/ProceduralMeshComponent/Binaries/Win64/UE4Editor-ProceduralMeshComponentEditor.dll (API version 3709383).
LogModuleManager: Display: Found up-to-date module file ../../../Engine/Plugins/Runtime/RuntimePhysXCooking/Binaries/Win64/UE4Editor-RuntimePhysXCooking.dll (API version 3709383).
LogModuleManager: Display: Found up-to-date module file ../../../Engine/Plugins/Runtime/Steam/SteamVR/Binaries/Win64/UE4Editor-SteamVR.dll (API version 3709383).
LogModuleManager: Display: Found up-to-date module file ../../../Engine/Plugins/Runtime/Steam/SteamVR/Binaries/Win64/UE4Editor-SteamVRController.dll (API version 3709383).
LogModuleManager: Display: Found up-to-date module file ../../../Engine/Plugins/Runtime/WindowsMoviePlayer/Binaries/Win64/UE4Editor-WindowsMoviePlayer.dll (API version 3709383).
LogInit: Using libcurl 7.47.1
LogInit:  - built for x86_64-pc-win32
LogInit:  - supports SSL with OpenSSL/1.0.2g
LogInit:  - supports HTTP deflate (compression) using libz 1.2.8
LogInit:  - other features:
LogInit:      CURL_VERSION_SSL
LogInit:      CURL_VERSION_LIBZ
LogInit:      CURL_VERSION_IPV6
LogInit:      CURL_VERSION_ASYNCHDNS
LogInit:      CURL_VERSION_LARGEFILE
LogInit:      CURL_VERSION_IDN
LogInit:  CurlRequestOptions (configurable via config and command line):
LogInit:  - bVerifyPeer = false  - Libcurl will NOT verify peer certificate
LogInit:  - bUseHttpProxy = false  - Libcurl will NOT use HTTP proxy
LogInit:  - bDontReuseConnections = false  - Libcurl will reuse connections
LogInit:  - CertBundlePath = nullptr  - Libcurl will use whatever was configured at build time.
LogInit: Build: ++UE4+Release-4.18-CL-3832480
LogInit: Engine Version: 4.18.3-3832480+++UE4+Release-4.18
LogInit: Compatible Engine Version: 4.18.0-3709383+++UE4+Release-4.18
LogInit: Net CL: 3709383
LogDevObjectVersion: Number of dev versions registered: 16
LogDevObjectVersion:   Dev-Blueprints (B0D832E4-1F89-4F0D-ACCF-7EB736FD4AA2): 10
LogDevObjectVersion:   Dev-Build (E1C64328-A22C-4D53-A36C-8E866417BD8C): 0
LogDevObjectVersion:   Dev-Core (375EC13C-06E4-48FB-B500-84F0262A717E): 2
LogDevObjectVersion:   Dev-Editor (E4B068ED-F494-42E9-A231-DA0B2E46BB41): 20
LogDevObjectVersion:   Dev-Framework (CFFC743F-43B0-4480-9391-14DF171D2073): 30
LogDevObjectVersion:   Dev-Mobile (B02B49B5-BB20-44E9-A304-32B752E40360): 0
LogDevObjectVersion:   Dev-Networking (A4E4105C-59A1-49B5-A7C5-40C4547EDFEE): 0
LogDevObjectVersion:   Dev-Online (39C831C9-5AE6-47DC-9A44-9C173E1C8E7C): 0
LogDevObjectVersion:   Dev-Physics (78F01B33-EBEA-4F98-B9B4-84EACCB95AA2): 0
LogDevObjectVersion:   Dev-Platform (6631380F-2D4D-43E0-8009-CF276956A95A): 0
LogDevObjectVersion:   Dev-Rendering (12F88B9F-8875-4AFC-A67C-D90C383ABD29): 20
LogDevObjectVersion:   Dev-Sequencer (7B5AE74C-D270-4C10-A958-57980B212A5A): 4
LogDevObjectVersion:   Dev-VR (D7296918-1DD6-4BDD-9DE2-64A83CC13884): 0
LogDevObjectVersion:   Dev-LoadTimes (C2A15278-BFE7-4AFE-6C17-90FF531DF755): 1
LogDevObjectVersion:   Private-Geometry (6EACA3D4-40EC-4CC1-B786-8BED09428FC5): 1
LogDevObjectVersion:   Dev-AnimPhys (29E575DD-E0A3-4627-9D10-D276232CDCEA): 12
LogInit: Compiled (64-bit): Jan 12 2018 02:04:55
LogInit: Compiled with Visual C++: 19.00.24215.01
LogInit: Build Configuration: Development
LogInit: Branch Name: ++UE4+Release-4.18
LogInit: Command line:  
LogInit: Base directory: D:/Program Files/Epic Games/UE_4.18/Engine/Binaries/Win64/
LogInit: Installed Engine Build: 1
LogInit: Presizing for max 8388607 objects, including 0 objects not considered by GC, pre-allocating 0 bytes for permanent pool.
LogInit: Object subsystem initialized
[2018.07.25-12.23.00:441][  0]LogInit: Selected Device Profile: [Windows]
[2018.07.25-12.23.00:441][  0]LogInit: Applying CVar settings loaded from the selected device profile: [Windows]
[2018.07.25-12.23.00:460][  0]LogInit: Computer: DESKTOP-89TDBB8
[2018.07.25-12.23.00:460][  0]LogInit: User: Rodun
[2018.07.25-12.23.00:460][  0]LogInit: CPU Page size=4096, Cores=4
[2018.07.25-12.23.00:460][  0]LogInit: High frequency timer resolution =3.312643 MHz
[2018.07.25-12.23.00:460][  0]LogMemory: Memory total: Physical=15.9GB (16GB approx)
[2018.07.25-12.23.00:460][  0]LogMemory: Platform Memory Stats for Windows
[2018.07.25-12.23.00:460][  0]LogMemory: Process Physical Memory: 273.15 MB used, 273.15 MB peak
[2018.07.25-12.23.00:460][  0]LogMemory: Process Virtual Memory: 271.91 MB used, 271.91 MB peak
[2018.07.25-12.23.00:460][  0]LogMemory: Physical Memory: 8567.41 MB used,  7735.52 MB free, 16302.94 MB total
[2018.07.25-12.23.00:460][  0]LogMemory: Virtual Memory: 4775.67 MB used,  7735.52 MB free, 134217728.00 MB total
[2018.07.25-12.23.00:685][  0]LogInit: Using OS detected language (ko-KR).
[2018.07.25-12.23.00:685][  0]LogInit: Using OS detected locale (ko-KR).
[2018.07.25-12.23.00:690][  0]LogTextLocalizationManager: No specific localization for 'ko-KR' exists, so the 'ko' localization will be used.
[2018.07.25-12.23.00:897][  0]LogInit: Setting process to per monitor DPI aware
[2018.07.25-12.23.01:248][  0]LogD3D11RHI: D3D11 adapters:
[2018.07.25-12.23.01:310][  0]LogD3D11RHI:    0. 'NVIDIA GeForce GTX 980' (Feature Level 11_0)
[2018.07.25-12.23.01:310][  0]LogD3D11RHI:       4053/0/8151 MB DedicatedVideo/DedicatedSystem/SharedSystem, Outputs:2, VendorId:0x10de
[2018.07.25-12.23.01:312][  0]LogD3D11RHI:    1. 'Microsoft Basic Render Driver' (Feature Level 11_0)
[2018.07.25-12.23.01:312][  0]LogD3D11RHI:       0/0/8151 MB DedicatedVideo/DedicatedSystem/SharedSystem, Outputs:0, VendorId:0x1414
[2018.07.25-12.23.01:312][  0]LogD3D11RHI: Chosen D3D11 Adapter: 0
[2018.07.25-12.23.01:326][  0]LogD3D11RHI: Creating new Direct3DDevice
[2018.07.25-12.23.01:326][  0]LogD3D11RHI:     GPU DeviceId: 0x13c0 (for the marketing name, search the web for "GPU Device Id")
[2018.07.25-12.23.01:326][  0]LogWindows: EnumDisplayDevices:
[2018.07.25-12.23.01:326][  0]LogWindows:    0. 'NVIDIA GeForce GTX 980' (P:0 D:1)
[2018.07.25-12.23.01:327][  0]LogWindows:    1. 'NVIDIA GeForce GTX 980' (P:1 D:1)
[2018.07.25-12.23.01:328][  0]LogWindows:    2. 'NVIDIA GeForce GTX 980' (P:0 D:0)
[2018.07.25-12.23.01:329][  0]LogWindows:    3. 'NVIDIA GeForce GTX 980' (P:0 D:0)
[2018.07.25-12.23.01:329][  0]LogWindows: DebugString: GetVideoDriverDetailsInvalid PrimaryIsNotTheChoosenAdapter GetVideoDriverDetailsInvalid PrimaryIsNotTheChoosenAdapter GetVideoDriverDetailsInvalid PrimaryIsNotTheChoosenAdapter GetVideoDriverDetailsInvalid PrimaryIsNotTheChoosenAdapter FoundDriverCount:0 
[2018.07.25-12.23.01:329][  0]LogD3D11RHI:     Adapter Name: NVIDIA GeForce GTX 980
[2018.07.25-12.23.01:329][  0]LogD3D11RHI:   Driver Version: Unknown (internal:Unknown, unified:Unknown)
[2018.07.25-12.23.01:329][  0]LogD3D11RHI:      Driver Date: Unknown
[2018.07.25-12.23.01:329][  0]LogRHI: Texture pool is 2837 MB (70% of 4053 MB)
[2018.07.25-12.23.01:360][  0]LogD3D11RHI: Async texture creation enabled
[2018.07.25-12.23.01:377][  0]LogD3D11RHI: GPU Timing Frequency: 1000.000000 (Debug: 2 2)
[2018.07.25-12.23.01:384][  0]LogShaderCompilers: Guid format shader working directory is -2 characters bigger than the processId version (../../../../../../GitHub/AloneDevBR/BattleRoyal/Intermediate/Shaders/WorkingDirectory/54956/).
[2018.07.25-12.23.01:384][  0]LogShaderCompilers: Cleaned the shader compiler working directory 'C:/Users/Rodun/AppData/Local/Temp/UnrealShaderWorkingDir/853F1F714DB8E17175553CA65B1E96A7/'.
[2018.07.25-12.23.01:384][  0]LogShaderCompilers: Display: Using Local Shader Compiler.
[2018.07.25-12.23.02:294][  0]LogTemp: Display: Loaded TP AllDesktopTargetPlatform
[2018.07.25-12.23.02:346][  0]LogTemp: Display: Loaded TP MacClientTargetPlatform
[2018.07.25-12.23.02:398][  0]LogTemp: Display: Loaded TP MacNoEditorTargetPlatform
[2018.07.25-12.23.02:445][  0]LogTemp: Display: Loaded TP MacServerTargetPlatform
[2018.07.25-12.23.02:495][  0]LogTemp: Display: Loaded TP MacTargetPlatform
[2018.07.25-12.23.02:542][  0]LogTemp: Display: Loaded TP WindowsClientTargetPlatform
[2018.07.25-12.23.02:603][  0]LogTemp: Display: Loaded TP WindowsNoEditorTargetPlatform
[2018.07.25-12.23.02:660][  0]LogTemp: Display: Loaded TP WindowsServerTargetPlatform
[2018.07.25-12.23.02:703][  0]LogTemp: Display: Loaded TP WindowsTargetPlatform
[2018.07.25-12.23.02:750][  0]LogTemp: Display: Loaded TP Android_ASTCTargetPlatform
[2018.07.25-12.23.02:801][  0]LogTemp: Display: Loaded TP Android_ATCTargetPlatform
[2018.07.25-12.23.02:852][  0]LogTemp: Display: Loaded TP Android_DXTTargetPlatform
[2018.07.25-12.23.02:898][  0]LogTemp: Display: Loaded TP Android_ETC1TargetPlatform
[2018.07.25-12.23.02:948][  0]LogTemp: Display: Loaded TP Android_ETC2TargetPlatform
[2018.07.25-12.23.03:071][  0]LogTemp: Display: Loaded TP Android_MultiTargetPlatform
[2018.07.25-12.23.03:071][  0]LogTemp: Display: Loaded TP Android_PVRTCTargetPlatform
[2018.07.25-12.23.03:126][  0]LogTemp: Display: Loaded TP AndroidTargetPlatform
[2018.07.25-12.23.03:165][  0]LogTemp: Display: Loaded TP HTML5TargetPlatform
[2018.07.25-12.23.03:271][  0]LogTemp: Display: Loaded TP IOSTargetPlatform
[2018.07.25-12.23.03:295][  0]LogTemp: Display: Loaded TP TVOSTargetPlatform
[2018.07.25-12.23.03:358][  0]LogTemp: Display: Loaded TP LinuxClientTargetPlatform
[2018.07.25-12.23.03:406][  0]LogTemp: Display: Loaded TP LinuxNoEditorTargetPlatform
[2018.07.25-12.23.03:455][  0]LogTemp: Display: Loaded TP LinuxServerTargetPlatform
[2018.07.25-12.23.03:502][  0]LogTemp: Display: Loaded TP LinuxTargetPlatform
[2018.07.25-12.23.03:502][  0]LogTargetPlatformManager: Display: Building Assets For Windows
[2018.07.25-12.23.03:932][  0]LogDerivedDataCache: Display: Max Cache Size: 512 MB
[2018.07.25-12.23.04:021][  0]LogDerivedDataCache: Loaded boot cache 0.09s 79MB C:/Users/Rodun/AppData/Local/UnrealEngine/4.18/DerivedDataCache/Boot.ddc.
[2018.07.25-12.23.04:021][  0]LogDerivedDataCache: Display: Loaded Boot cache: C:/Users/Rodun/AppData/Local/UnrealEngine/4.18/DerivedDataCache/Boot.ddc
[2018.07.25-12.23.04:021][  0]LogDerivedDataCache: FDerivedDataBackendGraph:  Pak pak cache file ../../../../../../GitHub/AloneDevBR/BattleRoyal/DerivedDataCache/DDC.ddp not found, will not use a pak cache.
[2018.07.25-12.23.04:022][  0]LogDerivedDataCache: Unable to find inner node Pak for hierarchical cache Hierarchy.
[2018.07.25-12.23.04:022][  0]LogDerivedDataCache: FDerivedDataBackendGraph:  CompressedPak pak cache file ../../../../../../GitHub/AloneDevBR/BattleRoyal/DerivedDataCache/Compressed.ddp not found, will not use a pak cache.
[2018.07.25-12.23.04:022][  0]LogDerivedDataCache: Unable to find inner node CompressedPak for hierarchical cache Hierarchy.
[2018.07.25-12.23.04:041][  0]LogDerivedDataCache: Display: Pak cache opened for reading ../../../Engine/DerivedDataCache/Compressed.ddp.
[2018.07.25-12.23.04:054][  0]LogDerivedDataCache: Using Local data cache path C:/Users/Rodun/AppData/Local/UnrealEngine/Common/DerivedDataCache: Writable
[2018.07.25-12.23.04:079][  0]LogMaterial: Verifying Global Shaders for PCD3D_SM5
[2018.07.25-12.23.04:079][  0]LogSlate: Using Freetype 2.6.0
[2018.07.25-12.23.04:080][  0]LogSlate: SlateFontCache - WITH_FREETYPE: 1, WITH_HARFBUZZ: 1
[2018.07.25-12.23.04:080][  0]LogSlate: SlateFontCache - WITH_FREETYPE: 1, WITH_HARFBUZZ: 1
[2018.07.25-12.23.04:467][  0]LogInit: Selected Device Profile: [Windows]
[2018.07.25-12.23.04:807][  0]LogSimplygon: Simplygon DLL not present - disabling.
[2018.07.25-12.23.04:846][  0]LogMeshReduction: Using SimplygonSwarm for distributed automatic mesh merging
[2018.07.25-12.23.04:846][  0]LogMeshReduction: Using QuadricMeshReduction for automatic static mesh reduction
[2018.07.25-12.23.04:846][  0]LogMeshReduction: No automatic skeletal mesh reduction module available
[2018.07.25-12.23.04:846][  0]LogMeshReduction: No automatic mesh merging module available
[2018.07.25-12.23.04:846][  0]LogMeshMerging: No automatic mesh merging module available
[2018.07.25-12.23.04:891][  0]LogNetVersion: BattleRoyal , NetCL: 3709383, EngineNetVer: 2, GameNetVer: 0 (Checksum: 2100071023)
[2018.07.25-12.23.05:061][  0]LogAssetRegistry: FAssetRegistry took 0.0268 seconds to start up
[2018.07.25-12.23.05:694][  0]LogPackageLocalizationCache: Processed 7 localized package path(s) for 2 prioritized culture(s) in 0.080161 seconds
[2018.07.25-12.23.05:701][  0]LogUObjectArray: 35870 objects as part of root set at end of initial load.
[2018.07.25-12.23.05:701][  0]LogUObjectAllocator: 7363704 out of 0 bytes used by permanent object pool.
[2018.07.25-12.23.05:701][  0]LogUObjectArray: CloseDisregardForGC: 0/0 objects in disregard for GC pool
[2018.07.25-12.23.05:743][  0]LogInit: WinSock: version 1.1 (2.2), MaxSocks=32767, MaxUdp=65467
[2018.07.25-12.23.08:605][  0]LogTcpMessaging: Initializing TcpMessaging bridge
[2018.07.25-12.23.08:650][  0]LogUdpMessaging: Initializing bridge on interface 0.0.0.0:0 to multicast group 230.0.0.1:6666.
[2018.07.25-12.23.09:591][  0]LogMaterial: Uniform references updated for custom material expression Custom.
[2018.07.25-12.23.10:148][  0]SourceControl: 소스 콘트롤이 꺼졌습니다.
[2018.07.25-12.23.10:148][  0]SourceControl: 소스 콘트롤이 꺼졌습니다.
[2018.07.25-12.23.10:210][  0]SourceControl: 소스 콘트롤이 꺼졌습니다.
[2018.07.25-12.23.10:269][  0]SourceControl: 소스 콘트롤이 꺼졌습니다.
[2018.07.25-12.23.11:099][  0]LogAndroidPermission: UAndroidPermissionCallbackProxy::GetInstance
[2018.07.25-12.23.11:375][  0]LogOcInput: OculusInput pre-init called
[2018.07.25-12.23.11:660][  0]LogEngine: Initializing Engine...
[2018.07.25-12.23.11:664][  0]LogHMD: Failed to initialize OpenVR with code 110
[2018.07.25-12.23.12:056][  0]LogStats: UGameplayTagsManager::ConstructGameplayTagTree: Construct from data asset -  0.000 s
[2018.07.25-12.23.12:056][  0]LogStats: UGameplayTagsManager::ConstructGameplayTagTree: GameplayTagTreeChangedEvent.Broadcast -  0.000 s
[2018.07.25-12.23.12:189][  0]LogAIModule: Creating AISystem for world Untitled
[2018.07.25-12.23.12:235][  0]LogInit: XAudio2 using '스피커(High Definition Audio 장치)' : 2 channels at 48 kHz using 16 bits per sample (channel mask 0x3)
[2018.07.25-12.23.12:265][  0]LogInit: FAudioDevice initialized.
[2018.07.25-12.23.12:365][  0]LogDerivedDataCache: Saved boot cache 0.10s 88MB C:/Users/Rodun/AppData/Local/UnrealEngine/4.18/DerivedDataCache/Boot.ddc.
[2018.07.25-12.23.12:389][  0]LogInit: Texture streaming: Enabled
[2018.07.25-12.23.12:475][  0]LogEngineSessionManager: EngineSessionManager initialized
[2018.07.25-12.23.12:604][  0]LogInit: Transaction tracking system initialized
[2018.07.25-12.23.12:908][  0]BlueprintLog: New page: 에디터 로드
[2018.07.25-12.23.13:820][  0]LocalizationService: 현지화 서비스가 비활성화되었습니다.
[2018.07.25-12.23.14:538][  0]LogConsoleResponse: Display: 
[2018.07.25-12.23.14:796][  0]LogCook: Display: Max memory allowance for cook 16384mb min free memory 0mb
[2018.07.25-12.23.14:796][  0]LogCook: Display: Mobile HDR setting 1
[2018.07.25-12.23.14:796][  0]LogGameplayTags: Display: UGameplayTagsManager::DoneAddingNativeTags. DelegateIsBound: 0
[2018.07.25-12.23.14:954][  0]LogFileCache: Scanning file cache for directory 'D:/GitHub/AloneDevBR/BattleRoyal/Content/' took 0.01s
[2018.07.25-12.23.15:962][  0]SourceControl: 소스 콘트롤이 꺼졌습니다.
[2018.07.25-12.23.15:962][  0]Cmd: MAP LOAD FILE="../../../../../../GitHub/AloneDevBR/BattleRoyal/Content/Maps/Jungle.umap" TEMPLATE=0 SHOWPROGRESS=1 FEATURELEVEL=3
[2018.07.25-12.23.15:962][  0]LightingResults: New page: 라이팅 빌드
[2018.07.25-12.23.16:017][  0]MapCheck: New page: 맵 체크
[2018.07.25-12.23.16:017][  0]LightingResults: New page: 라이팅 빌드
[2018.07.25-12.23.16:031][  0]LogAIModule: Creating AISystem for world Jungle
[2018.07.25-12.23.16:032][  0]LogEditorServer: Finished looking for orphan Actors (0.000 secs)
[2018.07.25-12.23.16:046][  0]Cmd: MAP CHECKDEP NOCLEARLOG
[2018.07.25-12.23.16:100][  0]MapCheck: 맵 체크 완료: 오류 0 회, 경고 0 회, 소요 시간 54.047ms.
[2018.07.25-12.23.16:100][  0]LogFileHelpers: Loading map 'Jungle' took 0.138
[2018.07.25-12.23.16:286][  0]LogCollectionManager: Loaded 0 collections in 0.000891 seconds
[2018.07.25-12.23.16:373][  0]LogFileCache: Scanning file cache for directory 'D:/GitHub/AloneDevBR/BattleRoyal/Saved/Collections/' took 0.01s
[2018.07.25-12.23.16:373][  0]LogFileCache: Scanning file cache for directory 'D:/GitHub/AloneDevBR/BattleRoyal/Content/Developers/Rodun/Collections/' took 0.01s
[2018.07.25-12.23.16:373][  0]LogFileCache: Scanning file cache for directory 'D:/GitHub/AloneDevBR/BattleRoyal/Content/Collections/' took 0.01s
[2018.07.25-12.23.16:373][  0]LogCollectionManager: Rebuilt the GUID cache for 0 collections in 0.000000 seconds
[2018.07.25-12.23.16:383][  0]LogContentBrowser: Native class hierarchy populated in 0.0098 seconds. Added 2365 classes and 521 folders.
[2018.07.25-12.23.16:446][  0]LogContentBrowser: Native class hierarchy updated for 'WidgetCarousel' in 0.0008 seconds. Added 0 classes and 0 folders.
[2018.07.25-12.23.16:492][  0]LogContentBrowser: Native class hierarchy updated for 'AddContentDialog' in 0.0009 seconds. Added 0 classes and 0 folders.
[2018.07.25-12.23.16:534][  0]LogContentBrowser: Native class hierarchy updated for 'SceneOutliner' in 0.0006 seconds. Added 1 classes and 2 folders.
[2018.07.25-12.23.16:827][  0]LogSlate: Only BGRA pngs, bmps or icos are supported in by External Image Picker
[2018.07.25-12.23.17:703][  0]LogSlate: Took 0.000309 seconds to synchronously load lazily loaded font '../../../Engine/Content/Slate/Fonts/Roboto-Regular.ttf' (155K)
[2018.07.25-12.23.17:709][  0]LogSlate: Took 0.004824 seconds to synchronously load lazily loaded font '../../../Engine/Content/Slate/Fonts/NanumGothic.ttf' (4243K)
[2018.07.25-12.23.17:711][  0]LogSlate: Took 0.000370 seconds to synchronously load lazily loaded font '../../../Engine/Content/Slate/Fonts/Roboto-Bold.ttf' (160K)
[2018.07.25-12.23.17:718][  0]LogSlate: Took 0.000412 seconds to synchronously load lazily loaded font '../../../Engine/Content/Editor/Slate/Fonts/FontAwesome.ttf' (139K)
[2018.07.25-12.23.17:875][  0]LogTemp: Executing iPhonePackager certificates Engine -bundlename com.YourCompany.BattleRoyal
[2018.07.25-12.23.17:875][  0]LogTemp: CWD: D:\Program Files\Epic Games\UE_4.18\Engine\Binaries\DotNET\IOS
[2018.07.25-12.23.17:875][  0]LogTemp: Initial Dir: D:\Program Files\Epic Games\UE_4.18
[2018.07.25-12.23.17:876][  0]LogTemp: Env CWD: D:\Program Files\Epic Games\UE_4.18\Engine\Binaries\DotNET\IOS
[2018.07.25-12.23.17:876][  0]LogTemp: BranchPath = DESKTOP-89TDBB8/D/Program Files/Epic Games/UE_4.18/Engine/Binaries --- GameBranchPath = DESKTOP-89TDBB8/D/Program Files/Epic Games/UE_4.18/Engine/Binaries
[2018.07.25-12.23.17:876][  0]LogTemp: IPP ERROR: Could not find provision directory 'C:\Users\Rodun\AppData\Local/Apple Computer/MobileDevice/Provisioning Profiles/'.
[2018.07.25-12.23.17:876][  0]LogRenderer: Reallocating scene render targets to support 1616x604 Format 10 NumSamples 1 (Frame:1).
[2018.07.25-12.23.18:062][  0]LogContentBrowser: Native class hierarchy updated for 'HierarchicalLODOutliner' in 0.0009 seconds. Added 1 classes and 2 folders.
[2018.07.25-12.23.18:063][  0]LogLoad: (Engine Initialization) Total time: 20.61 seconds
[2018.07.25-12.23.18:063][  0]LogLoad: (Engine Initialization) Total Blueprint compile time: 0.00 seconds
[2018.07.25-12.23.18:063][  0]LogExternalProfiler: No external profilers were discovered.  External profiling features will not be available.
[2018.07.25-12.23.18:075][  0]LogWindowsTextInputMethodSystem: Display: IME system now activated using TSF (Microsoft 입력기).
[2018.07.25-12.23.18:104][  0]LogContentStreaming: Texture pool size now 1000 MB
[2018.07.25-12.23.18:148][  0]LogSlate: Took 0.000395 seconds to synchronously load lazily loaded font '../../../Engine/Content/Slate/Fonts/Roboto-Light.ttf' (159K)
[2018.07.25-12.23.18:166][  1]LogAssetRegistry: Asset discovery search completed in 13.1275 seconds
[2018.07.25-12.23.18:168][  1]LogCollectionManager: Rebuilt the object cache for 0 collections in 0.000000 seconds (found 0 objects)
[2018.07.25-12.23.18:168][  1]LogCollectionManager: Fixed up redirectors for 0 collections in 0.000064 seconds (updated 0 objects)
[2018.07.25-12.24.25:967][ 88]MapCheck: New page: 맵 체크
[2018.07.25-12.24.26:004][ 88]Cmd: MAP REBUILD ALLVISIBLE
[2018.07.25-12.24.26:004][ 88]LogEditorServer: Rebuildmap Clear paths rebuilt
[2018.07.25-12.24.26:101][ 88]TextureStreamingBuild: Display: Build Texture Streaming took 0.006 seconds.
[2018.07.25-12.24.26:121][ 88]LightingResults: New page: 라이팅 빌드 - 2018. 7. 26. 오전 6:24:26
[2018.07.25-12.24.26:121][ 88]LogStaticLightingSystem: Warning: WorldSettings.bForceNoPrecomputedLighting is true, Skipping Lighting Build!
[2018.07.25-12.24.26:158][ 88]LogStaticLightingSystem: Warning: Failed to build lighting!!! 라이팅 빌드가 실패했습니다.
[2018.07.25-12.24.26:158][ 88]Cmd: MAP CHECK DONTDISPLAYDIALOG
[2018.07.25-12.24.26:158][ 88]MapCheck: New page: Jungle - 2018. 7. 26. 오전 6:24:26
[2018.07.25-12.24.26:216][ 88]MapCheck: 맵 체크 완료: 오류 0 회, 경고 0 회, 소요 시간 58.279ms.
[2018.07.25-12.24.26:240][ 88]LogEditorBuildUtils: Build time 0:00
[2018.07.25-12.24.28:919][391]LogSlate: Took 0.000251 seconds to synchronously load lazily loaded font '../../../Engine/Content/Slate/Fonts/Roboto-Light.ttf' (159K)
[2018.07.25-12.24.28:935][391]Cmd: OBJ SAVEPACKAGE PACKAGE="/Game/Maps/Jungle" FILE="../../../../../../GitHub/AloneDevBR/BattleRoyal/Content/Maps/Jungle.umap" SILENT=true AUTOSAVING=false KEEPDIRTY=false
[2018.07.25-12.24.28:967][391]LogSavePackage: Save=9.95ms
[2018.07.25-12.24.28:967][391]LogSavePackage: Moving '../../../../../../GitHub/AloneDevBR/BattleRoyal/Saved/Jungle521C34104BAC0B538009CFB7E41C53D3.tmp' to '../../../../../../GitHub/AloneDevBR/BattleRoyal/Content/Maps/Jungle.umap'
[2018.07.25-12.24.28:969][391]LogSavePackage: Display: Finished SavePackage ../../../../../../GitHub/AloneDevBR/BattleRoyal/Content/Maps/Jungle.umap
[2018.07.25-12.24.28:998][391]Cmd: OBJ SAVEPACKAGE PACKAGE="/Game/Maps/Jungle_BuiltData" FILE="../../../../../../GitHub/AloneDevBR/BattleRoyal/Content/Maps/Jungle_BuiltData.uasset" SILENT=true
[2018.07.25-12.24.29:005][391]LogSavePackage: Save=5.56ms
[2018.07.25-12.24.29:005][391]LogSavePackage: Moving '../../../../../../GitHub/AloneDevBR/BattleRoyal/Saved/Jungle_BuiltData543A2D3A432B5F6E2FE4C5A55FB87F60.tmp' to '../../../../../../GitHub/AloneDevBR/BattleRoyal/Content/Maps/Jungle_BuiltData.uasset'
[2018.07.25-12.24.29:007][391]LogSavePackage: Display: Finished SavePackage ../../../../../../GitHub/AloneDevBR/BattleRoyal/Content/Maps/Jungle_BuiltData.uasset
[2018.07.25-12.28.06:312][928]LogSlate: Took 0.021590 seconds to synchronously load lazily loaded font '../../../Engine/Content/Editor/Slate/Fonts/DroidSansMono.ttf' (77K)
[2018.07.25-12.28.32:598][816]LogSlate: Took 0.019671 seconds to synchronously load lazily loaded font '../../../Engine/Content/Editor/Slate/Fonts/Roboto-Italic.ttf' (157K)
[2018.07.25-12.28.59:688][781]LogEditorViewport: Clicking on Actor (LMB): DirectionalLight (DirectionalLight)
[2018.07.25-12.32.27:469][ 25]LogAIModule: Creating AISystem for world ThirdPersonExampleMap
[2018.07.25-12.32.28:861][ 25]Cmd: OBJ SAVEPACKAGE PACKAGE="/Game/Maps/Jungle" FILE="../../../../../../GitHub/AloneDevBR/BattleRoyal/Content/Maps/Jungle.umap" SILENT=true AUTOSAVING=false KEEPDIRTY=false
[2018.07.25-12.32.28:896][ 25]LogSavePackage: Save=13.88ms
[2018.07.25-12.32.28:896][ 25]LogSavePackage: Moving '../../../../../../GitHub/AloneDevBR/BattleRoyal/Saved/JungleD3BD032443A6A2EFEC77AC80A77C1D08.tmp' to '../../../../../../GitHub/AloneDevBR/BattleRoyal/Content/Maps/Jungle.umap'
[2018.07.25-12.32.28:899][ 25]LogSavePackage: Display: Finished SavePackage ../../../../../../GitHub/AloneDevBR/BattleRoyal/Content/Maps/Jungle.umap
[2018.07.25-12.32.28:927][ 25]LogFileHelpers: Saving map 'Jungle' took 0.139
[2018.07.25-12.32.28:930][ 25]Cmd: MAP LOAD FILE="../../../../../../GitHub/AloneDevBR/BattleRoyal/Content/ThirdPersonCPP/Maps/ThirdPersonExampleMap.umap" TEMPLATE=0 SHOWPROGRESS=1 FEATURELEVEL=3
[2018.07.25-12.32.28:930][ 25]LightingResults: New page: 라이팅 빌드
[2018.07.25-12.32.28:931][ 25]LoadErrors: New page: 맵 로드중: ThirdPersonExampleMap.umap
[2018.07.25-12.32.28:932][ 25]MapCheck: New page: 맵 체크
[2018.07.25-12.32.28:932][ 25]LightingResults: New page: 라이팅 빌드
[2018.07.25-12.32.28:949][ 25]LogEditorServer: Finished looking for orphan Actors (0.000 secs)
[2018.07.25-12.32.29:001][ 25]Cmd: MAP CHECKDEP NOCLEARLOG
[2018.07.25-12.32.29:082][ 25]MapCheck: 맵 체크 완료: 오류 0 회, 경고 0 회, 소요 시간 80.765ms.
[2018.07.25-12.32.29:082][ 25]LogFileHelpers: Loading map 'ThirdPersonExampleMap' took 0.155
[2018.07.25-12.32.29:084][ 25]LogSlate: Took 0.000387 seconds to synchronously load lazily loaded font '../../../Engine/Content/Slate/Fonts/Roboto-Regular.ttf' (155K)
[2018.07.25-12.32.50:350][515]LogSlate: Took 0.000335 seconds to synchronously load lazily loaded font '../../../Engine/Content/Slate/Fonts/Roboto-Light.ttf' (159K)
[2018.07.25-12.33.03:753][ 71]LogAIModule: Creating AISystem for world Jungle
[2018.07.25-12.33.03:768][ 71]Cmd: MAP LOAD FILE="../../../../../../GitHub/AloneDevBR/BattleRoyal/Content/Maps/Jungle.umap" TEMPLATE=0 SHOWPROGRESS=1 FEATURELEVEL=3
[2018.07.25-12.33.03:768][ 71]LightingResults: New page: 라이팅 빌드
[2018.07.25-12.33.03:769][ 71]LoadErrors: New page: 맵 로드중: Jungle.umap
[2018.07.25-12.33.03:770][ 71]MapCheck: New page: 맵 체크
[2018.07.25-12.33.03:770][ 71]LightingResults: New page: 라이팅 빌드
[2018.07.25-12.33.03:784][ 71]LogEditorServer: Finished looking for orphan Actors (0.000 secs)
[2018.07.25-12.33.03:819][ 71]Cmd: MAP CHECKDEP NOCLEARLOG
[2018.07.25-12.33.03:889][ 71]MapCheck: 맵 체크 완료: 오류 0 회, 경고 0 회, 소요 시간 70.115ms.
[2018.07.25-12.33.03:890][ 71]LogFileHelpers: Loading map 'Jungle' took 0.123
[2018.07.25-12.33.23:768][260]LogEditorViewport: Clicking on Actor (LMB): BP_Sky_Sphere_C (BP_Sky_Sphere)
[2018.07.25-12.33.27:415][655]LogEditorViewport: Clicking on Actor (LMB): BP_Sky_Sphere_C (BP_Sky_Sphere)
[2018.07.25-12.33.28:517][774]Cmd: OBJ SAVEPACKAGE PACKAGE="/Game/Maps/Jungle" FILE="../../../../../../GitHub/AloneDevBR/BattleRoyal/Content/Maps/Jungle.umap" SILENT=true AUTOSAVING=false KEEPDIRTY=false
[2018.07.25-12.33.28:551][774]LogSavePackage: Save=16.20ms
[2018.07.25-12.33.28:552][774]LogSavePackage: Moving '../../../../../../GitHub/AloneDevBR/BattleRoyal/Saved/JungleDDD8D8D741BD21BA9E797C8F4F869217.tmp' to '../../../../../../GitHub/AloneDevBR/BattleRoyal/Content/Maps/Jungle.umap'
[2018.07.25-12.33.28:554][774]LogSavePackage: Display: Finished SavePackage ../../../../../../GitHub/AloneDevBR/BattleRoyal/Content/Maps/Jungle.umap
[2018.07.25-12.33.28:589][774]Cmd: OBJ SAVEPACKAGE PACKAGE="/Game/Maps/Jungle_BuiltData" FILE="../../../../../../GitHub/AloneDevBR/BattleRoyal/Content/Maps/Jungle_BuiltData.uasset" SILENT=true
[2018.07.25-12.33.28:601][774]LogSavePackage: Save=5.97ms
[2018.07.25-12.33.28:601][774]LogSavePackage: Moving '../../../../../../GitHub/AloneDevBR/BattleRoyal/Saved/Jungle_BuiltData5684242747A2F3B004AAA1BCD875E30D.tmp' to '../../../../../../GitHub/AloneDevBR/BattleRoyal/Content/Maps/Jungle_BuiltData.uasset'
[2018.07.25-12.33.28:602][774]LogSavePackage: Display: Finished SavePackage ../../../../../../GitHub/AloneDevBR/BattleRoyal/Content/Maps/Jungle_BuiltData.uasset
[2018.07.25-12.35.32:539][416]Cmd: OBJ SAVEPACKAGE PACKAGE="/Game/Maps/Jungle" FILE="../../../../../../GitHub/AloneDevBR/BattleRoyal/Content/Maps/Jungle.umap" SILENT=true AUTOSAVING=false KEEPDIRTY=false
[2018.07.25-12.35.32:571][416]LogSavePackage: Save=17.07ms
[2018.07.25-12.35.32:571][416]LogSavePackage: Moving '../../../../../../GitHub/AloneDevBR/BattleRoyal/Saved/JungleE7DB3F0B48C7C73903342C9CD7EA0790.tmp' to '../../../../../../GitHub/AloneDevBR/BattleRoyal/Content/Maps/Jungle.umap'
[2018.07.25-12.35.32:573][416]LogSavePackage: Display: Finished SavePackage ../../../../../../GitHub/AloneDevBR/BattleRoyal/Content/Maps/Jungle.umap
[2018.07.25-12.35.32:608][416]Cmd: OBJ SAVEPACKAGE PACKAGE="/Game/Maps/Jungle_BuiltData" FILE="../../../../../../GitHub/AloneDevBR/BattleRoyal/Content/Maps/Jungle_BuiltData.uasset" SILENT=true
[2018.07.25-12.35.32:616][416]LogSavePackage: Save=5.01ms
[2018.07.25-12.35.32:616][416]LogSavePackage: Moving '../../../../../../GitHub/AloneDevBR/BattleRoyal/Saved/Jungle_BuiltData8659AE0E42FFD6F0ECEE6C81F0C1F00F.tmp' to '../../../../../../GitHub/AloneDevBR/BattleRoyal/Content/Maps/Jungle_BuiltData.uasset'
[2018.07.25-12.35.32:617][416]LogSavePackage: Display: Finished SavePackage ../../../../../../GitHub/AloneDevBR/BattleRoyal/Content/Maps/Jungle_BuiltData.uasset
[2018.07.25-12.36.20:955][709]MapCheck: New page: 맵 체크
[2018.07.25-12.36.20:976][709]Cmd: MAP REBUILD ALLVISIBLE
[2018.07.25-12.36.20:977][709]LogEditorServer: Rebuildmap Clear paths rebuilt
[2018.07.25-12.36.21:000][709]LogMaterial: Missing cached shader map for material FDebugViewModeMaterialProxy MaterialInstanceDynamic_437, compiling. 
[2018.07.25-12.36.22:527][709]TextureStreamingBuild: Display: Compiling optional shaders took 1.531 seconds.
[2018.07.25-12.36.22:540][709]LogLevel: Display: Export Material TexCoord Scales took 0.013 seconds.
[2018.07.25-12.36.22:545][709]TextureStreamingBuild: Display: Build Texture Streaming took 0.004 seconds.
[2018.07.25-12.36.22:556][709]LightingResults: New page: 라이팅 빌드 - 2018. 7. 26. 오전 6:36:22
[2018.07.25-12.36.22:556][709]LogStaticLightingSystem: Warning: WorldSettings.bForceNoPrecomputedLighting is true, Skipping Lighting Build!
[2018.07.25-12.36.22:595][709]LogStaticLightingSystem: Warning: Failed to build lighting!!! 라이팅 빌드가 실패했습니다.
[2018.07.25-12.36.22:595][709]Cmd: MAP CHECK DONTDISPLAYDIALOG
[2018.07.25-12.36.22:595][709]MapCheck: New page: Jungle - 2018. 7. 26. 오전 6:36:22
[2018.07.25-12.36.22:657][709]MapCheck: 맵 체크 완료: 오류 0 회, 경고 0 회, 소요 시간 62.253ms.
[2018.07.25-12.36.22:681][709]LogEditorBuildUtils: Build time 0:01
[2018.07.25-12.36.24:518][891]Cmd: OBJ SAVEPACKAGE PACKAGE="/Game/Maps/Jungle" FILE="../../../../../../GitHub/AloneDevBR/BattleRoyal/Content/Maps/Jungle.umap" SILENT=true AUTOSAVING=false KEEPDIRTY=false
[2018.07.25-12.36.24:549][891]LogSavePackage: Save=17.65ms
[2018.07.25-12.36.24:549][891]LogSavePackage: Moving '../../../../../../GitHub/AloneDevBR/BattleRoyal/Saved/Jungle26060A8444649283A8F3B38AE3FA0E8D.tmp' to '../../../../../../GitHub/AloneDevBR/BattleRoyal/Content/Maps/Jungle.umap'
[2018.07.25-12.36.24:551][891]LogSavePackage: Display: Finished SavePackage ../../../../../../GitHub/AloneDevBR/BattleRoyal/Content/Maps/Jungle.umap
[2018.07.25-12.36.24:585][891]Cmd: OBJ SAVEPACKAGE PACKAGE="/Game/Maps/Jungle_BuiltData" FILE="../../../../../../GitHub/AloneDevBR/BattleRoyal/Content/Maps/Jungle_BuiltData.uasset" SILENT=true
[2018.07.25-12.36.24:593][891]LogSavePackage: Save=4.77ms
[2018.07.25-12.36.24:593][891]LogSavePackage: Moving '../../../../../../GitHub/AloneDevBR/BattleRoyal/Saved/Jungle_BuiltDataE20BFEE948651B2B1F00708292942401.tmp' to '../../../../../../GitHub/AloneDevBR/BattleRoyal/Content/Maps/Jungle_BuiltData.uasset'
[2018.07.25-12.36.24:596][891]LogSavePackage: Display: Finished SavePackage ../../../../../../GitHub/AloneDevBR/BattleRoyal/Content/Maps/Jungle_BuiltData.uasset
[2018.07.25-12.37.31:658][599]MapCheck: New page: 맵 체크
[2018.07.25-12.37.31:681][599]Cmd: MAP REBUILD ALLVISIBLE
[2018.07.25-12.37.31:682][599]LogEditorServer: Rebuildmap Clear paths rebuilt
[2018.07.25-12.37.31:702][599]LogMaterial: Missing cached shader map for material FDebugViewModeMaterialProxy MaterialInstanceDynamic_438, compiling. 
[2018.07.25-12.37.32:136][599]TextureStreamingBuild: Display: Compiling optional shaders took 0.436 seconds.
[2018.07.25-12.37.32:137][599]LogLevel: Display: Export Material TexCoord Scales took 0.001 seconds.
[2018.07.25-12.37.32:140][599]TextureStreamingBuild: Display: Build Texture Streaming took 0.003 seconds.
[2018.07.25-12.37.32:149][599]LightingResults: New page: 라이팅 빌드 - 2018. 7. 26. 오전 6:37:32
[2018.07.25-12.37.32:150][599]LogStaticLightingSystem: Warning: WorldSettings.bForceNoPrecomputedLighting is true, Skipping Lighting Build!
[2018.07.25-12.37.32:182][599]LogStaticLightingSystem: Warning: Failed to build lighting!!! 라이팅 빌드가 실패했습니다.
[2018.07.25-12.37.32:182][599]Cmd: MAP CHECK DONTDISPLAYDIALOG
[2018.07.25-12.37.32:182][599]MapCheck: New page: Jungle - 2018. 7. 26. 오전 6:37:32
[2018.07.25-12.37.32:240][599]MapCheck: 맵 체크 완료: 오류 0 회, 경고 0 회, 소요 시간 58.276ms.
[2018.07.25-12.37.32:263][599]LogEditorBuildUtils: Build time 0:00
[2018.07.25-12.38.22:637][231]Cmd: OBJ SAVEPACKAGE PACKAGE="/Game/Maps/Jungle" FILE="../../../../../../GitHub/AloneDevBR/BattleRoyal/Content/Maps/Jungle.umap" SILENT=true AUTOSAVING=false KEEPDIRTY=false
[2018.07.25-12.38.22:677][231]LogSavePackage: Save=19.47ms
[2018.07.25-12.38.22:677][231]LogSavePackage: Moving '../../../../../../GitHub/AloneDevBR/BattleRoyal/Saved/Jungle8EE58EEB44E23E0B9950EF82171FC3BA.tmp' to '../../../../../../GitHub/AloneDevBR/BattleRoyal/Content/Maps/Jungle.umap'
[2018.07.25-12.38.22:680][231]LogSavePackage: Display: Finished SavePackage ../../../../../../GitHub/AloneDevBR/BattleRoyal/Content/Maps/Jungle.umap
[2018.07.25-12.38.22:735][231]Cmd: OBJ SAVEPACKAGE PACKAGE="/Game/Maps/Jungle_BuiltData" FILE="../../../../../../GitHub/AloneDevBR/BattleRoyal/Content/Maps/Jungle_BuiltData.uasset" SILENT=true
[2018.07.25-12.38.22:744][231]LogSavePackage: Save=5.44ms
[2018.07.25-12.38.22:745][231]LogSavePackage: Moving '../../../../../../GitHub/AloneDevBR/BattleRoyal/Saved/Jungle_BuiltDataB0652F2440FBD46826B2B1B3AB985639.tmp' to '../../../../../../GitHub/AloneDevBR/BattleRoyal/Content/Maps/Jungle_BuiltData.uasset'
[2018.07.25-12.38.22:749][231]LogSavePackage: Display: Finished SavePackage ../../../../../../GitHub/AloneDevBR/BattleRoyal/Content/Maps/Jungle_BuiltData.uasset
[2018.07.25-12.39.23:479][703]MapCheck: New page: 맵 체크
[2018.07.25-12.39.23:503][703]Cmd: MAP REBUILD ALLVISIBLE
[2018.07.25-12.39.23:503][703]LogEditorServer: Rebuildmap Clear paths rebuilt
[2018.07.25-12.39.23:525][703]LogMaterial: Missing cached shader map for material FDebugViewModeMaterialProxy MaterialInstanceDynamic_440, compiling. 
[2018.07.25-12.39.23:962][703]TextureStreamingBuild: Display: Compiling optional shaders took 0.439 seconds.
[2018.07.25-12.39.23:965][703]LogLevel: Display: Export Material TexCoord Scales took 0.002 seconds.
[2018.07.25-12.39.23:969][703]TextureStreamingBuild: Display: Build Texture Streaming took 0.004 seconds.
[2018.07.25-12.39.23:978][703]LightingResults: New page: 라이팅 빌드 - 2018. 7. 26. 오전 6:39:23
[2018.07.25-12.39.23:979][703]LogStaticLightingSystem: Warning: WorldSettings.bForceNoPrecomputedLighting is true, Skipping Lighting Build!
[2018.07.25-12.39.24:008][703]LogStaticLightingSystem: Warning: Failed to build lighting!!! 라이팅 빌드가 실패했습니다.
[2018.07.25-12.39.24:008][703]Cmd: MAP CHECK DONTDISPLAYDIALOG
[2018.07.25-12.39.24:009][703]MapCheck: New page: Jungle - 2018. 7. 26. 오전 6:39:24
[2018.07.25-12.39.24:067][703]MapCheck: 맵 체크 완료: 오류 0 회, 경고 0 회, 소요 시간 58.704ms.
[2018.07.25-12.39.24:090][703]LogEditorBuildUtils: Build time 0:00
[2018.07.25-12.40.05:687][326]Cmd: OBJ SAVEPACKAGE PACKAGE="/Game/Maps/Jungle" FILE="../../../../../../GitHub/AloneDevBR/BattleRoyal/Content/Maps/Jungle.umap" SILENT=true AUTOSAVING=false KEEPDIRTY=false
[2018.07.25-12.40.05:720][326]LogSavePackage: Save=20.68ms
[2018.07.25-12.40.05:721][326]LogSavePackage: Moving '../../../../../../GitHub/AloneDevBR/BattleRoyal/Saved/Jungle34BD15F64329C5AEDB7C87AEC31820A7.tmp' to '../../../../../../GitHub/AloneDevBR/BattleRoyal/Content/Maps/Jungle.umap'
[2018.07.25-12.40.05:723][326]LogSavePackage: Display: Finished SavePackage ../../../../../../GitHub/AloneDevBR/BattleRoyal/Content/Maps/Jungle.umap
[2018.07.25-12.40.05:757][326]Cmd: OBJ SAVEPACKAGE PACKAGE="/Game/Maps/Jungle_BuiltData" FILE="../../../../../../GitHub/AloneDevBR/BattleRoyal/Content/Maps/Jungle_BuiltData.uasset" SILENT=true
[2018.07.25-12.40.05:765][326]LogSavePackage: Save=5.02ms
[2018.07.25-12.40.05:766][326]LogSavePackage: Moving '../../../../../../GitHub/AloneDevBR/BattleRoyal/Saved/Jungle_BuiltData2632FF9A430BB48D74D7459DD9B4F02A.tmp' to '../../../../../../GitHub/AloneDevBR/BattleRoyal/Content/Maps/Jungle_BuiltData.uasset'
[2018.07.25-12.40.05:768][326]LogSavePackage: Display: Finished SavePackage ../../../../../../GitHub/AloneDevBR/BattleRoyal/Content/Maps/Jungle_BuiltData.uasset
[2018.07.25-12.40.08:470][586]Cmd: QUIT_EDITOR
[2018.07.25-12.40.08:516][586]LogWindowsTextInputMethodSystem: Display: IME system now activated using TSF (Microsoft 입력기).
[2018.07.25-12.40.08:528][586]LogExit: Preparing to exit.
[2018.07.25-12.40.09:202][586]LogActorComponent: UnregisterComponent: (None.None) Not registered. Aborting.
[2018.07.25-12.40.09:202][586]LogActorComponent: UnregisterComponent: (None.None) Not registered. Aborting.
[2018.07.25-12.40.09:202][586]LogActorComponent: UnregisterComponent: (None.None) Not registered. Aborting.
[2018.07.25-12.40.09:202][586]LogActorComponent: UnregisterComponent: (None.None) Not registered. Aborting.
[2018.07.25-12.40.09:202][586]LogActorComponent: UnregisterComponent: (None.None) Not registered. Aborting.
[2018.07.25-12.40.09:202][586]LogActorComponent: UnregisterComponent: (None.None) Not registered. Aborting.
[2018.07.25-12.40.09:202][586]LogActorComponent: UnregisterComponent: (None.None) Not registered. Aborting.
[2018.07.25-12.40.09:202][586]LogActorComponent: UnregisterComponent: (None.None) Not registered. Aborting.
[2018.07.25-12.40.09:202][586]LogActorComponent: UnregisterComponent: (None.None) Not registered. Aborting.
[2018.07.25-12.40.09:202][586]LogActorComponent: UnregisterComponent: (None.None) Not registered. Aborting.
[2018.07.25-12.40.09:202][586]LogActorComponent: UnregisterComponent: (None.None) Not registered. Aborting.
[2018.07.25-12.40.09:202][586]LogActorComponent: UnregisterComponent: (None.None) Not registered. Aborting.
[2018.07.25-12.40.09:202][586]LogActorComponent: UnregisterComponent: (None.None) Not registered. Aborting.
[2018.07.25-12.40.09:202][586]LogActorComponent: UnregisterComponent: (None.None) Not registered. Aborting.
[2018.07.25-12.40.09:202][586]LogActorComponent: UnregisterComponent: (None.None) Not registered. Aborting.
[2018.07.25-12.40.09:202][586]LogActorComponent: UnregisterComponent: (None.None) Not registered. Aborting.
[2018.07.25-12.40.09:202][586]LogActorComponent: UnregisterComponent: (None.None) Not registered. Aborting.
[2018.07.25-12.40.09:202][586]LogActorComponent: UnregisterComponent: (None.None) Not registered. Aborting.
[2018.07.25-12.40.09:202][586]LogActorComponent: UnregisterComponent: (None.None) Not registered. Aborting.
[2018.07.25-12.40.09:202][586]LogActorComponent: UnregisterComponent: (None.None) Not registered. Aborting.
[2018.07.25-12.40.09:202][586]LogActorComponent: UnregisterComponent: (None.None) Not registered. Aborting.
[2018.07.25-12.40.09:203][586]LogActorComponent: UnregisterComponent: (None.None) Not registered. Aborting.
[2018.07.25-12.40.09:203][586]LogActorComponent: UnregisterComponent: (None.None) Not registered. Aborting.
[2018.07.25-12.40.09:203][586]LogActorComponent: UnregisterComponent: (None.None) Not registered. Aborting.
[2018.07.25-12.40.09:203][586]LogActorComponent: UnregisterComponent: (None.None) Not registered. Aborting.
[2018.07.25-12.40.09:203][586]LogActorComponent: UnregisterComponent: (None.None) Not registered. Aborting.
[2018.07.25-12.40.09:203][586]LogActorComponent: UnregisterComponent: (None.None) Not registered. Aborting.
[2018.07.25-12.40.09:203][586]LogActorComponent: UnregisterComponent: (None.None) Not registered. Aborting.
[2018.07.25-12.40.09:203][586]LogActorComponent: UnregisterComponent: (None.None) Not registered. Aborting.
[2018.07.25-12.40.09:203][586]LogActorComponent: UnregisterComponent: (None.None) Not registered. Aborting.
[2018.07.25-12.40.09:203][586]LogActorComponent: UnregisterComponent: (None.None) Not registered. Aborting.
[2018.07.25-12.40.09:203][586]LogActorComponent: UnregisterComponent: (None.None) Not registered. Aborting.
[2018.07.25-12.40.09:203][586]LogActorComponent: UnregisterComponent: (None.None) Not registered. Aborting.
[2018.07.25-12.40.09:203][586]LogActorComponent: UnregisterComponent: (None.None) Not registered. Aborting.
[2018.07.25-12.40.09:203][586]LogActorComponent: UnregisterComponent: (None.None) Not registered. Aborting.
[2018.07.25-12.40.09:203][586]LogActorComponent: UnregisterComponent: (None.None) Not registered. Aborting.
[2018.07.25-12.40.09:203][586]LogActorComponent: UnregisterComponent: (None.None) Not registered. Aborting.
[2018.07.25-12.40.09:203][586]LogActorComponent: UnregisterComponent: (None.None) Not registered. Aborting.
[2018.07.25-12.40.09:203][586]LogActorComponent: UnregisterComponent: (None.None) Not registered. Aborting.
[2018.07.25-12.40.09:203][586]LogActorComponent: UnregisterComponent: (None.None) Not registered. Aborting.
[2018.07.25-12.40.09:203][586]LogActorComponent: UnregisterComponent: (None.None) Not registered. Aborting.
[2018.07.25-12.40.09:203][586]LogActorComponent: UnregisterComponent: (None.None) Not registered. Aborting.
[2018.07.25-12.40.09:203][586]LogActorComponent: UnregisterComponent: (None.None) Not registered. Aborting.
[2018.07.25-12.40.09:203][586]LogActorComponent: UnregisterComponent: (None.None) Not registered. Aborting.
[2018.07.25-12.40.09:203][586]LogActorComponent: UnregisterComponent: (None.None) Not registered. Aborting.
[2018.07.25-12.40.09:203][586]LogActorComponent: UnregisterComponent: (None.None) Not registered. Aborting.
[2018.07.25-12.40.09:203][586]LogActorComponent: UnregisterComponent: (None.None) Not registered. Aborting.
[2018.07.25-12.40.09:203][586]LogActorComponent: UnregisterComponent: (None.None) Not registered. Aborting.
[2018.07.25-12.40.09:203][586]LogActorComponent: UnregisterComponent: (None.None) Not registered. Aborting.
[2018.07.25-12.40.09:203][586]LogActorComponent: UnregisterComponent: (None.None) Not registered. Aborting.
[2018.07.25-12.40.09:203][586]LogActorComponent: UnregisterComponent: (None.None) Not registered. Aborting.
[2018.07.25-12.40.09:203][586]LogActorComponent: UnregisterComponent: (None.None) Not registered. Aborting.
[2018.07.25-12.40.09:203][586]LogActorComponent: UnregisterComponent: (None.None) Not registered. Aborting.
[2018.07.25-12.40.09:203][586]LogActorComponent: UnregisterComponent: (None.None) Not registered. Aborting.
[2018.07.25-12.40.09:211][586]LogDirectoryWatcher: A directory notification for 'D:/GitHub/AloneDevBR/BattleRoyal/Content/' was aborted.
[2018.07.25-12.40.09:234][586]LogExit: Editor shut down
[2018.07.25-12.40.09:239][586]LogExit: Transaction tracking system shut down
[2018.07.25-12.40.09:440][586]LogDirectoryWatcher: A directory notification for '../../../Engine/Content/' was aborted.
[2018.07.25-12.40.09:440][586]LogDirectoryWatcher: A directory notification for '../../../../../../GitHub/AloneDevBR/BattleRoyal/Content/' was aborted.
[2018.07.25-12.40.09:440][586]LogDirectoryWatcher: A directory notification for '../../../Engine/Plugins/2D/Paper2D/Content/' was aborted.
[2018.07.25-12.40.09:440][586]LogDirectoryWatcher: A directory notification for '../../../Engine/Plugins/Media/MediaCompositing/Content/' was aborted.
[2018.07.25-12.40.09:440][586]LogDirectoryWatcher: A directory notification for '../../../Engine/Plugins/Runtime/AppleARKit/Content/' was aborted.
[2018.07.25-12.40.09:440][586]LogDirectoryWatcher: A directory notification for '../../../Engine/Plugins/Runtime/Oculus/OculusVR/Content/' was aborted.
[2018.07.25-12.40.09:440][586]LogDirectoryWatcher: A directory notification for '../../../Engine/Plugins/Runtime/Steam/SteamVR/Content/' was aborted.
[2018.07.25-12.40.09:490][586]LogExit: Object subsystem successfully closed.
[2018.07.25-12.40.09:516][586]LogD3D11RHI: Shutdown
[2018.07.25-12.40.09:516][586]LogD3D11RHI: CleanupD3DDevice
[2018.07.25-12.40.09:519][586]LogD3D11RHI: ~FD3D11DynamicRHI
[2018.07.25-12.40.09:528][586]LogModuleManager: Shutting down and abandoning module HierarchicalLODUtilities (554)
[2018.07.25-12.40.09:528][586]LogModuleManager: Shutting down and abandoning module HierarchicalLODOutliner (552)
[2018.07.25-12.40.09:528][586]LogModuleManager: Shutting down and abandoning module ExternalImagePicker (550)
[2018.07.25-12.40.09:528][586]LogModuleManager: Shutting down and abandoning module DesktopPlatform (548)
[2018.07.25-12.40.09:529][586]LogModuleManager: Shutting down and abandoning module SceneOutliner (546)
[2018.07.25-12.40.09:529][586]LogModuleManager: Shutting down and abandoning module AddContentDialog (544)
[2018.07.25-12.40.09:529][586]LogDirectoryWatcher: A directory notification for 'D:/Program Files/Epic Games/UE_4.18/FeaturePacks/' was aborted.
[2018.07.25-12.40.09:530][586]LogModuleManager: Shutting down and abandoning module WidgetCarousel (543)
[2018.07.25-12.40.09:530][586]LogModuleManager: Shutting down and abandoning module EditorWidgets (540)
[2018.07.25-12.40.09:530][586]LogModuleManager: Shutting down and abandoning module CollectionManager (538)
[2018.07.25-12.40.09:530][586]LogDirectoryWatcher: A directory notification for 'D:/GitHub/AloneDevBR/BattleRoyal/Content/Collections/' was aborted.
[2018.07.25-12.40.09:530][586]LogDirectoryWatcher: A directory notification for 'D:/GitHub/AloneDevBR/BattleRoyal/Content/Developers/Rodun/Collections/' was aborted.
[2018.07.25-12.40.09:530][586]LogDirectoryWatcher: A directory notification for 'D:/GitHub/AloneDevBR/BattleRoyal/Saved/Collections/' was aborted.
[2018.07.25-12.40.09:530][586]LogModuleManager: Shutting down and abandoning module StatsViewer (536)
[2018.07.25-12.40.09:530][586]LogModuleManager: Shutting down and abandoning module FoliageEdit (534)
[2018.07.25-12.40.09:530][586]LogModuleManager: Shutting down and abandoning module LandscapeEditor (532)
[2018.07.25-12.40.09:530][586]LogModuleManager: Shutting down and abandoning module MeshPaintMode (530)
[2018.07.25-12.40.09:530][586]LogModuleManager: Shutting down and abandoning module SceneDepthPickerMode (528)
[2018.07.25-12.40.09:530][586]LogModuleManager: Shutting down and abandoning module ActorPickerMode (526)
[2018.07.25-12.40.09:530][586]LogModuleManager: Shutting down and abandoning module GeometryMode (524)
[2018.07.25-12.40.09:530][586]LogModuleManager: Shutting down and abandoning module TextureAlignMode (522)
[2018.07.25-12.40.09:530][586]LogModuleManager: Shutting down and abandoning module BspMode (520)
[2018.07.25-12.40.09:530][586]LogModuleManager: Shutting down and abandoning module PIEPreviewDeviceProfileSelector (518)
[2018.07.25-12.40.09:530][586]LogModuleManager: Shutting down and abandoning module HardwareSurvey (516)
[2018.07.25-12.40.09:530][586]LogModuleManager: Shutting down and abandoning module SequenceRecorderSections (514)
[2018.07.25-12.40.09:530][586]LogModuleManager: Shutting down and abandoning module AutomationWorker (512)
[2018.07.25-12.40.09:530][586]LogModuleManager: Shutting down and abandoning module MatineeToLevelSequence (510)
[2018.07.25-12.40.09:530][586]LogModuleManager: Shutting down and abandoning module LevelSequenceEditor (508)
[2018.07.25-12.40.09:530][586]LogModuleManager: Shutting down and abandoning module PlacementMode (507)
[2018.07.25-12.40.09:531][586]LogModuleManager: Shutting down and abandoning module WmfMediaFactory (504)
[2018.07.25-12.40.09:531][586]LogModuleManager: Shutting down and abandoning module WmfMediaEditor (502)
[2018.07.25-12.40.09:531][586]LogModuleManager: Shutting down and abandoning module OpenExrWrapper (500)
[2018.07.25-12.40.09:531][586]LogModuleManager: Shutting down and abandoning module ImgMediaFactory (498)
[2018.07.25-12.40.09:531][586]LogModuleManager: Shutting down and abandoning module ImgMediaEditor (496)
[2018.07.25-12.40.09:531][586]LogModuleManager: Shutting down and abandoning module AvfMediaFactory (494)
[2018.07.25-12.40.09:531][586]LogModuleManager: Shutting down and abandoning module AvfMediaEditor (492)
[2018.07.25-12.40.09:531][586]LogModuleManager: Shutting down and abandoning module AndroidMediaFactory (490)
[2018.07.25-12.40.09:531][586]LogModuleManager: Shutting down and abandoning module AndroidMediaEditor (488)
[2018.07.25-12.40.09:531][586]LogModuleManager: Shutting down and abandoning module CharacterAI (486)
[2018.07.25-12.40.09:531][586]LogModuleManager: Shutting down and abandoning module AudioCapture (484)
[2018.07.25-12.40.09:531][586]LogModuleManager: Shutting down and abandoning module SequenceRecorder (483)
[2018.07.25-12.40.09:531][586]LogModuleManager: Shutting down and abandoning module SmartSnapping (480)
[2018.07.25-12.40.09:531][586]LogModuleManager: Shutting down and abandoning module SessionServices (478)
[2018.07.25-12.40.09:531][586]LogModuleManager: Shutting down and abandoning module ViewportSnapping (476)
[2018.07.25-12.40.09:531][586]LogModuleManager: Shutting down and abandoning module ViewportInteraction (474)
[2018.07.25-12.40.09:531][586]LogModuleManager: Shutting down and abandoning module ClothPainter (472)
[2018.07.25-12.40.09:531][586]LogModuleManager: Shutting down and abandoning module SkeletalMeshEditor (471)
[2018.07.25-12.40.09:531][586]LogModuleManager: Shutting down and abandoning module LogVisualizer (468)
[2018.07.25-12.40.09:531][586]LogModuleManager: Shutting down and abandoning module IntroTutorials (466)
[2018.07.25-12.40.09:531][586]LogModuleManager: Shutting down and abandoning module GameProjectGeneration (465)
[2018.07.25-12.40.09:531][586]LogModuleManager: Shutting down and abandoning module IOSPlatformEditor (462)
[2018.07.25-12.40.09:531][586]LogModuleManager: Shutting down and abandoning module HTML5PlatformEditor (460)
[2018.07.25-12.40.09:531][586]LogModuleManager: Shutting down and abandoning module AndroidPlatformEditor (458)
[2018.07.25-12.40.09:531][586]LogModuleManager: Shutting down and abandoning module AndroidDeviceDetection (457)
[2018.07.25-12.40.09:788][586]LogModuleManager: Shutting down and abandoning module WindowsPlatformEditor (454)
[2018.07.25-12.40.09:788][586]LogModuleManager: Shutting down and abandoning module IOSRuntimeSettings (452)
[2018.07.25-12.40.09:788][586]LogModuleManager: Shutting down and abandoning module AndroidRuntimeSettings (450)
[2018.07.25-12.40.09:788][586]LogModuleManager: Shutting down and abandoning module InputBindingEditor (448)
[2018.07.25-12.40.09:788][586]LogModuleManager: Shutting down and abandoning module MergeActors (446)
[2018.07.25-12.40.09:788][586]LogModuleManager: Shutting down and abandoning module SizeMap (444)
[2018.07.25-12.40.09:788][586]LogModuleManager: Shutting down and abandoning module TreeMap (442)
[2018.07.25-12.40.09:788][586]LogModuleManager: Shutting down and abandoning module ReferenceViewer (440)
[2018.07.25-12.40.09:788][586]LogModuleManager: Shutting down and abandoning module LocalizationDashboard (438)
[2018.07.25-12.40.09:789][586]LogModuleManager: Shutting down and abandoning module LocalizationService (437)
[2018.07.25-12.40.09:789][586]LogModuleManager: Shutting down and abandoning module HardwareTargeting (434)
[2018.07.25-12.40.09:789][586]LogModuleManager: Shutting down and abandoning module DeviceProfileEditor (432)
[2018.07.25-12.40.09:789][586]LogModuleManager: Shutting down and abandoning module UndoHistory (430)
[2018.07.25-12.40.09:789][586]LogModuleManager: Shutting down and abandoning module XmlParser (428)
[2018.07.25-12.40.09:789][586]LogModuleManager: Shutting down and abandoning module Blutility (426)
[2018.07.25-12.40.09:789][586]LogModuleManager: Shutting down and abandoning module ProjectSettingsViewer (424)
[2018.07.25-12.40.09:789][586]LogModuleManager: Shutting down and abandoning module ProjectTargetPlatformEditor (423)
[2018.07.25-12.40.09:789][586]LogModuleManager: Shutting down and abandoning module EditorSettingsViewer (420)
[2018.07.25-12.40.09:789][586]LogModuleManager: Shutting down and abandoning module SettingsEditor (418)
[2018.07.25-12.40.09:789][586]LogModuleManager: Shutting down and abandoning module ProjectLauncher (416)
[2018.07.25-12.40.09:789][586]LogModuleManager: Shutting down and abandoning module SessionFrontend (414)
[2018.07.25-12.40.09:789][586]LogModuleManager: Shutting down and abandoning module ProfilerClient (412)
[2018.07.25-12.40.09:789][586]LogModuleManager: Shutting down and abandoning module DeviceManager (410)
[2018.07.25-12.40.09:789][586]LogModuleManager: Shutting down and abandoning module TargetDeviceServices (409)
[2018.07.25-12.40.09:844][586]LogModuleManager: Shutting down and abandoning module AutomationController (406)
[2018.07.25-12.40.09:844][586]LogModuleManager: Shutting down and abandoning module AutomationWindow (404)
[2018.07.25-12.40.09:844][586]LogModuleManager: Shutting down and abandoning module Layers (402)
[2018.07.25-12.40.09:844][586]LogModuleManager: Shutting down and abandoning module ComponentVisualizers (400)
[2018.07.25-12.40.09:844][586]LogModuleManager: Shutting down and abandoning module DetailCustomizations (398)
[2018.07.25-12.40.09:844][586]LogModuleManager: Shutting down and abandoning module PackagesDialog (396)
[2018.07.25-12.40.09:844][586]LogModuleManager: Shutting down and abandoning module Persona (394)
[2018.07.25-12.40.09:844][586]LogModuleManager: Shutting down and abandoning module AdvancedPreviewScene (393)
[2018.07.25-12.40.09:844][586]LogModuleManager: Shutting down and abandoning module AnimGraph (391)
[2018.07.25-12.40.09:844][586]LogModuleManager: Shutting down and abandoning module Kismet (388)
[2018.07.25-12.40.09:844][586]LogModuleManager: Shutting down and abandoning module ClassViewer (386)
[2018.07.25-12.40.09:845][586]LogModuleManager: Shutting down and abandoning module Toolbox (384)
[2018.07.25-12.40.09:845][586]LogModuleManager: Shutting down and abandoning module ModuleUI (382)
[2018.07.25-12.40.09:845][586]LogModuleManager: Shutting down and abandoning module MovieSceneTools (380)
[2018.07.25-12.40.09:845][586]LogModuleManager: Shutting down and abandoning module OutputLog (378)
[2018.07.25-12.40.09:845][586]LogModuleManager: Shutting down and abandoning module GammaUI (376)
[2018.07.25-12.40.09:845][586]LogModuleManager: Shutting down and abandoning module Documentation (374)
[2018.07.25-12.40.09:845][586]LogModuleManager: Shutting down and abandoning module MovieSceneTracks (372)
[2018.07.25-12.40.09:845][586]LogModuleManager: Shutting down and abandoning module MovieScene (370)
[2018.07.25-12.40.09:845][586]LogModuleManager: Shutting down and abandoning module StreamingPauseRendering (368)
[2018.07.25-12.40.09:845][586]LogModuleManager: Shutting down and abandoning module LauncherPlatform (366)
[2018.07.25-12.40.09:845][586]LogModuleManager: Shutting down and abandoning module AnalyticsET (364)
[2018.07.25-12.40.09:845][586]LogModuleManager: Shutting down and abandoning module PortalServices (362)
[2018.07.25-12.40.09:845][586]LogModuleManager: Shutting down and abandoning module PortalRpc (360)
[2018.07.25-12.40.09:845][586]LogModuleManager: Shutting down and abandoning module MessagingRpc (358)
[2018.07.25-12.40.09:845][586]LogModuleManager: Shutting down and abandoning module AIModule (356)
[2018.07.25-12.40.09:845][586]LogModuleManager: Shutting down and abandoning module GameplayDebugger (355)
[2018.07.25-12.40.09:845][586]LogModuleManager: Shutting down and abandoning module AITestSuite (353)
[2018.07.25-12.40.09:845][586]LogModuleManager: Shutting down and abandoning module ProfilerService (350)
[2018.07.25-12.40.09:941][586]LogModuleManager: Shutting down and abandoning module TaskGraph (348)
[2018.07.25-12.40.09:942][586]LogModuleManager: Shutting down and abandoning module SteamVRController (346)
[2018.07.25-12.40.09:942][586]LogModuleManager: Shutting down and abandoning module ProceduralMeshComponentEditor (344)
[2018.07.25-12.40.09:942][586]LogModuleManager: Shutting down and abandoning module ProceduralMeshComponent (342)
[2018.07.25-12.40.09:942][586]LogModuleManager: Shutting down and abandoning module OculusInput (340)
[2018.07.25-12.40.09:942][586]LogModuleManager: Shutting down and abandoning module MobilePatchingUtils (338)
[2018.07.25-12.40.09:942][586]LogModuleManager: Shutting down and abandoning module CustomMeshComponent (336)
[2018.07.25-12.40.09:942][586]LogModuleManager: Shutting down and abandoning module CableComponent (334)
[2018.07.25-12.40.09:942][586]LogModuleManager: Shutting down and abandoning module ArchVisCharacter (332)
[2018.07.25-12.40.09:942][586]LogModuleManager: Shutting down and abandoning module AndroidPermission (330)
[2018.07.25-12.40.09:942][586]LogModuleManager: Shutting down and abandoning module ActorSequence (326)
[2018.07.25-12.40.09:942][586]LogModuleManager: Shutting down and abandoning module MediaPlayerEditor (324)
[2018.07.25-12.40.09:942][586]LogModuleManager: Shutting down and abandoning module MediaCompositingEditor (322)
[2018.07.25-12.40.09:942][586]LogModuleManager: Shutting down and abandoning module MediaCompositing (320)
[2018.07.25-12.40.09:942][586]LogModuleManager: Shutting down and abandoning module HTML5Networking (318)
[2018.07.25-12.40.09:942][586]LogModuleManager: Shutting down and abandoning module AlembicImporter (316)
[2018.07.25-12.40.09:942][586]LogModuleManager: Shutting down and abandoning module AlembicLibrary (315)
[2018.07.25-12.40.09:942][586]LogModuleManager: Shutting down and abandoning module GeometryCache (314)
[2018.07.25-12.40.09:942][586]LogModuleManager: Shutting down and abandoning module GeometryCacheEd (313)
[2018.07.25-12.40.09:942][586]LogModuleManager: Shutting down and abandoning module SpeedTreeImporter (308)
[2018.07.25-12.40.09:942][586]LogModuleManager: Shutting down and abandoning module PluginBrowser (306)
[2018.07.25-12.40.09:942][586]LogModuleManager: Shutting down and abandoning module MobileLauncherProfileWizard (304)
[2018.07.25-12.40.09:942][586]LogModuleManager: Shutting down and abandoning module VisualStudioSourceCodeAccess (302)
[2018.07.25-12.40.09:942][586]LogModuleManager: Shutting down and abandoning module VisualStudioCodeSourceCodeAccess (300)
[2018.07.25-12.40.09:942][586]LogModuleManager: Shutting down and abandoning module UObjectPlugin (298)
[2018.07.25-12.40.09:943][586]LogModuleManager: Shutting down and abandoning module SubversionSourceControl (296)
[2018.07.25-12.40.09:943][586]LogModuleManager: Shutting down and abandoning module PerforceSourceControl (294)
[2018.07.25-12.40.09:943][586]LogModuleManager: Shutting down and abandoning module GitSourceControl (292)
[2018.07.25-12.40.09:943][586]LogModuleManager: Shutting down and abandoning module SourceControl (291)
[2018.07.25-12.40.09:943][586]LogModuleManager: Shutting down and abandoning module LightPropagationVolumeEditor (288)
[2018.07.25-12.40.09:943][586]LogModuleManager: Shutting down and abandoning module PaperTiledImporter (286)
[2018.07.25-12.40.09:943][586]LogModuleManager: Shutting down and abandoning module PaperSpriteSheetImporter (284)
[2018.07.25-12.40.09:943][586]LogModuleManager: Shutting down and abandoning module Paper2DEditor (282)
[2018.07.25-12.40.09:943][586]LogModuleManager: Shutting down and abandoning module MeshPaint (281)
[2018.07.25-12.40.09:943][586]LogModuleManager: Shutting down and abandoning module LevelEditor (279)
[2018.07.25-12.40.09:944][586]LogModuleManager: Shutting down and abandoning module PixelInspectorModule (278)
[2018.07.25-12.40.09:944][586]LogModuleManager: Shutting down and abandoning module MainFrame (276)
[2018.07.25-12.40.09:945][586]LogModuleManager: Shutting down and abandoning module HotReload (275)
[2018.07.25-12.40.09:945][586]LogDirectoryWatcher: A directory notification for 'D:/GitHub/AloneDevBR/BattleRoyal/Binaries/Win64' was aborted.
[2018.07.25-12.40.09:946][586]LogModuleManager: Shutting down and abandoning module BattleRoyal (270)
[2018.07.25-12.40.09:946][586]LogModuleManager: Shutting down and abandoning module RuntimePhysXCooking (268)
[2018.07.25-12.40.09:946][586]LogModuleManager: Shutting down and abandoning module PhysXVehiclesEditor (266)
[2018.07.25-12.40.09:946][586]LogModuleManager: Shutting down and abandoning module PhysXVehicles (264)
[2018.07.25-12.40.09:946][586]LogModuleManager: Shutting down and abandoning module OculusEditor (262)
[2018.07.25-12.40.09:946][586]LogModuleManager: Shutting down and abandoning module LocationServicesBPLibrary (260)
[2018.07.25-12.40.09:946][586]LogModuleManager: Shutting down and abandoning module ImmediatePhysicsEditor (258)
[2018.07.25-12.40.09:946][586]LogModuleManager: Shutting down and abandoning module ImmediatePhysics (256)
[2018.07.25-12.40.09:946][586]LogModuleManager: Shutting down and abandoning module UdpMessaging (254)
[2018.07.25-12.40.10:047][586]LogModuleManager: Shutting down and abandoning module TcpMessaging (252)
[2018.07.25-12.40.10:148][586]LogModuleManager: Shutting down and abandoning module GameplayTagsEditor (250)
[2018.07.25-12.40.10:148][586]LogModuleManager: Shutting down and abandoning module FacialAnimationEditor (248)
[2018.07.25-12.40.10:148][586]LogModuleManager: Shutting down and abandoning module FacialAnimation (246)
[2018.07.25-12.40.10:148][586]LogModuleManager: Shutting down and abandoning module AssetManagerEditor (244)
[2018.07.25-12.40.10:148][586]LogModuleManager: Shutting down and abandoning module GraphEditor (243)
[2018.07.25-12.40.10:148][586]LogModuleManager: Shutting down and abandoning module ContentBrowser (241)
[2018.07.25-12.40.10:150][586]LogModuleManager: Shutting down and abandoning module LightPropagationVolumeRuntime (238)
[2018.07.25-12.40.10:150][586]LogModuleManager: Shutting down and abandoning module Paper2D (236)
[2018.07.25-12.40.10:150][586]LogModuleManager: Shutting down and abandoning module WindowsMoviePlayer (234)
[2018.07.25-12.40.10:151][586]LogModuleManager: Shutting down and abandoning module WmfMedia (232)
[2018.07.25-12.40.10:154][586]LogModuleManager: Shutting down and abandoning module ImgMedia (230)
[2018.07.25-12.40.10:154][586]LogModuleManager: Shutting down and abandoning module PacketHandler (228)
[2018.07.25-12.40.10:154][586]LogModuleManager: Shutting down and abandoning module ClothingSystemEditor (226)
[2018.07.25-12.40.10:154][586]LogModuleManager: Shutting down and abandoning module ClothingSystemRuntime (224)
[2018.07.25-12.40.10:154][586]LogModuleManager: Shutting down and abandoning module MediaAssets (222)
[2018.07.25-12.40.10:154][586]LogModuleManager: Shutting down and abandoning module Media (221)
[2018.07.25-12.40.10:160][586]LogModuleManager: Shutting down and abandoning module Overlay (218)
[2018.07.25-12.40.10:160][586]LogModuleManager: Shutting down and abandoning module OverlayEditor (217)
[2018.07.25-12.40.10:161][586]LogModuleManager: Shutting down and abandoning module VREditor (214)
[2018.07.25-12.40.10:161][586]LogModuleManager: Shutting down and abandoning module StringTableEditor (212)
[2018.07.25-12.40.10:161][586]LogModuleManager: Shutting down and abandoning module GameplayTasksEditor (210)
[2018.07.25-12.40.10:161][586]LogModuleManager: Shutting down and abandoning module BehaviorTreeEditor (208)
[2018.07.25-12.40.10:161][586]LogModuleManager: Shutting down and abandoning module FunctionalTesting (206)
[2018.07.25-12.40.10:161][586]LogModuleManager: Shutting down and abandoning module CollisionAnalyzer (204)
[2018.07.25-12.40.10:161][586]LogModuleManager: Shutting down and abandoning module WorkspaceMenuStructure (203)
[2018.07.25-12.40.10:161][586]LogModuleManager: Shutting down and abandoning module UMG (200)
[2018.07.25-12.40.10:161][586]LogModuleManager: Shutting down and abandoning module UMGEditor (199)
[2018.07.25-12.40.10:161][586]LogModuleManager: Shutting down and abandoning module Sequencer (198)
[2018.07.25-12.40.10:161][586]LogModuleManager: Shutting down and abandoning module MessageLog (195)
[2018.07.25-12.40.10:161][586]LogModuleManager: Shutting down and abandoning module SlateReflector (190)
[2018.07.25-12.40.10:161][586]LogModuleManager: Shutting down and abandoning module Slate (188)
[2018.07.25-12.40.10:161][586]LogModuleManager: Shutting down and abandoning module EditorStyle (186)
[2018.07.25-12.40.10:166][586]LogModuleManager: Shutting down and abandoning module MRMesh (184)
[2018.07.25-12.40.10:166][586]LogModuleManager: Shutting down and abandoning module SourceCodeAccess (182)
[2018.07.25-12.40.10:166][586]LogModuleManager: Shutting down and abandoning module HeadMountedDisplay (180)
[2018.07.25-12.40.10:166][586]LogModuleManager: Shutting down and abandoning module XAudio2 (178)
[2018.07.25-12.40.10:166][586]LogModuleManager: Shutting down and abandoning module Networking (176)
[2018.07.25-12.40.10:166][586]LogModuleManager: Shutting down and abandoning module Core (172)
[2018.07.25-12.40.10:166][586]LogModuleManager: Shutting down and abandoning module LevelSequence (168)
[2018.07.25-12.40.10:166][586]LogModuleManager: Shutting down and abandoning module DirectoryWatcher (166)
[2018.07.25-12.40.10:167][586]LogModuleManager: Shutting down and abandoning module KismetCompiler (164)
[2018.07.25-12.40.10:167][586]LogModuleManager: Shutting down and abandoning module MeshUtilities (162)
[2018.07.25-12.40.10:167][586]LogModuleManager: Shutting down and abandoning module MeshMergeUtilities (161)
[2018.07.25-12.40.10:168][586]LogModuleManager: Shutting down and abandoning module MeshReductionInterface (160)
[2018.07.25-12.40.10:168][586]LogModuleManager: Shutting down and abandoning module SimplygonSwarm (159)
[2018.07.25-12.40.10:168][586]LogModuleManager: Shutting down and abandoning module SimplygonMeshReduction (157)
[2018.07.25-12.40.10:168][586]LogModuleManager: Shutting down and abandoning module QuadricMeshReduction (155)
[2018.07.25-12.40.10:168][586]LogModuleManager: Shutting down and abandoning module MaterialBaking (151)
[2018.07.25-12.40.10:168][586]LogModuleManager: Shutting down and abandoning module DerivedDataCache (148)
[2018.07.25-12.40.10:205][586]LogDerivedDataCache: Shutdown
[2018.07.25-12.40.10:205][586]LogModuleManager: Shutting down and abandoning module TargetPlatform (146)
[2018.07.25-12.40.10:205][586]LogModuleManager: Shutting down and abandoning module VulkanShaderFormat (145)
[2018.07.25-12.40.10:205][586]LogModuleManager: Shutting down and abandoning module ShaderFormatVectorVM (143)
[2018.07.25-12.40.10:205][586]LogModuleManager: Shutting down and abandoning module ShaderFormatOpenGL (141)
[2018.07.25-12.40.10:205][586]LogModuleManager: Shutting down and abandoning module ShaderFormatD3D (139)
[2018.07.25-12.40.10:205][586]LogModuleManager: Shutting down and abandoning module MetalShaderFormat (137)
[2018.07.25-12.40.10:205][586]LogModuleManager: Shutting down and abandoning module TextureFormatUncompressed (135)
[2018.07.25-12.40.10:205][586]LogModuleManager: Shutting down and abandoning module TextureFormatPVR (133)
[2018.07.25-12.40.10:205][586]LogModuleManager: Shutting down and abandoning module TextureFormatDXT (131)
[2018.07.25-12.40.10:205][586]LogModuleManager: Shutting down and abandoning module TextureFormatIntelISPCTexComp (129)
[2018.07.25-12.40.10:205][586]LogModuleManager: Shutting down and abandoning module TextureFormatASTC (127)
[2018.07.25-12.40.10:205][586]LogModuleManager: Shutting down and abandoning module ImageWrapper (126)
[2018.07.25-12.40.10:205][586]LogModuleManager: Shutting down and abandoning module TextureFormatAndroid (123)
[2018.07.25-12.40.10:206][586]LogModuleManager: Shutting down and abandoning module AudioFormatOpus (121)
[2018.07.25-12.40.10:206][586]LogModuleManager: Shutting down and abandoning module AudioFormatOgg (119)
[2018.07.25-12.40.10:206][586]LogModuleManager: Shutting down and abandoning module AudioFormatADPCM (117)
[2018.07.25-12.40.10:206][586]LogModuleManager: Shutting down and abandoning module LinuxTargetPlatform (115)
[2018.07.25-12.40.10:206][586]LogModuleManager: Shutting down and abandoning module LinuxServerTargetPlatform (113)
[2018.07.25-12.40.10:206][586]LogModuleManager: Shutting down and abandoning module LinuxNoEditorTargetPlatform (111)
[2018.07.25-12.40.10:206][586]LogModuleManager: Shutting down and abandoning module LinuxClientTargetPlatform (109)
[2018.07.25-12.40.10:206][586]LogModuleManager: Shutting down and abandoning module TVOSTargetPlatform (107)
[2018.07.25-12.40.10:206][586]LogModuleManager: Shutting down and abandoning module Messaging (105)
[2018.07.25-12.40.10:206][586]LogModuleManager: Shutting down and abandoning module IOSTargetPlatform (103)
[2018.07.25-12.40.10:206][586]LogModuleManager: Shutting down and abandoning module HTML5TargetPlatform (101)
[2018.07.25-12.40.10:206][586]LogModuleManager: Shutting down and abandoning module AndroidTargetPlatform (99)
[2018.07.25-12.40.10:206][586]LogModuleManager: Shutting down and abandoning module Android_PVRTCTargetPlatform (97)
[2018.07.25-12.40.10:206][586]LogModuleManager: Shutting down and abandoning module Android_MultiTargetPlatform (95)
[2018.07.25-12.40.10:206][586]LogModuleManager: Shutting down and abandoning module Android_ETC2TargetPlatform (93)
[2018.07.25-12.40.10:206][586]LogModuleManager: Shutting down and abandoning module Android_ETC1TargetPlatform (91)
[2018.07.25-12.40.10:206][586]LogModuleManager: Shutting down and abandoning module Android_DXTTargetPlatform (89)
[2018.07.25-12.40.10:206][586]LogModuleManager: Shutting down and abandoning module Android_ATCTargetPlatform (87)
[2018.07.25-12.40.10:206][586]LogModuleManager: Shutting down and abandoning module Android_ASTCTargetPlatform (85)
[2018.07.25-12.40.10:206][586]LogModuleManager: Shutting down and abandoning module WindowsTargetPlatform (83)
[2018.07.25-12.40.10:206][586]LogModuleManager: Shutting down and abandoning module WindowsServerTargetPlatform (81)
[2018.07.25-12.40.10:206][586]LogModuleManager: Shutting down and abandoning module WindowsNoEditorTargetPlatform (79)
[2018.07.25-12.40.10:206][586]LogModuleManager: Shutting down and abandoning module WindowsClientTargetPlatform (77)
[2018.07.25-12.40.10:206][586]LogModuleManager: Shutting down and abandoning module MacTargetPlatform (75)
[2018.07.25-12.40.10:206][586]LogModuleManager: Shutting down and abandoning module MacServerTargetPlatform (73)
[2018.07.25-12.40.10:206][586]LogModuleManager: Shutting down and abandoning module MacNoEditorTargetPlatform (71)
[2018.07.25-12.40.10:206][586]LogModuleManager: Shutting down and abandoning module MacClientTargetPlatform (69)
[2018.07.25-12.40.10:206][586]LogModuleManager: Shutting down and abandoning module AllDesktopTargetPlatform (67)
[2018.07.25-12.40.10:206][586]LogModuleManager: Shutting down and abandoning module InputCore (64)
[2018.07.25-12.40.10:206][586]LogModuleManager: Shutting down and abandoning module Settings (62)
[2018.07.25-12.40.10:206][586]LogModuleManager: Shutting down and abandoning module PhysXCooking (60)
[2018.07.25-12.40.10:206][586]LogModuleManager: Shutting down and abandoning module SteamVR (58)
[2018.07.25-12.40.10:206][586]LogModuleManager: Shutting down and abandoning module OculusHMD (56)
[2018.07.25-12.40.10:206][586]LogModuleManager: Shutting down and abandoning module ExampleDeviceProfileSelector (54)
[2018.07.25-12.40.10:206][586]LogModuleManager: Shutting down and abandoning module AppleARKit (52)
[2018.07.25-12.40.10:206][586]LogModuleManager: Shutting down and abandoning module AugmentedReality (51)
[2018.07.25-12.40.10:206][586]LogModuleManager: Shutting down and abandoning module OnlineBlueprintSupport (48)
[2018.07.25-12.40.10:206][586]LogModuleManager: Shutting down and abandoning module OnlineSubsystem (44)
[2018.07.25-12.40.10:206][586]LogModuleManager: Shutting down and abandoning module XMPP (43)
[2018.07.25-12.40.10:206][586]LogModuleManager: Shutting down and abandoning module HTTP (41)
[2018.07.25-12.40.10:206][586]LogHttp: Display: Http module shutting down, but needs to wait on 1 outstanding Http requests:
[2018.07.25-12.40.10:206][586]LogHttp: Display: 	verb=[POST] url=[https://datarouter.ol.epicgames.com/datarouter/api/v1/public/data?SessionID=%7BEC065665-4565-E9D4-8E8B-69AF22C8635B%7D&AppID=UEEditor.Rocket.Release&AppVersion=4.18.3-3832480%2B%2B%2BUE4%2BRelease-4.18&UserID=3667d3954db9ff1029ae6d858f311a1d%7C64f3892a240c439e87cf79da3f9375cc%7C887ef22b-3e2e-448c-b9e9-765c374068be&AppEnvironment=datacollector-binary&UploadType=eteventstream] status=Processing
[2018.07.25-12.40.10:227][586]LogModuleManager: Shutting down and abandoning module SSL (40)
[2018.07.25-12.40.10:228][586]LogModuleManager: Shutting down and abandoning module AnimationModifiers (36)
[2018.07.25-12.40.10:228][586]LogModuleManager: Shutting down and abandoning module PropertyEditor (35)
[2018.07.25-12.40.10:228][586]LogModuleManager: Shutting down and abandoning module AudioEditor (32)
[2018.07.25-12.40.10:228][586]LogModuleManager: Shutting down and abandoning module TextureCompressor (30)
[2018.07.25-12.40.10:228][586]LogModuleManager: Shutting down and abandoning module ShaderCore (28)
[2018.07.25-12.40.10:228][586]LogModuleManager: Shutting down and abandoning module Landscape (26)
[2018.07.25-12.40.10:228][586]LogModuleManager: Shutting down and abandoning module SlateRHIRenderer (24)
[2018.07.25-12.40.10:231][586]LogModuleManager: Shutting down and abandoning module OpenGLDrv (22)
[2018.07.25-12.40.10:231][586]LogModuleManager: Shutting down and abandoning module D3D11RHI (20)
[2018.07.25-12.40.10:231][586]LogModuleManager: Shutting down and abandoning module AnimGraphRuntime (18)
[2018.07.25-12.40.10:231][586]LogModuleManager: Shutting down and abandoning module Renderer (16)
[2018.07.25-12.40.10:231][586]LogModuleManager: Shutting down and abandoning module Engine (14)
[2018.07.25-12.40.10:232][586]LogModuleManager: Shutting down and abandoning module CoreUObject (12)
[2018.07.25-12.40.10:232][586]LogModuleManager: Shutting down and abandoning module NetworkFile (10)
[2018.07.25-12.40.10:232][586]LogModuleManager: Shutting down and abandoning module CookedIterativeFile (8)
[2018.07.25-12.40.10:232][586]LogModuleManager: Shutting down and abandoning module StreamingFile (6)
[2018.07.25-12.40.10:232][586]LogModuleManager: Shutting down and abandoning module SandboxFile (4)
[2018.07.25-12.40.10:232][586]LogModuleManager: Shutting down and abandoning module PakFile (2)
[2018.07.25-12.40.10:235][586]LogExit: Exiting.
[2018.07.25-12.40.10:253][586]Log file closed, 07/25/18 21:40:10
