Log file open, 07/27/18 13:19:48
LogWindows: Failed to load 'aqProf.dll' (GetLastError=126)
LogWindows: File 'aqProf.dll' does not exist
LogWindows: Failed to load 'VSPerf140.dll' (GetLastError=126)
LogWindows: File 'VSPerf140.dll' does not exist
LogWindows: Failed to load 'VtuneApi.dll' (GetLastError=126)
LogWindows: File 'VtuneApi.dll' does not exist
LogWindows: Failed to load 'VtuneApi32e.dll' (GetLastError=126)
LogWindows: File 'VtuneApi32e.dll' does not exist
LogInit: Display: Running engine for game: BattleRoyal
LogPlatformFile: Not using cached read wrapper
LogInit: Display: RandInit(-84052146) SRandInit(-84052146).
LogInit: Read version file with build ID '3709383'
LogInit: Overriding engine version to CL 3832480, compatible CL 3709383
LogInit: Registered custom module enumerator with build ID '3709383'
LogTaskGraph: Started task graph with 5 named threads and 14 total threads with 3 sets of task threads.
LogStats: Stats thread started at 3.708534
LogD3D11RHI: Aftermath initialized
LogPluginManager: Mounting plugin Paper2D
LogPluginManager: Mounting plugin LightPropagationVolume
LogPluginManager: Mounting plugin CodeLiteSourceCodeAccess
LogPluginManager: Mounting plugin GitSourceControl
LogPluginManager: Mounting plugin KDevelopSourceCodeAccess
LogPluginManager: Mounting plugin NullSourceCodeAccess
LogPluginManager: Mounting plugin PerforceSourceControl
LogPluginManager: Mounting plugin SubversionSourceControl
LogPluginManager: Mounting plugin UObjectPlugin
LogPluginManager: Mounting plugin VisualStudioCodeSourceCodeAccess
LogPluginManager: Mounting plugin VisualStudioSourceCodeAccess
LogPluginManager: Mounting plugin XCodeSourceCodeAccess
LogPluginManager: Mounting plugin AssetManagerEditor
LogPluginManager: Mounting plugin AudioCapture
LogPluginManager: Mounting plugin FacialAnimation
LogPluginManager: Mounting plugin GameplayTagsEditor
LogPluginManager: Mounting plugin MobileLauncherProfileWizard
LogPluginManager: Mounting plugin PluginBrowser
LogPluginManager: Mounting plugin SpeedTreeImporter
LogPluginManager: Mounting plugin AlembicImporter
LogPluginManager: Mounting plugin CharacterAI
LogPluginManager: Mounting plugin HTML5Networking
LogPluginManager: Mounting plugin AndroidMedia
LogPluginManager: Mounting plugin AvfMedia
LogPluginManager: Mounting plugin ImgMedia
LogPluginManager: Mounting plugin MediaCompositing
LogPluginManager: Mounting plugin MediaPlayerEditor
LogPluginManager: Mounting plugin WmfMedia
LogPluginManager: Mounting plugin TcpMessaging
LogPluginManager: Mounting plugin UdpMessaging
LogPluginManager: Mounting plugin ActorSequence
LogPluginManager: Mounting plugin LevelSequenceEditor
LogPluginManager: Mounting plugin MatineeToLevelSequence
LogPluginManager: Mounting plugin OnlineSubsystemGooglePlay
LogPluginManager: Mounting plugin OnlineSubsystemIOS
LogPluginManager: Mounting plugin OnlineSubsystem
LogPluginManager: Mounting plugin OnlineSubsystemNull
LogPluginManager: Mounting plugin OnlineSubsystemUtils
LogPluginManager: Mounting plugin AndroidDeviceProfileSelector
LogPluginManager: Mounting plugin AndroidMoviePlayer
LogPluginManager: Mounting plugin AndroidPermission
LogPluginManager: Mounting plugin AppleARKit
LogPluginManager: Mounting plugin AppleMoviePlayer
LogPluginManager: Mounting plugin ArchVisCharacter
LogPluginManager: Mounting plugin CableComponent
LogPluginManager: Mounting plugin CustomMeshComponent
LogPluginManager: Mounting plugin ExampleDeviceProfileSelector
LogPluginManager: Mounting plugin GoogleCloudMessaging
LogPluginManager: Mounting plugin ImmediatePhysics
LogPluginManager: Mounting plugin IOSDeviceProfileSelector
LogPluginManager: Mounting plugin LinuxDeviceProfileSelector
LogPluginManager: Mounting plugin LocationServicesBPLibrary
LogPluginManager: Mounting plugin MobilePatchingUtils
LogPluginManager: Mounting plugin OculusVR
LogPluginManager: Plugin shader directory ../../../Engine/Plugins/Runtime/Oculus/OculusVR/Shaders found
LogPluginManager: Mapping shader source directory ../../../Engine/Plugins/Runtime/Oculus/OculusVR/Shaders to virtual directory /Plugin/OculusVR
LogPluginManager: Mounting plugin PhysXVehicles
LogPluginManager: Mounting plugin ProceduralMeshComponent
LogPluginManager: Mounting plugin RuntimePhysXCooking
LogPluginManager: Mounting plugin SteamVR
LogPluginManager: Mounting plugin WindowsMoviePlayer
LogModuleManager: Display: Found up-to-date module file ../../../../../../GitHub/AloneDevBR/BattleRoyal/Binaries/Win64/UE4Editor-BattleRoyal.dll (API version 3709383).
LogModuleManager: Display: Found up-to-date module file ../../../Engine/Plugins/2D/Paper2D/Binaries/Win64/UE4Editor-Paper2D.dll (API version 3709383).
LogModuleManager: Display: Found up-to-date module file ../../../Engine/Plugins/2D/Paper2D/Binaries/Win64/UE4Editor-Paper2DEditor.dll (API version 3709383).
LogModuleManager: Display: Found up-to-date module file ../../../Engine/Plugins/2D/Paper2D/Binaries/Win64/UE4Editor-PaperSpriteSheetImporter.dll (API version 3709383).
LogModuleManager: Display: Found up-to-date module file ../../../Engine/Plugins/2D/Paper2D/Binaries/Win64/UE4Editor-PaperTiledImporter.dll (API version 3709383).
LogModuleManager: Display: Found up-to-date module file ../../../Engine/Plugins/2D/Paper2D/Binaries/Win64/UE4Editor-SmartSnapping.dll (API version 3709383).
LogModuleManager: Display: Found up-to-date module file ../../../Engine/Plugins/Blendables/LightPropagationVolume/Binaries/Win64/UE4Editor-LightPropagationVolumeRuntime.dll (API version 3709383).
LogModuleManager: Display: Found up-to-date module file ../../../Engine/Plugins/Blendables/LightPropagationVolume/Binaries/Win64/UE4Editor-LightPropagationVolumeEditor.dll (API version 3709383).
LogModuleManager: Display: Found up-to-date module file ../../../Engine/Plugins/Developer/GitSourceControl/Binaries/Win64/UE4Editor-GitSourceControl.dll (API version 3709383).
LogModuleManager: Display: Found up-to-date module file ../../../Engine/Plugins/Developer/PerforceSourceControl/Binaries/Win64/UE4Editor-PerforceSourceControl.dll (API version 3709383).
LogModuleManager: Display: Found up-to-date module file ../../../Engine/Plugins/Developer/SubversionSourceControl/Binaries/Win64/UE4Editor-SubversionSourceControl.dll (API version 3709383).
LogModuleManager: Display: Found up-to-date module file ../../../Engine/Plugins/Developer/UObjectPlugin/Binaries/Win64/UE4Editor-UObjectPlugin.dll (API version 3709383).
LogModuleManager: Display: Found up-to-date module file ../../../Engine/Plugins/Developer/VisualStudioCodeSourceCodeAccess/Binaries/Win64/UE4Editor-VisualStudioCodeSourceCodeAccess.dll (API version 3709383).
LogModuleManager: Display: Found up-to-date module file ../../../Engine/Plugins/Developer/VisualStudioSourceCodeAccess/Binaries/Win64/UE4Editor-VisualStudioSourceCodeAccess.dll (API version 3709383).
LogModuleManager: Display: Found up-to-date module file ../../../Engine/Plugins/Editor/AssetManagerEditor/Binaries/Win64/UE4Editor-AssetManagerEditor.dll (API version 3709383).
LogModuleManager: Display: Found up-to-date module file ../../../Engine/Plugins/Editor/AudioCapture/Binaries/Win64/UE4Editor-AudioCapture.dll (API version 3709383).
LogModuleManager: Display: Found up-to-date module file ../../../Engine/Plugins/Editor/FacialAnimation/Binaries/Win64/UE4Editor-FacialAnimation.dll (API version 3709383).
LogModuleManager: Display: Found up-to-date module file ../../../Engine/Plugins/Editor/FacialAnimation/Binaries/Win64/UE4Editor-FacialAnimationEditor.dll (API version 3709383).
LogModuleManager: Display: Found up-to-date module file ../../../Engine/Plugins/Editor/GameplayTagsEditor/Binaries/Win64/UE4Editor-GameplayTagsEditor.dll (API version 3709383).
LogModuleManager: Display: Found up-to-date module file ../../../Engine/Plugins/Editor/MobileLauncherProfileWizard/Binaries/Win64/UE4Editor-MobileLauncherProfileWizard.dll (API version 3709383).
LogModuleManager: Display: Found up-to-date module file ../../../Engine/Plugins/Editor/PluginBrowser/Binaries/Win64/UE4Editor-PluginBrowser.dll (API version 3709383).
LogModuleManager: Display: Found up-to-date module file ../../../Engine/Plugins/Editor/SpeedTreeImporter/Binaries/Win64/UE4Editor-SpeedTreeImporter.dll (API version 3709383).
LogModuleManager: Display: Found up-to-date module file ../../../Engine/Plugins/Experimental/AlembicImporter/Binaries/Win64/UE4Editor-AlembicImporter.dll (API version 3709383).
LogModuleManager: Display: Found up-to-date module file ../../../Engine/Plugins/Experimental/AlembicImporter/Binaries/Win64/UE4Editor-AlembicLibrary.dll (API version 3709383).
LogModuleManager: Display: Found up-to-date module file ../../../Engine/Plugins/Experimental/CharacterAI/Binaries/Win64/UE4Editor-CharacterAI.dll (API version 3709383).
LogModuleManager: Display: Found up-to-date module file ../../../Engine/Plugins/Experimental/HTML5Networking/Binaries/Win64/UE4Editor-HTML5Networking.dll (API version 3709383).
LogModuleManager: Display: Found up-to-date module file ../../../Engine/Plugins/Media/AndroidMedia/Binaries/Win64/UE4Editor-AndroidMediaEditor.dll (API version 3709383).
LogModuleManager: Display: Found up-to-date module file ../../../Engine/Plugins/Media/AndroidMedia/Binaries/Win64/UE4Editor-AndroidMediaFactory.dll (API version 3709383).
LogModuleManager: Display: Found up-to-date module file ../../../Engine/Plugins/Media/AvfMedia/Binaries/Win64/UE4Editor-AvfMediaEditor.dll (API version 3709383).
LogModuleManager: Display: Found up-to-date module file ../../../Engine/Plugins/Media/AvfMedia/Binaries/Win64/UE4Editor-AvfMediaFactory.dll (API version 3709383).
LogModuleManager: Display: Found up-to-date module file ../../../Engine/Plugins/Media/AvfMedia/Binaries/Win64/UE4Editor-AvfMediaFactory.dll (API version 3709383).
LogModuleManager: Display: Found up-to-date module file ../../../Engine/Plugins/Media/ImgMedia/Binaries/Win64/UE4Editor-ImgMedia.dll (API version 3709383).
LogModuleManager: Display: Found up-to-date module file ../../../Engine/Plugins/Media/ImgMedia/Binaries/Win64/UE4Editor-ImgMediaEditor.dll (API version 3709383).
LogModuleManager: Display: Found up-to-date module file ../../../Engine/Plugins/Media/ImgMedia/Binaries/Win64/UE4Editor-ImgMediaFactory.dll (API version 3709383).
LogModuleManager: Display: Found up-to-date module file ../../../Engine/Plugins/Media/ImgMedia/Binaries/Win64/UE4Editor-ImgMediaFactory.dll (API version 3709383).
LogModuleManager: Display: Found up-to-date module file ../../../Engine/Plugins/Media/ImgMedia/Binaries/Win64/UE4Editor-OpenExrWrapper.dll (API version 3709383).
LogModuleManager: Display: Found up-to-date module file ../../../Engine/Plugins/Media/MediaCompositing/Binaries/Win64/UE4Editor-MediaCompositing.dll (API version 3709383).
LogModuleManager: Display: Found up-to-date module file ../../../Engine/Plugins/Media/MediaCompositing/Binaries/Win64/UE4Editor-MediaCompositingEditor.dll (API version 3709383).
LogModuleManager: Display: Found up-to-date module file ../../../Engine/Plugins/Media/MediaPlayerEditor/Binaries/Win64/UE4Editor-MediaPlayerEditor.dll (API version 3709383).
LogModuleManager: Display: Found up-to-date module file ../../../Engine/Plugins/Media/WmfMedia/Binaries/Win64/UE4Editor-WmfMedia.dll (API version 3709383).
LogModuleManager: Display: Found up-to-date module file ../../../Engine/Plugins/Media/WmfMedia/Binaries/Win64/UE4Editor-WmfMediaEditor.dll (API version 3709383).
LogModuleManager: Display: Found up-to-date module file ../../../Engine/Plugins/Media/WmfMedia/Binaries/Win64/UE4Editor-WmfMediaFactory.dll (API version 3709383).
LogModuleManager: Display: Found up-to-date module file ../../../Engine/Plugins/Media/WmfMedia/Binaries/Win64/UE4Editor-WmfMediaFactory.dll (API version 3709383).
LogModuleManager: Display: Found up-to-date module file ../../../Engine/Plugins/Messaging/TcpMessaging/Binaries/Win64/UE4Editor-TcpMessaging.dll (API version 3709383).
LogModuleManager: Display: Found up-to-date module file ../../../Engine/Plugins/Messaging/UdpMessaging/Binaries/Win64/UE4Editor-UdpMessaging.dll (API version 3709383).
LogModuleManager: Display: Found up-to-date module file ../../../Engine/Plugins/MovieScene/ActorSequence/Binaries/Win64/UE4Editor-ActorSequence.dll (API version 3709383).
LogModuleManager: Display: Found up-to-date module file ../../../Engine/Plugins/MovieScene/LevelSequenceEditor/Binaries/Win64/UE4Editor-LevelSequenceEditor.dll (API version 3709383).
LogModuleManager: Display: Found up-to-date module file ../../../Engine/Plugins/MovieScene/MatineeToLevelSequence/Binaries/Win64/UE4Editor-MatineeToLevelSequence.dll (API version 3709383).
LogModuleManager: Display: Found up-to-date module file ../../../Engine/Plugins/Online/OnlineSubsystem/Binaries/Win64/UE4Editor-OnlineSubsystem.dll (API version 3709383).
LogModuleManager: Display: Found up-to-date module file ../../../Engine/Plugins/Online/OnlineSubsystemNull/Binaries/Win64/UE4Editor-OnlineSubsystemNull.dll (API version 3709383).
LogModuleManager: Display: Found up-to-date module file ../../../Engine/Plugins/Online/OnlineSubsystemUtils/Binaries/Win64/UE4Editor-OnlineSubsystemUtils.dll (API version 3709383).
LogModuleManager: Display: Found up-to-date module file ../../../Engine/Plugins/Online/OnlineSubsystemUtils/Binaries/Win64/UE4Editor-OnlineBlueprintSupport.dll (API version 3709383).
LogModuleManager: Display: Found up-to-date module file ../../../Engine/Plugins/Runtime/AndroidDeviceProfileSelector/Binaries/Win64/UE4Editor-AndroidDeviceProfileSelector.dll (API version 3709383).
LogModuleManager: Display: Found up-to-date module file ../../../Engine/Plugins/Runtime/AndroidPermission/Binaries/Win64/UE4Editor-AndroidPermission.dll (API version 3709383).
LogModuleManager: Display: Found up-to-date module file ../../../Engine/Plugins/Runtime/AppleARKit/Binaries/Win64/UE4Editor-AppleARKit.dll (API version 3709383).
LogModuleManager: Display: Found up-to-date module file ../../../Engine/Plugins/Runtime/ArchVisCharacter/Binaries/Win64/UE4Editor-ArchVisCharacter.dll (API version 3709383).
LogModuleManager: Display: Found up-to-date module file ../../../Engine/Plugins/Runtime/CableComponent/Binaries/Win64/UE4Editor-CableComponent.dll (API version 3709383).
LogModuleManager: Display: Found up-to-date module file ../../../Engine/Plugins/Runtime/CustomMeshComponent/Binaries/Win64/UE4Editor-CustomMeshComponent.dll (API version 3709383).
LogModuleManager: Display: Found up-to-date module file ../../../Engine/Plugins/Runtime/ExampleDeviceProfileSelector/Binaries/Win64/UE4Editor-ExampleDeviceProfileSelector.dll (API version 3709383).
LogModuleManager: Display: Found up-to-date module file ../../../Engine/Plugins/Runtime/ImmediatePhysics/Binaries/Win64/UE4Editor-ImmediatePhysics.dll (API version 3709383).
LogModuleManager: Display: Found up-to-date module file ../../../Engine/Plugins/Runtime/ImmediatePhysics/Binaries/Win64/UE4Editor-ImmediatePhysicsEditor.dll (API version 3709383).
LogModuleManager: Display: Found up-to-date module file ../../../Engine/Plugins/Runtime/LocationServicesBPLibrary/Binaries/Win64/UE4Editor-LocationServicesBPLibrary.dll (API version 3709383).
LogModuleManager: Display: Found up-to-date module file ../../../Engine/Plugins/Runtime/MobilePatchingUtils/Binaries/Win64/UE4Editor-MobilePatchingUtils.dll (API version 3709383).
LogModuleManager: Display: Found up-to-date module file ../../../Engine/Plugins/Runtime/Oculus/OculusVR/Binaries/Win64/UE4Editor-OculusHMD.dll (API version 3709383).
LogModuleManager: Display: Found up-to-date module file ../../../Engine/Plugins/Runtime/Oculus/OculusVR/Binaries/Win64/UE4Editor-OculusInput.dll (API version 3709383).
LogModuleManager: Display: Found up-to-date module file ../../../Engine/Plugins/Runtime/Oculus/OculusVR/Binaries/Win64/UE4Editor-OculusEditor.dll (API version 3709383).
LogModuleManager: Display: Found up-to-date module file ../../../Engine/Plugins/Runtime/PhysXVehicles/Binaries/Win64/UE4Editor-PhysXVehicles.dll (API version 3709383).
LogModuleManager: Display: Found up-to-date module file ../../../Engine/Plugins/Runtime/PhysXVehicles/Binaries/Win64/UE4Editor-PhysXVehiclesEditor.dll (API version 3709383).
LogModuleManager: Display: Found up-to-date module file ../../../Engine/Plugins/Runtime/ProceduralMeshComponent/Binaries/Win64/UE4Editor-ProceduralMeshComponent.dll (API version 3709383).
LogModuleManager: Display: Found up-to-date module file ../../../Engine/Plugins/Runtime/ProceduralMeshComponent/Binaries/Win64/UE4Editor-ProceduralMeshComponentEditor.dll (API version 3709383).
LogModuleManager: Display: Found up-to-date module file ../../../Engine/Plugins/Runtime/RuntimePhysXCooking/Binaries/Win64/UE4Editor-RuntimePhysXCooking.dll (API version 3709383).
LogModuleManager: Display: Found up-to-date module file ../../../Engine/Plugins/Runtime/Steam/SteamVR/Binaries/Win64/UE4Editor-SteamVR.dll (API version 3709383).
LogModuleManager: Display: Found up-to-date module file ../../../Engine/Plugins/Runtime/Steam/SteamVR/Binaries/Win64/UE4Editor-SteamVRController.dll (API version 3709383).
LogModuleManager: Display: Found up-to-date module file ../../../Engine/Plugins/Runtime/WindowsMoviePlayer/Binaries/Win64/UE4Editor-WindowsMoviePlayer.dll (API version 3709383).
LogInit: Using libcurl 7.47.1
LogInit:  - built for x86_64-pc-win32
LogInit:  - supports SSL with OpenSSL/1.0.2g
LogInit:  - supports HTTP deflate (compression) using libz 1.2.8
LogInit:  - other features:
LogInit:      CURL_VERSION_SSL
LogInit:      CURL_VERSION_LIBZ
LogInit:      CURL_VERSION_IPV6
LogInit:      CURL_VERSION_ASYNCHDNS
LogInit:      CURL_VERSION_LARGEFILE
LogInit:      CURL_VERSION_IDN
LogInit:  CurlRequestOptions (configurable via config and command line):
LogInit:  - bVerifyPeer = false  - Libcurl will NOT verify peer certificate
LogInit:  - bUseHttpProxy = false  - Libcurl will NOT use HTTP proxy
LogInit:  - bDontReuseConnections = false  - Libcurl will reuse connections
LogInit:  - CertBundlePath = nullptr  - Libcurl will use whatever was configured at build time.
LogInit: Build: ++UE4+Release-4.18-CL-3832480
LogInit: Engine Version: 4.18.3-3832480+++UE4+Release-4.18
LogInit: Compatible Engine Version: 4.18.0-3709383+++UE4+Release-4.18
LogInit: Net CL: 3709383
LogDevObjectVersion: Number of dev versions registered: 16
LogDevObjectVersion:   Dev-Blueprints (B0D832E4-1F89-4F0D-ACCF-7EB736FD4AA2): 10
LogDevObjectVersion:   Dev-Build (E1C64328-A22C-4D53-A36C-8E866417BD8C): 0
LogDevObjectVersion:   Dev-Core (375EC13C-06E4-48FB-B500-84F0262A717E): 2
LogDevObjectVersion:   Dev-Editor (E4B068ED-F494-42E9-A231-DA0B2E46BB41): 20
LogDevObjectVersion:   Dev-Framework (CFFC743F-43B0-4480-9391-14DF171D2073): 30
LogDevObjectVersion:   Dev-Mobile (B02B49B5-BB20-44E9-A304-32B752E40360): 0
LogDevObjectVersion:   Dev-Networking (A4E4105C-59A1-49B5-A7C5-40C4547EDFEE): 0
LogDevObjectVersion:   Dev-Online (39C831C9-5AE6-47DC-9A44-9C173E1C8E7C): 0
LogDevObjectVersion:   Dev-Physics (78F01B33-EBEA-4F98-B9B4-84EACCB95AA2): 0
LogDevObjectVersion:   Dev-Platform (6631380F-2D4D-43E0-8009-CF276956A95A): 0
LogDevObjectVersion:   Dev-Rendering (12F88B9F-8875-4AFC-A67C-D90C383ABD29): 20
LogDevObjectVersion:   Dev-Sequencer (7B5AE74C-D270-4C10-A958-57980B212A5A): 4
LogDevObjectVersion:   Dev-VR (D7296918-1DD6-4BDD-9DE2-64A83CC13884): 0
LogDevObjectVersion:   Dev-LoadTimes (C2A15278-BFE7-4AFE-6C17-90FF531DF755): 1
LogDevObjectVersion:   Private-Geometry (6EACA3D4-40EC-4CC1-B786-8BED09428FC5): 1
LogDevObjectVersion:   Dev-AnimPhys (29E575DD-E0A3-4627-9D10-D276232CDCEA): 12
LogInit: Compiled (64-bit): Jan 12 2018 02:04:55
LogInit: Compiled with Visual C++: 19.00.24215.01
LogInit: Build Configuration: Development
LogInit: Branch Name: ++UE4+Release-4.18
LogInit: Command line:  
LogInit: Base directory: F:/Program Files/Epic Games/UE_4.18/Engine/Binaries/Win64/
LogInit: Installed Engine Build: 1
LogInit: Presizing for max 8388607 objects, including 0 objects not considered by GC, pre-allocating 0 bytes for permanent pool.
LogInit: Object subsystem initialized
[2018.07.27-04.19.52:189][  0]LogInit: Selected Device Profile: [Windows]
[2018.07.27-04.19.52:189][  0]LogInit: Applying CVar settings loaded from the selected device profile: [Windows]
[2018.07.27-04.19.52:278][  0]LogInit: Computer: KDH-PC
[2018.07.27-04.19.52:278][  0]LogInit: User: elfix89
[2018.07.27-04.19.52:278][  0]LogInit: CPU Page size=4096, Cores=4
[2018.07.27-04.19.52:278][  0]LogInit: High frequency timer resolution =3.507578 MHz
[2018.07.27-04.19.52:278][  0]LogMemory: Memory total: Physical=16.0GB (16GB approx)
[2018.07.27-04.19.52:278][  0]LogMemory: Platform Memory Stats for Windows
[2018.07.27-04.19.52:278][  0]LogMemory: Process Physical Memory: 276.23 MB used, 276.23 MB peak
[2018.07.27-04.19.52:278][  0]LogMemory: Process Virtual Memory: 275.43 MB used, 275.43 MB peak
[2018.07.27-04.19.52:278][  0]LogMemory: Physical Memory: 8475.19 MB used,  7860.03 MB free, 16335.22 MB total
[2018.07.27-04.19.52:278][  0]LogMemory: Virtual Memory: 631.36 MB used,  7860.03 MB free, 8388608.00 MB total
[2018.07.27-04.19.52:941][  0]LogInit: Using OS detected language (ko-KR).
[2018.07.27-04.19.52:941][  0]LogInit: Using OS detected locale (ko-KR).
[2018.07.27-04.19.53:089][  0]LogTextLocalizationManager: No specific localization for 'ko-KR' exists, so the 'ko' localization will be used.
[2018.07.27-04.19.53:415][  0]LogWindows: Failed to load 'shcore.dll' (GetLastError=126)
[2018.07.27-04.19.53:415][  0]LogWindows: File 'shcore.dll' does not exist
[2018.07.27-04.19.53:415][  0]LogInit: Setting process to DPI aware
[2018.07.27-04.19.53:513][  0]LogWindows: Failed to load 'shcore.dll' (GetLastError=126)
[2018.07.27-04.19.53:513][  0]LogWindows: File 'shcore.dll' does not exist
[2018.07.27-04.19.53:513][  0]LogInit: Setting process to DPI aware
[2018.07.27-04.19.54:536][  0]LogD3D11RHI: D3D11 adapters:
[2018.07.27-04.19.54:585][  0]LogD3D11RHI:    0. 'NVIDIA GeForce GTX 750 Ti' (Feature Level 11_0)
[2018.07.27-04.19.54:585][  0]LogD3D11RHI:       1984/0/7911 MB DedicatedVideo/DedicatedSystem/SharedSystem, Outputs:2, VendorId:0x10de
[2018.07.27-04.19.54:585][  0]LogD3D11RHI: Chosen D3D11 Adapter: 0
[2018.07.27-04.19.54:592][  0]LogD3D11RHI: Creating new Direct3DDevice
[2018.07.27-04.19.54:592][  0]LogD3D11RHI:     GPU DeviceId: 0x1380 (for the marketing name, search the web for "GPU Device Id")
[2018.07.27-04.19.54:592][  0]LogWindows: EnumDisplayDevices:
[2018.07.27-04.19.54:593][  0]LogWindows:    0. 'NVIDIA GeForce GTX 750 Ti' (P:1 D:1)
[2018.07.27-04.19.54:593][  0]LogWindows:    1. 'NVIDIA GeForce GTX 750 Ti' (P:0 D:1)
[2018.07.27-04.19.54:594][  0]LogWindows:    2. 'NVIDIA GeForce GTX 750 Ti' (P:0 D:0)
[2018.07.27-04.19.54:595][  0]LogWindows:    3. 'RDPDD Chained DD' (P:0 D:0)
[2018.07.27-04.19.54:595][  0]LogWindows:    4. 'RDP Encoder Mirror Driver' (P:0 D:0)
[2018.07.27-04.19.54:596][  0]LogWindows:    5. 'RDP Reflector Display Driver' (P:0 D:0)
[2018.07.27-04.19.54:596][  0]LogWindows: DebugString: GetVideoDriverDetailsInvalid PrimaryIsNotTheChoosenAdapter GetVideoDriverDetailsInvalid PrimaryIsNotTheChoosenAdapter GetVideoDriverDetailsInvalid PrimaryIsNotTheChoosenAdapter FoundDriverCount:3 
[2018.07.27-04.19.54:596][  0]LogD3D11RHI:     Adapter Name: NVIDIA GeForce GTX 750 Ti
[2018.07.27-04.19.54:596][  0]LogD3D11RHI:   Driver Version: 391.35 (internal:23.21.13.9135, unified:391.35)
[2018.07.27-04.19.54:596][  0]LogD3D11RHI:      Driver Date: 3-23-2018
[2018.07.27-04.19.54:596][  0]LogRHI: Texture pool is 1388 MB (70% of 1984 MB)
[2018.07.27-04.19.54:647][  0]LogD3D11RHI: Async texture creation enabled
[2018.07.27-04.19.54:894][  0]LogD3D11RHI: GPU Timing Frequency: 1000.000000 (Debug: 2 3)
[2018.07.27-04.19.54:985][  0]LogShaderCompilers: Guid format shader working directory is 0 characters bigger than the processId version (../../../../../../GitHub/AloneDevBR/BattleRoyal/Intermediate/Shaders/WorkingDirectory/13948/).
[2018.07.27-04.19.54:985][  0]LogShaderCompilers: Cleaned the shader compiler working directory 'C:/Users/elfix89/AppData/Local/Temp/UnrealShaderWorkingDir/CD2E8789413218EAA8B356BF3CEFEDDA/'.
[2018.07.27-04.19.54:988][  0]LogShaderCompilers: Display: Using Local Shader Compiler.
[2018.07.27-04.19.56:978][  0]LogTemp: Display: Loaded TP AllDesktopTargetPlatform
[2018.07.27-04.19.57:022][  0]LogTemp: Display: Loaded TP MacClientTargetPlatform
[2018.07.27-04.19.57:067][  0]LogTemp: Display: Loaded TP MacNoEditorTargetPlatform
[2018.07.27-04.19.57:113][  0]LogTemp: Display: Loaded TP MacServerTargetPlatform
[2018.07.27-04.19.57:174][  0]LogTemp: Display: Loaded TP MacTargetPlatform
[2018.07.27-04.19.57:218][  0]LogTemp: Display: Loaded TP WindowsClientTargetPlatform
[2018.07.27-04.19.57:263][  0]LogTemp: Display: Loaded TP WindowsNoEditorTargetPlatform
[2018.07.27-04.19.57:308][  0]LogTemp: Display: Loaded TP WindowsServerTargetPlatform
[2018.07.27-04.19.57:347][  0]LogTemp: Display: Loaded TP WindowsTargetPlatform
[2018.07.27-04.19.57:411][  0]LogTemp: Display: Loaded TP Android_ASTCTargetPlatform
[2018.07.27-04.19.57:456][  0]LogTemp: Display: Loaded TP Android_ATCTargetPlatform
[2018.07.27-04.19.57:501][  0]LogTemp: Display: Loaded TP Android_DXTTargetPlatform
[2018.07.27-04.19.57:547][  0]LogTemp: Display: Loaded TP Android_ETC1TargetPlatform
[2018.07.27-04.19.57:592][  0]LogTemp: Display: Loaded TP Android_ETC2TargetPlatform
[2018.07.27-04.19.57:682][  0]LogTemp: Display: Loaded TP Android_MultiTargetPlatform
[2018.07.27-04.19.57:682][  0]LogTemp: Display: Loaded TP Android_PVRTCTargetPlatform
[2018.07.27-04.19.57:738][  0]LogTemp: Display: Loaded TP AndroidTargetPlatform
[2018.07.27-04.19.57:772][  0]LogTemp: Display: Loaded TP HTML5TargetPlatform
[2018.07.27-04.19.57:895][  0]LogTemp: Display: Loaded TP IOSTargetPlatform
[2018.07.27-04.19.57:914][  0]LogTemp: Display: Loaded TP TVOSTargetPlatform
[2018.07.27-04.19.57:961][  0]LogTemp: Display: Loaded TP LinuxClientTargetPlatform
[2018.07.27-04.19.58:006][  0]LogTemp: Display: Loaded TP LinuxNoEditorTargetPlatform
[2018.07.27-04.19.58:052][  0]LogTemp: Display: Loaded TP LinuxServerTargetPlatform
[2018.07.27-04.19.58:098][  0]LogTemp: Display: Loaded TP LinuxTargetPlatform
[2018.07.27-04.19.58:098][  0]LogTargetPlatformManager: Display: Building Assets For Windows
[2018.07.27-04.19.59:018][  0]LogDerivedDataCache: Display: Max Cache Size: 512 MB
[2018.07.27-04.19.59:240][  0]LogDerivedDataCache: Loaded boot cache 0.22s 75MB C:/Users/elfix89/AppData/Local/UnrealEngine/4.18/DerivedDataCache/Boot.ddc.
[2018.07.27-04.19.59:241][  0]LogDerivedDataCache: Display: Loaded Boot cache: C:/Users/elfix89/AppData/Local/UnrealEngine/4.18/DerivedDataCache/Boot.ddc
[2018.07.27-04.19.59:241][  0]LogDerivedDataCache: FDerivedDataBackendGraph:  Pak pak cache file ../../../../../../GitHub/AloneDevBR/BattleRoyal/DerivedDataCache/DDC.ddp not found, will not use a pak cache.
[2018.07.27-04.19.59:241][  0]LogDerivedDataCache: Unable to find inner node Pak for hierarchical cache Hierarchy.
[2018.07.27-04.19.59:241][  0]LogDerivedDataCache: FDerivedDataBackendGraph:  CompressedPak pak cache file ../../../../../../GitHub/AloneDevBR/BattleRoyal/DerivedDataCache/Compressed.ddp not found, will not use a pak cache.
[2018.07.27-04.19.59:241][  0]LogDerivedDataCache: Unable to find inner node CompressedPak for hierarchical cache Hierarchy.
[2018.07.27-04.19.59:312][  0]LogDerivedDataCache: Display: Pak cache opened for reading ../../../Engine/DerivedDataCache/Compressed.ddp.
[2018.07.27-04.19.59:326][  0]LogDerivedDataCache: Using Local data cache path C:/Users/elfix89/AppData/Local/UnrealEngine/Common/DerivedDataCache: Writable
[2018.07.27-04.19.59:399][  0]LogMaterial: Verifying Global Shaders for PCD3D_SM5
[2018.07.27-04.19.59:477][  0]LogSlate: Using Freetype 2.6.0
[2018.07.27-04.19.59:575][  0]LogSlate: SlateFontCache - WITH_FREETYPE: 1, WITH_HARFBUZZ: 1
[2018.07.27-04.19.59:587][  0]LogSlate: SlateFontCache - WITH_FREETYPE: 1, WITH_HARFBUZZ: 1
[2018.07.27-04.20.04:504][  0]LogInit: Selected Device Profile: [Windows]
[2018.07.27-04.20.05:836][  0]LogSimplygon: Simplygon DLL not present - disabling.
[2018.07.27-04.20.05:889][  0]LogMeshReduction: Using SimplygonSwarm for distributed automatic mesh merging
[2018.07.27-04.20.05:890][  0]LogMeshReduction: Using QuadricMeshReduction for automatic static mesh reduction
[2018.07.27-04.20.05:890][  0]LogMeshReduction: No automatic skeletal mesh reduction module available
[2018.07.27-04.20.05:890][  0]LogMeshReduction: No automatic mesh merging module available
[2018.07.27-04.20.05:890][  0]LogMeshMerging: No automatic mesh merging module available
[2018.07.27-04.20.06:297][  0]LogNetVersion: BattleRoyal , NetCL: 3709383, EngineNetVer: 2, GameNetVer: 0 (Checksum: 2100071023)
[2018.07.27-04.20.07:327][  0]LogAssetRegistry: FAssetRegistry took 0.0377 seconds to start up
[2018.07.27-04.20.13:069][  0]LogPackageLocalizationCache: Processed 7 localized package path(s) for 2 prioritized culture(s) in 0.118042 seconds
[2018.07.27-04.20.13:090][  0]LogUObjectArray: 35870 objects as part of root set at end of initial load.
[2018.07.27-04.20.13:090][  0]LogUObjectAllocator: 7363696 out of 0 bytes used by permanent object pool.
[2018.07.27-04.20.13:090][  0]LogUObjectArray: CloseDisregardForGC: 0/0 objects in disregard for GC pool
[2018.07.27-04.20.13:131][  0]LogInit: WinSock: version 1.1 (2.2), MaxSocks=32767, MaxUdp=65467
[2018.07.27-04.20.22:486][  0]LogTcpMessaging: Initializing TcpMessaging bridge
[2018.07.27-04.20.22:549][  0]LogUdpMessaging: Initializing bridge on interface 0.0.0.0:0 to multicast group 230.0.0.1:6666.
[2018.07.27-04.20.24:817][  0]LogMaterial: Uniform references updated for custom material expression Custom.
[2018.07.27-04.20.25:581][  0]SourceControl: 소스 콘트롤이 꺼졌습니다.
[2018.07.27-04.20.25:581][  0]SourceControl: 소스 콘트롤이 꺼졌습니다.
[2018.07.27-04.20.25:716][  0]SourceControl: 소스 콘트롤이 꺼졌습니다.
[2018.07.27-04.20.25:838][  0]SourceControl: 소스 콘트롤이 꺼졌습니다.
[2018.07.27-04.20.27:134][  0]LogAndroidPermission: UAndroidPermissionCallbackProxy::GetInstance
[2018.07.27-04.20.27:484][  0]LogOcInput: OculusInput pre-init called
[2018.07.27-04.20.28:074][  0]LogEngine: Initializing Engine...
[2018.07.27-04.20.28:112][  0]LogHMD: Failed to initialize OpenVR with code 110
[2018.07.27-04.20.28:564][  0]LogStats: UGameplayTagsManager::ConstructGameplayTagTree: Construct from data asset -  0.000 s
[2018.07.27-04.20.28:564][  0]LogStats: UGameplayTagsManager::ConstructGameplayTagTree: GameplayTagTreeChangedEvent.Broadcast -  0.000 s
[2018.07.27-04.20.28:906][  0]LogAIModule: Creating AISystem for world Untitled
[2018.07.27-04.20.29:061][  0]LogInit: XAudio2 using '스피커(High Definition Audio 장치)' : 2 channels at 44.1 kHz using 16 bits per sample (channel mask 0x3)
[2018.07.27-04.20.29:084][  0]LogInit: FAudioDevice initialized.
[2018.07.27-04.20.29:163][  0]LogDerivedDataCache: Saved boot cache 0.08s 75MB C:/Users/elfix89/AppData/Local/UnrealEngine/4.18/DerivedDataCache/Boot.ddc.
[2018.07.27-04.20.29:176][  0]LogInit: Texture streaming: Enabled
[2018.07.27-04.20.29:283][  0]LogEngineSessionManager: EngineSessionManager initialized
[2018.07.27-04.20.29:464][  0]LogInit: Transaction tracking system initialized
[2018.07.27-04.20.29:945][  0]BlueprintLog: New page: 에디터 로드
[2018.07.27-04.20.31:487][  0]LocalizationService: 현지화 서비스가 비활성화되었습니다.
[2018.07.27-04.20.32:711][  0]LogConsoleResponse: Display: 
[2018.07.27-04.20.34:562][  0]LogFileCache: Scanning file cache for directory 'F:/GitHub/AloneDevBR/BattleRoyal/Content/' took 0.01s
[2018.07.27-04.20.34:562][  0]LogCook: Display: Max memory allowance for cook 16384mb min free memory 0mb
[2018.07.27-04.20.34:562][  0]LogCook: Display: Mobile HDR setting 1
[2018.07.27-04.20.34:574][  0]LogGameplayTags: Display: UGameplayTagsManager::DoneAddingNativeTags. DelegateIsBound: 0
[2018.07.27-04.20.37:295][  0]SourceControl: 소스 콘트롤이 꺼졌습니다.
[2018.07.27-04.20.37:343][  0]Cmd: MAP LOAD FILE="../../../../../../GitHub/AloneDevBR/BattleRoyal/Content/Maps/Jungle.umap" TEMPLATE=0 SHOWPROGRESS=1 FEATURELEVEL=3
[2018.07.27-04.20.37:349][  0]LightingResults: New page: 라이팅 빌드
[2018.07.27-04.20.37:533][  0]MapCheck: New page: 맵 체크
[2018.07.27-04.20.37:533][  0]LightingResults: New page: 라이팅 빌드
[2018.07.27-04.20.38:334][  0]LogAIModule: Creating AISystem for world Jungle
[2018.07.27-04.20.39:978][  0]LogEditorServer: Finished looking for orphan Actors (0.000 secs)
[2018.07.27-04.20.40:076][  0]Cmd: MAP CHECKDEP NOCLEARLOG
[2018.07.27-04.20.40:143][  0]MapCheck: 맵 체크 완료: 오류 0 회, 경고 0 회, 소요 시간 66.519ms.
[2018.07.27-04.20.40:143][  0]LogFileHelpers: Loading map 'Jungle' took 2.816
[2018.07.27-04.20.41:114][  0]LogCollectionManager: Loaded 0 collections in 0.001341 seconds
[2018.07.27-04.20.41:259][  0]LogFileCache: Scanning file cache for directory 'F:/GitHub/AloneDevBR/BattleRoyal/Saved/Collections/' took 0.01s
[2018.07.27-04.20.41:259][  0]LogFileCache: Scanning file cache for directory 'F:/GitHub/AloneDevBR/BattleRoyal/Content/Developers/elfix89/Collections/' took 0.01s
[2018.07.27-04.20.41:259][  0]LogFileCache: Scanning file cache for directory 'F:/GitHub/AloneDevBR/BattleRoyal/Content/Collections/' took 0.01s
[2018.07.27-04.20.41:259][  0]LogCollectionManager: Rebuilt the GUID cache for 0 collections in 0.000000 seconds
[2018.07.27-04.20.41:284][  0]LogContentBrowser: Native class hierarchy populated in 0.0236 seconds. Added 2365 classes and 521 folders.
[2018.07.27-04.20.41:355][  0]LogContentBrowser: Native class hierarchy updated for 'WidgetCarousel' in 0.0006 seconds. Added 0 classes and 0 folders.
[2018.07.27-04.20.42:310][  0]LogContentBrowser: Native class hierarchy updated for 'AddContentDialog' in 0.0006 seconds. Added 0 classes and 0 folders.
[2018.07.27-04.20.42:402][  0]LogContentBrowser: Native class hierarchy updated for 'SceneOutliner' in 0.0007 seconds. Added 1 classes and 2 folders.
[2018.07.27-04.20.43:880][  0]LogSlate: Only BGRA pngs, bmps or icos are supported in by External Image Picker
[2018.07.27-04.20.45:302][  0]LogSlate: Took 0.011944 seconds to synchronously load lazily loaded font '../../../Engine/Content/Slate/Fonts/Roboto-Regular.ttf' (155K)
[2018.07.27-04.20.45:385][  0]LogTemp: Executing iPhonePackager certificates Engine -bundlename com.YourCompany.BattleRoyal
[2018.07.27-04.20.45:385][  0]LogTemp: CWD: F:\Program Files\Epic Games\UE_4.18\Engine\Binaries\DotNET\IOS
[2018.07.27-04.20.45:385][  0]LogTemp: Initial Dir: F:\Program Files\Epic Games\UE_4.18
[2018.07.27-04.20.45:385][  0]LogTemp: Env CWD: F:\Program Files\Epic Games\UE_4.18\Engine\Binaries\DotNET\IOS
[2018.07.27-04.20.45:385][  0]LogTemp: BranchPath = KDH-PC/F/Program Files/Epic Games/UE_4.18/Engine/Binaries --- GameBranchPath = KDH-PC/F/Program Files/Epic Games/UE_4.18/Engine/Binaries
[2018.07.27-04.20.45:385][  0]LogTemp: IPP ERROR: Could not find provision directory 'C:\Users\elfix89\AppData\Local/Apple Computer/MobileDevice/Provisioning Profiles/'.
[2018.07.27-04.20.45:385][  0]LogSlate: Took 0.082292 seconds to synchronously load lazily loaded font '../../../Engine/Content/Slate/Fonts/NanumGothic.ttf' (4243K)
[2018.07.27-04.20.45:426][  0]LogSlate: Took 0.017474 seconds to synchronously load lazily loaded font '../../../Engine/Content/Slate/Fonts/Roboto-Bold.ttf' (160K)
[2018.07.27-04.20.45:469][  0]LogSlate: Took 0.020652 seconds to synchronously load lazily loaded font '../../../Engine/Content/Editor/Slate/Fonts/FontAwesome.ttf' (139K)
[2018.07.27-04.20.45:873][  0]LogRenderer: Reallocating scene render targets to support 1016x652 Format 10 NumSamples 1 (Frame:1).
[2018.07.27-04.20.46:362][  0]LogContentBrowser: Native class hierarchy updated for 'HierarchicalLODOutliner' in 0.0007 seconds. Added 1 classes and 2 folders.
[2018.07.27-04.20.46:362][  0]LogLoad: (Engine Initialization) Total time: 70.63 seconds
[2018.07.27-04.20.46:362][  0]LogLoad: (Engine Initialization) Total Blueprint compile time: 0.00 seconds
[2018.07.27-04.20.46:363][  0]LogExternalProfiler: No external profilers were discovered.  External profiling features will not be available.
[2018.07.27-04.20.46:789][  0]LogContentStreaming: Texture pool size now 1000 MB
[2018.07.27-04.20.46:968][  0]LogSlate: Took 0.018543 seconds to synchronously load lazily loaded font '../../../Engine/Content/Slate/Fonts/Roboto-Light.ttf' (159K)
[2018.07.27-04.20.47:082][  1]LogAssetRegistry: Asset discovery search completed in 39.7724 seconds
[2018.07.27-04.20.47:094][  1]LogCollectionManager: Rebuilt the object cache for 0 collections in 0.000001 seconds (found 0 objects)
[2018.07.27-04.20.47:094][  1]LogCollectionManager: Fixed up redirectors for 0 collections in 0.000090 seconds (updated 0 objects)
[2018.07.27-04.22.50:426][789]LogEditorActor: Deleted Actor: Landscape
[2018.07.27-04.22.50:460][789]LogEditorActor: Deleted Actor: Landscape
[2018.07.27-04.22.50:480][789]LogEditorActor: Deleted Actor: Landscape
[2018.07.27-04.22.50:502][789]LogEditorActor: Deleted 3 Actors (0.147 secs)
[2018.07.27-04.22.53:810][181]LogEditorActor: Deleted Actor: LandscapeGizmoActiveActor
[2018.07.27-04.22.53:820][181]LogEditorActor: Deleted 1 Actors (0.012 secs)
[2018.07.27-04.23.09:659][905]LogTexture: Display: 텍스처 빌드: Texture2D_2 (G8, 128X128)
[2018.07.27-04.26.23:813][903]LogSlate: Took 0.000233 seconds to synchronously load lazily loaded font '../../../Engine/Content/Slate/Fonts/Roboto-Light.ttf' (159K)
[2018.07.27-04.26.23:888][903]LogTexture: Display: 텍스처 빌드: Texture2D_0 (BGRA8, 512X512)
[2018.07.27-04.26.33:388][986]LogRenderer: Reallocating scene render targets to support 1028x652 Format 10 NumSamples 1 (Frame:6208).
[2018.07.27-04.26.33:425][987]LogRenderer: Reallocating scene render targets to support 1072x652 Format 10 NumSamples 1 (Frame:6210).
[2018.07.27-04.26.33:461][988]LogRenderer: Reallocating scene render targets to support 1080x652 Format 10 NumSamples 1 (Frame:6212).
[2018.07.27-04.26.33:498][989]LogRenderer: Reallocating scene render targets to support 1100x652 Format 10 NumSamples 1 (Frame:6214).
[2018.07.27-04.26.33:536][990]LogRenderer: Reallocating scene render targets to support 1112x652 Format 10 NumSamples 1 (Frame:6216).
[2018.07.27-04.26.33:586][991]LogRenderer: Reallocating scene render targets to support 1128x652 Format 10 NumSamples 1 (Frame:6218).
[2018.07.27-04.26.33:623][992]LogRenderer: Reallocating scene render targets to support 1136x652 Format 10 NumSamples 1 (Frame:6220).
[2018.07.27-04.26.33:673][993]LogRenderer: Reallocating scene render targets to support 1140x652 Format 10 NumSamples 1 (Frame:6222).
[2018.07.27-04.26.33:710][994]LogRenderer: Reallocating scene render targets to support 1148x652 Format 10 NumSamples 1 (Frame:6224).
[2018.07.27-04.26.33:752][995]LogRenderer: Reallocating scene render targets to support 1156x652 Format 10 NumSamples 1 (Frame:6226).
[2018.07.27-04.26.33:796][996]LogRenderer: Reallocating scene render targets to support 1160x652 Format 10 NumSamples 1 (Frame:6228).
[2018.07.27-04.26.33:848][998]LogRenderer: Reallocating scene render targets to support 1164x652 Format 10 NumSamples 1 (Frame:6230).
[2018.07.27-04.26.33:885][999]LogRenderer: Reallocating scene render targets to support 1168x652 Format 10 NumSamples 1 (Frame:6232).
[2018.07.27-04.26.33:922][  0]LogRenderer: Reallocating scene render targets to support 1172x652 Format 10 NumSamples 1 (Frame:6234).
[2018.07.27-04.26.33:973][  1]LogRenderer: Reallocating scene render targets to support 1180x652 Format 10 NumSamples 1 (Frame:6236).
[2018.07.27-04.26.34:010][  2]LogRenderer: Reallocating scene render targets to support 1196x652 Format 10 NumSamples 1 (Frame:6238).
[2018.07.27-04.26.34:070][  5]LogRenderer: Reallocating scene render targets to support 1200x652 Format 10 NumSamples 1 (Frame:6240).
[2018.07.27-04.26.34:118][  6]LogRenderer: Reallocating scene render targets to support 1204x652 Format 10 NumSamples 1 (Frame:6242).
[2018.07.27-04.26.34:216][ 11]LogRenderer: Reallocating scene render targets to support 1208x652 Format 10 NumSamples 1 (Frame:6246).
[2018.07.27-04.26.34:253][ 12]LogRenderer: Reallocating scene render targets to support 1212x652 Format 10 NumSamples 1 (Frame:6248).
[2018.07.27-04.26.34:290][ 13]LogRenderer: Reallocating scene render targets to support 1216x652 Format 10 NumSamples 1 (Frame:6250).
[2018.07.27-04.26.34:326][ 14]LogRenderer: Reallocating scene render targets to support 1220x652 Format 10 NumSamples 1 (Frame:6252).
[2018.07.27-04.26.34:448][ 22]LogRenderer: Reallocating scene render targets to support 1224x652 Format 10 NumSamples 1 (Frame:6256).
[2018.07.27-04.30.37:668][497]LogSlate: Took 0.000242 seconds to synchronously load lazily loaded font '../../../Engine/Content/Slate/Fonts/Roboto-Light.ttf' (159K)
[2018.07.27-04.30.46:680][524]Cmd: OBJ SAVEPACKAGE PACKAGE="/Game/Maps/Jungle" FILE="../../../../../../GitHub/AloneDevBR/BattleRoyal/Saved/Autosaves/Game/Maps/Jungle_Auto1.umap" SILENT=true AUTOSAVING=true KEEPDIRTY=false
[2018.07.27-04.30.46:956][524]LogSavePackage: Save=243.19ms
[2018.07.27-04.30.46:956][524]LogSavePackage: Moving '../../../../../../GitHub/AloneDevBR/BattleRoyal/Saved/Jungle_Auto17DBDE2D349AB58893699D6B4F5F5E4B3.tmp' to '../../../../../../GitHub/AloneDevBR/BattleRoyal/Saved/Autosaves/Game/Maps/Jungle_Auto1.umap'
[2018.07.27-04.30.46:965][524]LogSavePackage: Display: Finished SavePackage ../../../../../../GitHub/AloneDevBR/BattleRoyal/Saved/Autosaves/Game/Maps/Jungle_Auto1.umap
[2018.07.27-04.30.46:984][524]LogFileHelpers: Editor autosave (incl. sublevels) for '/Game/Maps/Jungle' took 0.342
[2018.07.27-04.30.46:984][524]LogFileHelpers: Editor autosave (incl. sublevels) for all levels took 0.342
[2018.07.27-04.40.37:584][177]LogTexture: Display: 텍스처 빌드: Texture2D_3 (BGRA8, 512X512)
[2018.07.27-04.46.06:789][523]Cmd: OBJ SAVEPACKAGE PACKAGE="/Game/Maps/Jungle" FILE="../../../../../../GitHub/AloneDevBR/BattleRoyal/Saved/Autosaves/Game/Maps/Jungle_Auto2.umap" SILENT=true AUTOSAVING=true KEEPDIRTY=false
[2018.07.27-04.46.06:865][523]LogTexture: Display: 텍스처 빌드: Texture2D_0 (BGRA8, 512X512)
[2018.07.27-04.46.07:216][523]LogSavePackage: Save=390.52ms
[2018.07.27-04.46.07:216][523]LogSavePackage: Moving '../../../../../../GitHub/AloneDevBR/BattleRoyal/Saved/Jungle_Auto2802264184EDF4F7FA89F24B7C65524A2.tmp' to '../../../../../../GitHub/AloneDevBR/BattleRoyal/Saved/Autosaves/Game/Maps/Jungle_Auto2.umap'
[2018.07.27-04.46.07:217][523]LogSavePackage: Display: Finished SavePackage ../../../../../../GitHub/AloneDevBR/BattleRoyal/Saved/Autosaves/Game/Maps/Jungle_Auto2.umap
[2018.07.27-04.46.07:220][523]LogFileHelpers: Editor autosave (incl. sublevels) for '/Game/Maps/Jungle' took 0.439
[2018.07.27-04.46.07:220][523]LogFileHelpers: Editor autosave (incl. sublevels) for all levels took 0.439
[2018.07.27-04.50.09:522][540]Cmd: OBJ SAVEPACKAGE PACKAGE="/Game/Maps/Jungle" FILE="../../../../../../GitHub/AloneDevBR/BattleRoyal/Content/Maps/Jungle.umap" SILENT=true AUTOSAVING=false KEEPDIRTY=false
[2018.07.27-04.50.09:591][540]LogTexture: Display: 텍스처 빌드: Texture2D_0 (BGRA8, 512X512)
[2018.07.27-04.50.09:926][540]LogSavePackage: Save=391.76ms
[2018.07.27-04.50.09:926][540]LogSavePackage: Moving '../../../../../../GitHub/AloneDevBR/BattleRoyal/Saved/Jungle20FCE06746006FB9BB2200A94B5B801A.tmp' to '../../../../../../GitHub/AloneDevBR/BattleRoyal/Content/Maps/Jungle.umap'
[2018.07.27-04.50.09:940][540]LogSavePackage: Display: Finished SavePackage ../../../../../../GitHub/AloneDevBR/BattleRoyal/Content/Maps/Jungle.umap
[2018.07.27-04.50.09:965][540]Cmd: OBJ SAVEPACKAGE PACKAGE="/Game/Maps/Jungle_BuiltData" FILE="../../../../../../GitHub/AloneDevBR/BattleRoyal/Content/Maps/Jungle_BuiltData.uasset" SILENT=true
[2018.07.27-04.50.09:974][540]LogSavePackage: Save=3.03ms
[2018.07.27-04.50.09:974][540]LogSavePackage: Moving '../../../../../../GitHub/AloneDevBR/BattleRoyal/Saved/Jungle_BuiltData80E3A7A147806845DA631AA1276AEEB3.tmp' to '../../../../../../GitHub/AloneDevBR/BattleRoyal/Content/Maps/Jungle_BuiltData.uasset'
[2018.07.27-04.50.09:975][540]LogSavePackage: Display: Finished SavePackage ../../../../../../GitHub/AloneDevBR/BattleRoyal/Content/Maps/Jungle_BuiltData.uasset
